Log file open, 12/19/18 14:07:27
LogWindows: Failed to load 'aqProf.dll' (GetLastError=126)
LogWindows: File 'aqProf.dll' does not exist
LogWindows: Failed to load 'VtuneApi.dll' (GetLastError=126)
LogWindows: File 'VtuneApi.dll' does not exist
LogWindows: Failed to load 'VtuneApi32e.dll' (GetLastError=126)
LogWindows: File 'VtuneApi32e.dll' does not exist
LogConsoleResponse: Display: Failed to find resolution value strings in scalability ini. Falling back to default.
LogInit: Display: Running engine for game: FGFPS
LogPakFile: Registered encryption key '00000000000000000000000000000000': 0 pak files mounted, 0 remain pending
LogPlatformFile: Not using cached read wrapper
LogTaskGraph: Started task graph with 5 named threads and 23 total threads with 3 sets of task threads.
LogStats: Stats thread started at 0.401363
LogD3D11RHI: Loaded GFSDK_Aftermath_Lib.x64.dll
LogICUInternationalization: ICU TimeZone Detection - Raw Offset: +1:00, Platform Override: ''
LogPluginManager: Mounting plugin Paper2D
LogPluginManager: Mounting plugin AISupport
LogPluginManager: Mounting plugin LightPropagationVolume
LogPluginManager: Mounting plugin ActorLayerUtilities
LogPluginManager: Mounting plugin CLionSourceCodeAccess
LogPluginManager: Mounting plugin CodeLiteSourceCodeAccess
LogPluginManager: Mounting plugin GitSourceControl
LogPluginManager: Mounting plugin KDevelopSourceCodeAccess
LogPluginManager: Mounting plugin NullSourceCodeAccess
LogPluginManager: Mounting plugin PerforceSourceControl
LogPluginManager: Mounting plugin SubversionSourceControl
LogPluginManager: Mounting plugin UObjectPlugin
LogPluginManager: Mounting plugin VisualStudioCodeSourceCodeAccess
LogPluginManager: Mounting plugin VisualStudioSourceCodeAccess
LogPluginManager: Mounting plugin XCodeSourceCodeAccess
LogPluginManager: Mounting plugin AssetManagerEditor
LogPluginManager: Mounting plugin CryptoKeys
LogPluginManager: Mounting plugin DataValidation
LogPluginManager: Mounting plugin FacialAnimation
LogPluginManager: Mounting plugin GameplayTagsEditor
LogPluginManager: Mounting plugin MacGraphicsSwitching
LogPluginManager: Mounting plugin MeshEditor
LogPluginManager: Mounting plugin MobileLauncherProfileWizard
LogPluginManager: Mounting plugin PluginBrowser
LogPluginManager: Mounting plugin SpeedTreeImporter
LogPluginManager: Mounting plugin DatasmithContent
LogPluginManager: Mounting plugin VariantManagerContent
LogPluginManager: Mounting plugin AlembicImporter
LogPluginManager: Mounting plugin AppleImageUtils
LogPluginManager: Mounting plugin AppleVision
LogPluginManager: Mounting plugin BackChannel
LogPluginManager: Mounting plugin CharacterAI
LogPluginManager: Mounting plugin GeometryCache
LogPluginManager: Mounting plugin HTML5Networking
LogPluginManager: Mounting plugin ProxyLODPlugin
LogPluginManager: Mounting plugin MagicLeap
LogPluginManager: Mounting plugin MagicLeapMedia
LogPluginManager: Mounting plugin AndroidMedia
LogPluginManager: Mounting plugin AvfMedia
LogPluginManager: Mounting plugin ImgMedia
LogPluginManager: Mounting plugin LinearTimecode
LogPluginManager: Mounting plugin MediaCompositing
LogPluginManager: Mounting plugin MediaPlayerEditor
LogPluginManager: Mounting plugin WebMMedia
LogPluginManager: Mounting plugin WmfMedia
LogPluginManager: Mounting plugin TcpMessaging
LogPluginManager: Mounting plugin UdpMessaging
LogPluginManager: Mounting plugin ActorSequence
LogPluginManager: Mounting plugin LevelSequenceEditor
LogPluginManager: Mounting plugin MatineeToLevelSequence
LogPluginManager: Mounting plugin NetcodeUnitTest
LogPluginManager: Mounting plugin NUTUnrealEngine4
LogPluginManager: Mounting plugin OnlineSubsystemGooglePlay
LogPluginManager: Mounting plugin OnlineSubsystemIOS
LogPluginManager: Mounting plugin OnlineSubsystem
LogPluginManager: Mounting plugin OnlineSubsystemNull
LogPluginManager: Mounting plugin OnlineSubsystemUtils
LogPluginManager: Mounting plugin LauncherChunkInstaller
LogPluginManager: Mounting plugin AndroidDeviceProfileSelector
LogPluginManager: Mounting plugin AndroidMoviePlayer
LogPluginManager: Mounting plugin AndroidPermission
LogPluginManager: Mounting plugin AppleMoviePlayer
LogPluginManager: Mounting plugin ArchVisCharacter
LogPluginManager: Mounting plugin AudioCapture
LogPluginManager: Mounting plugin CableComponent
LogPluginManager: Mounting plugin CustomMeshComponent
LogPluginManager: Mounting plugin EditableMesh
LogPluginManager: Mounting plugin ExampleDeviceProfileSelector
LogPluginManager: Mounting plugin Firebase
LogPluginManager: Mounting plugin GoogleCloudMessaging
LogPluginManager: Mounting plugin IOSDeviceProfileSelector
LogPluginManager: Mounting plugin LinuxDeviceProfileSelector
LogPluginManager: Mounting plugin LocationServicesBPLibrary
LogPluginManager: Mounting plugin MobilePatchingUtils
LogPluginManager: Mounting plugin OculusVR
LogPluginManager: Mounting plugin PhysXVehicles
LogPluginManager: Mounting plugin ProceduralMeshComponent
LogPluginManager: Mounting plugin RuntimePhysXCooking
LogPluginManager: Mounting plugin SteamVR
LogPluginManager: Mounting plugin WebMMoviePlayer
LogPluginManager: Mounting plugin WindowsMoviePlayer
LogStreaming: Display: Took  0.156s to configure plugins.
LogInit: Using libcurl 7.55.1-DEV
LogInit:  - built for x86_64-pc-win32
LogInit:  - supports SSL with OpenSSL/1.0.2h
LogInit:  - supports HTTP deflate (compression) using libz 1.2.8
LogInit:  - other features:
LogInit:      CURL_VERSION_SSL
LogInit:      CURL_VERSION_LIBZ
LogInit:      CURL_VERSION_IPV6
LogInit:      CURL_VERSION_ASYNCHDNS
LogInit:      CURL_VERSION_LARGEFILE
LogInit:      CURL_VERSION_IDN
LogInit:  CurlRequestOptions (configurable via config and command line):
LogInit:  - bVerifyPeer = true  - Libcurl will verify peer certificate
LogInit:  - bUseHttpProxy = false  - Libcurl will NOT use HTTP proxy
LogInit:  - bDontReuseConnections = false  - Libcurl will reuse connections
LogInit:  - MaxHostConnections = 16  - Libcurl will limit the number of connections to a host
LogInit:  - LocalHostAddr = Default
LogInit:  - BufferSize = 65536
LogInit: WinSock: version 1.1 (2.2), MaxSocks=32767, MaxUdp=65467
LogInit: Build: ++UE4+Release-4.21-CL-4541578
LogInit: Engine Version: 4.21.0-4541578+++UE4+Release-4.21
LogInit: Compatible Engine Version: 4.21.0-4541578+++UE4+Release-4.21
LogInit: Net CL: 4541578
LogInit: OS: Windows 10 (), CPU: Intel(R) Core(TM) i7-4770 CPU @ 3.40GHz, GPU: NVIDIA GeForce GTX 980
LogInit: Compiled (64-bit): Nov  6 2018 02:04:24
LogInit: Compiled with Visual C++: 19.13.26129.00
LogInit: Build Configuration: Development
LogInit: Branch Name: ++UE4+Release-4.21
LogInit: Command Line:  -skipcompile
LogInit: Base Directory: D:/Program Files/Epic Games/UE_4.21/Engine/Binaries/Win64/
LogInit: Installed Engine Build: 1
LogDevObjectVersion: Number of dev versions registered: 22
LogDevObjectVersion:   Dev-Blueprints (B0D832E4-1F89-4F0D-ACCF-7EB736FD4AA2): 10
LogDevObjectVersion:   Dev-Build (E1C64328-A22C-4D53-A36C-8E866417BD8C): 0
LogDevObjectVersion:   Dev-Core (375EC13C-06E4-48FB-B500-84F0262A717E): 2
LogDevObjectVersion:   Dev-Editor (E4B068ED-F494-42E9-A231-DA0B2E46BB41): 26
LogDevObjectVersion:   Dev-Framework (CFFC743F-43B0-4480-9391-14DF171D2073): 34
LogDevObjectVersion:   Dev-Mobile (B02B49B5-BB20-44E9-A304-32B752E40360): 2
LogDevObjectVersion:   Dev-Networking (A4E4105C-59A1-49B5-A7C5-40C4547EDFEE): 0
LogDevObjectVersion:   Dev-Online (39C831C9-5AE6-47DC-9A44-9C173E1C8E7C): 0
LogDevObjectVersion:   Dev-Physics (78F01B33-EBEA-4F98-B9B4-84EACCB95AA2): 0
LogDevObjectVersion:   Dev-Platform (6631380F-2D4D-43E0-8009-CF276956A95A): 0
LogDevObjectVersion:   Dev-Rendering (12F88B9F-8875-4AFC-A67C-D90C383ABD29): 27
LogDevObjectVersion:   Dev-Sequencer (7B5AE74C-D270-4C10-A958-57980B212A5A): 9
LogDevObjectVersion:   Dev-VR (D7296918-1DD6-4BDD-9DE2-64A83CC13884): 2
LogDevObjectVersion:   Dev-LoadTimes (C2A15278-BFE7-4AFE-6C17-90FF531DF755): 1
LogDevObjectVersion:   Private-Geometry (6EACA3D4-40EC-4CC1-B786-8BED09428FC5): 3
LogDevObjectVersion:   Dev-AnimPhys (29E575DD-E0A3-4627-9D10-D276232CDCEA): 17
LogDevObjectVersion:   Dev-Anim (AF43A65D-7FD3-4947-9873-3E8ED9C1BB05): 2
LogDevObjectVersion:   Dev-ReflectionCapture (6B266CEC-1EC7-4B8F-A30B-E4D90942FC07): 1
LogDevObjectVersion:   Dev-Automation (0DF73D61-A23F-47EA-B727-89E90C41499A): 1
LogDevObjectVersion:   FortniteMain (601D1886-AC64-4F84-AA16-D3DE0DEAC7D6): 17
LogDevObjectVersion:   Dev-Enterprise (9DFFBCD6-494F-0158-E221-12823C92A888): 4
LogDevObjectVersion:   Dev-Niagara (F2AED0AC-9AFE-416F-8664-AA7FFA26D6FC): 1
LogStreaming: Display: Took  0.001s to delete old logs.
LogInit: Presizing for max 8388607 objects, including 0 objects not considered by GC, pre-allocating 0 bytes for permanent pool.
LogInit: Object subsystem initialized
LogConfig: Setting CVar [[con.DebugEarlyDefault:1]]
LogConfig: Setting CVar [[r.setres:1280x720]]
[2018.12.19-13.07.28:154][  0]LogConfig: Setting CVar [[r.VSync:0]]
[2018.12.19-13.07.28:154][  0]LogConfig: Setting CVar [[r.RHICmdBypass:0]]
[2018.12.19-13.07.28:154][  0]LogConfig: Applying CVar settings from Section [/Script/Engine.RendererSettings] File [D:/Unreal Projects/FGFPSAssignment/Saved/Config/Windows/Engine.ini]
[2018.12.19-13.07.28:154][  0]LogConfig: Setting CVar [[r.GPUCrashDebugging:0]]
[2018.12.19-13.07.28:154][  0]LogConfig: Applying CVar settings from Section [/Script/Engine.RendererOverrideSettings] File [D:/Unreal Projects/FGFPSAssignment/Saved/Config/Windows/Engine.ini]
[2018.12.19-13.07.28:154][  0]LogConfig: Applying CVar settings from Section [/Script/Engine.StreamingSettings] File [D:/Unreal Projects/FGFPSAssignment/Saved/Config/Windows/Engine.ini]
[2018.12.19-13.07.28:154][  0]LogConfig: Setting CVar [[s.MinBulkDataSizeForAsyncLoading:131072]]
[2018.12.19-13.07.28:154][  0]LogConfig: Setting CVar [[s.AsyncLoadingThreadEnabled:0]]
[2018.12.19-13.07.28:154][  0]LogConfig: Setting CVar [[s.EventDrivenLoaderEnabled:1]]
[2018.12.19-13.07.28:154][  0]LogConfig: Setting CVar [[s.WarnIfTimeLimitExceeded:0]]
[2018.12.19-13.07.28:154][  0]LogConfig: Setting CVar [[s.TimeLimitExceededMultiplier:1.5]]
[2018.12.19-13.07.28:154][  0]LogConfig: Setting CVar [[s.TimeLimitExceededMinTime:0.005]]
[2018.12.19-13.07.28:154][  0]LogConfig: Setting CVar [[s.UseBackgroundLevelStreaming:1]]
[2018.12.19-13.07.28:155][  0]LogConfig: Setting CVar [[s.PriorityAsyncLoadingExtraTime:15.0]]
[2018.12.19-13.07.28:155][  0]LogConfig: Setting CVar [[s.LevelStreamingActorsUpdateTimeLimit:5.0]]
[2018.12.19-13.07.28:155][  0]LogConfig: Setting CVar [[s.PriorityLevelStreamingActorsUpdateExtraTime:5.0]]
[2018.12.19-13.07.28:155][  0]LogConfig: Setting CVar [[s.LevelStreamingComponentsRegistrationGranularity:10]]
[2018.12.19-13.07.28:155][  0]LogConfig: Setting CVar [[s.UnregisterComponentsTimeLimit:1.0]]
[2018.12.19-13.07.28:155][  0]LogConfig: Setting CVar [[s.LevelStreamingComponentsUnregistrationGranularity:5]]
[2018.12.19-13.07.28:155][  0]LogConfig: Applying CVar settings from Section [/Script/Engine.GarbageCollectionSettings] File [D:/Unreal Projects/FGFPSAssignment/Saved/Config/Windows/Engine.ini]
[2018.12.19-13.07.28:155][  0]LogConfig: Setting CVar [[gc.MaxObjectsNotConsideredByGC:1]]
[2018.12.19-13.07.28:155][  0]LogConfig: Setting CVar [[gc.SizeOfPermanentObjectPool:0]]
[2018.12.19-13.07.28:155][  0]LogConfig: Setting CVar [[gc.FlushStreamingOnGC:0]]
[2018.12.19-13.07.28:155][  0]LogConfig: Setting CVar [[gc.NumRetriesBeforeForcingGC:10]]
[2018.12.19-13.07.28:155][  0]LogConfig: Setting CVar [[gc.AllowParallelGC:1]]
[2018.12.19-13.07.28:155][  0]LogConfig: Setting CVar [[gc.TimeBetweenPurgingPendingKillObjects:61.1]]
[2018.12.19-13.07.28:155][  0]LogConfig: Setting CVar [[gc.MaxObjectsInEditor:8388607]]
[2018.12.19-13.07.28:155][  0]LogConfig: Setting CVar [[gc.IncrementalBeginDestroyEnabled:1]]
[2018.12.19-13.07.28:156][  0]LogConfig: Setting CVar [[gc.CreateGCClusters:1]]
[2018.12.19-13.07.28:156][  0]LogConfig: Setting CVar [[gc.MergeGCClusters:0]]
[2018.12.19-13.07.28:156][  0]LogConfig: Setting CVar [[gc.MinGCClusterSize:5]]
[2018.12.19-13.07.28:156][  0]LogConfig: Setting CVar [[gc.ActorClusteringEnabled:0]]
[2018.12.19-13.07.28:156][  0]LogConfig: Setting CVar [[gc.BlueprintClusteringEnabled:0]]
[2018.12.19-13.07.28:156][  0]LogConfig: Setting CVar [[gc.UseDisregardForGCOnDedicatedServers:0]]
[2018.12.19-13.07.28:156][  0]LogConfig: Applying CVar settings from Section [/Script/Engine.NetworkSettings] File [D:/Unreal Projects/FGFPSAssignment/Saved/Config/Windows/Engine.ini]
[2018.12.19-13.07.28:156][  0]LogConfig: Applying CVar settings from Section [/Script/UnrealEd.CookerSettings] File [D:/Unreal Projects/FGFPSAssignment/Saved/Config/Windows/Engine.ini]
[2018.12.19-13.07.28:168][  0]LogConfig: Applying CVar settings from Section [ViewDistanceQuality@3] File [D:/Unreal Projects/FGFPSAssignment/Saved/Config/Windows/Scalability.ini]
[2018.12.19-13.07.28:168][  0]LogConfig: Setting CVar [[r.SkeletalMeshLODBias:0]]
[2018.12.19-13.07.28:168][  0]LogConfig: Setting CVar [[r.ViewDistanceScale:1.0]]
[2018.12.19-13.07.28:168][  0]LogConfig: Applying CVar settings from Section [AntiAliasingQuality@3] File [D:/Unreal Projects/FGFPSAssignment/Saved/Config/Windows/Scalability.ini]
[2018.12.19-13.07.28:168][  0]LogConfig: Setting CVar [[r.PostProcessAAQuality:4]]
[2018.12.19-13.07.28:168][  0]LogConfig: Applying CVar settings from Section [ShadowQuality@3] File [D:/Unreal Projects/FGFPSAssignment/Saved/Config/Windows/Scalability.ini]
[2018.12.19-13.07.28:168][  0]LogConfig: Setting CVar [[r.LightFunctionQuality:1]]
[2018.12.19-13.07.28:168][  0]LogConfig: Setting CVar [[r.ShadowQuality:5]]
[2018.12.19-13.07.28:169][  0]LogConfig: Setting CVar [[r.Shadow.CSM.MaxCascades:10]]
[2018.12.19-13.07.28:169][  0]LogConfig: Setting CVar [[r.Shadow.MaxResolution:2048]]
[2018.12.19-13.07.28:169][  0]LogConfig: Setting CVar [[r.Shadow.MaxCSMResolution:2048]]
[2018.12.19-13.07.28:169][  0]LogConfig: Setting CVar [[r.Shadow.RadiusThreshold:0.01]]
[2018.12.19-13.07.28:169][  0]LogConfig: Setting CVar [[r.Shadow.DistanceScale:1.0]]
[2018.12.19-13.07.28:169][  0]LogConfig: Setting CVar [[r.Shadow.CSM.TransitionScale:1.0]]
[2018.12.19-13.07.28:169][  0]LogConfig: Setting CVar [[r.Shadow.PreShadowResolutionFactor:1.0]]
[2018.12.19-13.07.28:169][  0]LogConfig: Setting CVar [[r.DistanceFieldShadowing:1]]
[2018.12.19-13.07.28:169][  0]LogConfig: Setting CVar [[r.DistanceFieldAO:1]]
[2018.12.19-13.07.28:169][  0]LogConfig: Setting CVar [[r.AOQuality:2]]
[2018.12.19-13.07.28:169][  0]LogConfig: Setting CVar [[r.VolumetricFog:1]]
[2018.12.19-13.07.28:169][  0]LogConfig: Setting CVar [[r.VolumetricFog.GridPixelSize:8]]
[2018.12.19-13.07.28:169][  0]LogConfig: Setting CVar [[r.VolumetricFog.GridSizeZ:128]]
[2018.12.19-13.07.28:170][  0]LogConfig: Setting CVar [[r.VolumetricFog.HistoryMissSupersampleCount:4]]
[2018.12.19-13.07.28:170][  0]LogConfig: Setting CVar [[r.LightMaxDrawDistanceScale:1]]
[2018.12.19-13.07.28:170][  0]LogConfig: Setting CVar [[r.CapsuleShadows:1]]
[2018.12.19-13.07.28:170][  0]LogConfig: Applying CVar settings from Section [PostProcessQuality@3] File [D:/Unreal Projects/FGFPSAssignment/Saved/Config/Windows/Scalability.ini]
[2018.12.19-13.07.28:170][  0]LogConfig: Setting CVar [[r.MotionBlurQuality:4]]
[2018.12.19-13.07.28:170][  0]LogConfig: Setting CVar [[r.AmbientOcclusionMipLevelFactor:0.4]]
[2018.12.19-13.07.28:170][  0]LogConfig: Setting CVar [[r.AmbientOcclusionMaxQuality:100]]
[2018.12.19-13.07.28:170][  0]LogConfig: Setting CVar [[r.AmbientOcclusionLevels:-1]]
[2018.12.19-13.07.28:170][  0]LogConfig: Setting CVar [[r.AmbientOcclusionRadiusScale:1.0]]
[2018.12.19-13.07.28:170][  0]LogConfig: Setting CVar [[r.DepthOfFieldQuality:2]]
[2018.12.19-13.07.28:170][  0]LogConfig: Setting CVar [[r.RenderTargetPoolMin:400]]
[2018.12.19-13.07.28:170][  0]LogConfig: Setting CVar [[r.LensFlareQuality:2]]
[2018.12.19-13.07.28:171][  0]LogConfig: Setting CVar [[r.SceneColorFringeQuality:1]]
[2018.12.19-13.07.28:171][  0]LogConfig: Setting CVar [[r.EyeAdaptationQuality:2]]
[2018.12.19-13.07.28:171][  0]LogConfig: Setting CVar [[r.BloomQuality:5]]
[2018.12.19-13.07.28:171][  0]LogConfig: Setting CVar [[r.FastBlurThreshold:100]]
[2018.12.19-13.07.28:171][  0]LogConfig: Setting CVar [[r.Upscale.Quality:3]]
[2018.12.19-13.07.28:171][  0]LogConfig: Setting CVar [[r.Tonemapper.GrainQuantization:1]]
[2018.12.19-13.07.28:171][  0]LogConfig: Setting CVar [[r.LightShaftQuality:1]]
[2018.12.19-13.07.28:171][  0]LogConfig: Setting CVar [[r.Filter.SizeScale:1]]
[2018.12.19-13.07.28:171][  0]LogConfig: Setting CVar [[r.Tonemapper.Quality:5]]
[2018.12.19-13.07.28:171][  0]LogConfig: Setting CVar [[r.DOF.Gather.AccumulatorQuality:1        ; higher gathering accumulator quality]]
[2018.12.19-13.07.28:171][  0]LogConfig: Setting CVar [[r.DOF.Gather.PostfilterMethod:1          ; Median3x3 postfilering method]]
[2018.12.19-13.07.28:171][  0]LogConfig: Setting CVar [[r.DOF.Gather.EnableBokehSettings:0       ; no bokeh simulation when gathering]]
[2018.12.19-13.07.28:171][  0]LogConfig: Setting CVar [[r.DOF.Gather.RingCount:4                 ; medium number of samples when gathering]]
[2018.12.19-13.07.28:171][  0]LogConfig: Setting CVar [[r.DOF.Scatter.ForegroundCompositing:1    ; additive foreground scattering]]
[2018.12.19-13.07.28:171][  0]LogConfig: Setting CVar [[r.DOF.Scatter.BackgroundCompositing:2    ; additive background scattering]]
[2018.12.19-13.07.28:172][  0]LogConfig: Setting CVar [[r.DOF.Scatter.EnableBokehSettings:1      ; bokeh simulation when scattering]]
[2018.12.19-13.07.28:172][  0]LogConfig: Setting CVar [[r.DOF.Scatter.MaxSpriteRatio:0.1         ; only a maximum of 10% of scattered bokeh]]
[2018.12.19-13.07.28:172][  0]LogConfig: Setting CVar [[r.DOF.Recombine.Quality:1                ; cheap slight out of focus]]
[2018.12.19-13.07.28:172][  0]LogConfig: Setting CVar [[r.DOF.Recombine.EnableBokehSettings:0    ; no bokeh simulation on slight out of focus]]
[2018.12.19-13.07.28:172][  0]LogConfig: Setting CVar [[r.DOF.TemporalAAQuality:1                ; more stable temporal accumulation]]
[2018.12.19-13.07.28:172][  0]LogConfig: Setting CVar [[r.DOF.Kernel.MaxForegroundRadius:0.025]]
[2018.12.19-13.07.28:172][  0]LogConfig: Setting CVar [[r.DOF.Kernel.MaxBackgroundRadius:0.025]]
[2018.12.19-13.07.28:172][  0]LogConfig: Applying CVar settings from Section [TextureQuality@3] File [D:/Unreal Projects/FGFPSAssignment/Saved/Config/Windows/Scalability.ini]
[2018.12.19-13.07.28:172][  0]LogConfig: Setting CVar [[r.Streaming.MipBias:0]]
[2018.12.19-13.07.28:172][  0]LogConfig: Setting CVar [[r.Streaming.AmortizeCPUToGPUCopy:0]]
[2018.12.19-13.07.28:172][  0]LogConfig: Setting CVar [[r.Streaming.MaxNumTexturesToStreamPerFrame:0]]
[2018.12.19-13.07.28:172][  0]LogConfig: Setting CVar [[r.Streaming.Boost:1]]
[2018.12.19-13.07.28:172][  0]LogConfig: Setting CVar [[r.MaxAnisotropy:8]]
[2018.12.19-13.07.28:172][  0]LogConfig: Setting CVar [[r.Streaming.LimitPoolSizeToVRAM:0]]
[2018.12.19-13.07.28:173][  0]LogConfig: Setting CVar [[r.Streaming.PoolSize:1000]]
[2018.12.19-13.07.28:173][  0]LogConfig: Setting CVar [[r.Streaming.MaxEffectiveScreenSize:0]]
[2018.12.19-13.07.28:173][  0]LogConfig: Applying CVar settings from Section [EffectsQuality@3] File [D:/Unreal Projects/FGFPSAssignment/Saved/Config/Windows/Scalability.ini]
[2018.12.19-13.07.28:173][  0]LogConfig: Setting CVar [[r.TranslucencyLightingVolumeDim:64]]
[2018.12.19-13.07.28:173][  0]LogConfig: Setting CVar [[r.RefractionQuality:2]]
[2018.12.19-13.07.28:173][  0]LogConfig: Setting CVar [[r.SSR.Quality:3]]
[2018.12.19-13.07.28:173][  0]LogConfig: Setting CVar [[r.SceneColorFormat:4]]
[2018.12.19-13.07.28:173][  0]LogConfig: Setting CVar [[r.DetailMode:2]]
[2018.12.19-13.07.28:173][  0]LogConfig: Setting CVar [[r.TranslucencyVolumeBlur:1]]
[2018.12.19-13.07.28:173][  0]LogConfig: Setting CVar [[r.MaterialQualityLevel:1 ; High quality]]
[2018.12.19-13.07.28:173][  0]LogConfig: Setting CVar [[r.SSS.Scale:1]]
[2018.12.19-13.07.28:173][  0]LogConfig: Setting CVar [[r.SSS.SampleSet:2]]
[2018.12.19-13.07.28:173][  0]LogConfig: Setting CVar [[r.SSS.Quality:1]]
[2018.12.19-13.07.28:173][  0]LogConfig: Setting CVar [[r.SSS.HalfRes:1]]
[2018.12.19-13.07.28:173][  0]LogConfig: Setting CVar [[r.EmitterSpawnRateScale:1.0]]
[2018.12.19-13.07.28:174][  0]LogConfig: Setting CVar [[r.ParticleLightQuality:2]]
[2018.12.19-13.07.28:174][  0]LogConfig: Applying CVar settings from Section [FoliageQuality@3] File [D:/Unreal Projects/FGFPSAssignment/Saved/Config/Windows/Scalability.ini]
[2018.12.19-13.07.28:174][  0]LogConfig: Setting CVar [[foliage.DensityScale:1.0]]
[2018.12.19-13.07.28:174][  0]LogConfig: Setting CVar [[grass.DensityScale:1.0]]
[2018.12.19-13.07.28:174][  0]LogInit: Selected Device Profile: [Windows]
[2018.12.19-13.07.28:174][  0]LogInit: Applying CVar settings loaded from the selected device profile: [Windows]
[2018.12.19-13.07.28:184][  0]LogHAL: Display: Platform has ~ 16 GB [17033854976 / 17179869184 / 16], which maps to Larger [LargestMinGB=32, LargerMinGB=12, DefaultMinGB=8, SmallerMinGB=6, SmallestMinGB=0)
[2018.12.19-13.07.28:184][  0]LogConfig: Setting CVar [[r.Vulkan.UseRealUBs:1]]
[2018.12.19-13.07.28:184][  0]LogInit: Going up to parent DeviceProfile []
[2018.12.19-13.07.28:184][  0]LogConfig: Applying CVar settings from Section [ViewDistanceQuality@3] File [D:/Unreal Projects/FGFPSAssignment/Saved/Config/Windows/Scalability.ini]
[2018.12.19-13.07.28:185][  0]LogConfig: Setting CVar [[r.SkeletalMeshLODBias:0]]
[2018.12.19-13.07.28:185][  0]LogConfig: Setting CVar [[r.ViewDistanceScale:1.0]]
[2018.12.19-13.07.28:185][  0]LogConfig: Applying CVar settings from Section [AntiAliasingQuality@3] File [D:/Unreal Projects/FGFPSAssignment/Saved/Config/Windows/Scalability.ini]
[2018.12.19-13.07.28:185][  0]LogConfig: Setting CVar [[r.PostProcessAAQuality:4]]
[2018.12.19-13.07.28:185][  0]LogConfig: Applying CVar settings from Section [ShadowQuality@3] File [D:/Unreal Projects/FGFPSAssignment/Saved/Config/Windows/Scalability.ini]
[2018.12.19-13.07.28:185][  0]LogConfig: Setting CVar [[r.LightFunctionQuality:1]]
[2018.12.19-13.07.28:185][  0]LogConfig: Setting CVar [[r.ShadowQuality:5]]
[2018.12.19-13.07.28:185][  0]LogConfig: Setting CVar [[r.Shadow.CSM.MaxCascades:10]]
[2018.12.19-13.07.28:185][  0]LogConfig: Setting CVar [[r.Shadow.MaxResolution:2048]]
[2018.12.19-13.07.28:185][  0]LogConfig: Setting CVar [[r.Shadow.MaxCSMResolution:2048]]
[2018.12.19-13.07.28:185][  0]LogConfig: Setting CVar [[r.Shadow.RadiusThreshold:0.01]]
[2018.12.19-13.07.28:185][  0]LogConfig: Setting CVar [[r.Shadow.DistanceScale:1.0]]
[2018.12.19-13.07.28:185][  0]LogConfig: Setting CVar [[r.Shadow.CSM.TransitionScale:1.0]]
[2018.12.19-13.07.28:185][  0]LogConfig: Setting CVar [[r.Shadow.PreShadowResolutionFactor:1.0]]
[2018.12.19-13.07.28:186][  0]LogConfig: Setting CVar [[r.DistanceFieldShadowing:1]]
[2018.12.19-13.07.28:186][  0]LogConfig: Setting CVar [[r.DistanceFieldAO:1]]
[2018.12.19-13.07.28:186][  0]LogConfig: Setting CVar [[r.AOQuality:2]]
[2018.12.19-13.07.28:186][  0]LogConfig: Setting CVar [[r.VolumetricFog:1]]
[2018.12.19-13.07.28:186][  0]LogConfig: Setting CVar [[r.VolumetricFog.GridPixelSize:8]]
[2018.12.19-13.07.28:186][  0]LogConfig: Setting CVar [[r.VolumetricFog.GridSizeZ:128]]
[2018.12.19-13.07.28:186][  0]LogConfig: Setting CVar [[r.VolumetricFog.HistoryMissSupersampleCount:4]]
[2018.12.19-13.07.28:186][  0]LogConfig: Setting CVar [[r.LightMaxDrawDistanceScale:1]]
[2018.12.19-13.07.28:186][  0]LogConfig: Setting CVar [[r.CapsuleShadows:1]]
[2018.12.19-13.07.28:186][  0]LogConfig: Applying CVar settings from Section [PostProcessQuality@3] File [D:/Unreal Projects/FGFPSAssignment/Saved/Config/Windows/Scalability.ini]
[2018.12.19-13.07.28:186][  0]LogConfig: Setting CVar [[r.MotionBlurQuality:4]]
[2018.12.19-13.07.28:186][  0]LogConfig: Setting CVar [[r.AmbientOcclusionMipLevelFactor:0.4]]
[2018.12.19-13.07.28:186][  0]LogConfig: Setting CVar [[r.AmbientOcclusionMaxQuality:100]]
[2018.12.19-13.07.28:186][  0]LogConfig: Setting CVar [[r.AmbientOcclusionLevels:-1]]
[2018.12.19-13.07.28:186][  0]LogConfig: Setting CVar [[r.AmbientOcclusionRadiusScale:1.0]]
[2018.12.19-13.07.28:186][  0]LogConfig: Setting CVar [[r.DepthOfFieldQuality:2]]
[2018.12.19-13.07.28:187][  0]LogConfig: Setting CVar [[r.RenderTargetPoolMin:400]]
[2018.12.19-13.07.28:187][  0]LogConfig: Setting CVar [[r.LensFlareQuality:2]]
[2018.12.19-13.07.28:187][  0]LogConfig: Setting CVar [[r.SceneColorFringeQuality:1]]
[2018.12.19-13.07.28:187][  0]LogConfig: Setting CVar [[r.EyeAdaptationQuality:2]]
[2018.12.19-13.07.28:187][  0]LogConfig: Setting CVar [[r.BloomQuality:5]]
[2018.12.19-13.07.28:187][  0]LogConfig: Setting CVar [[r.FastBlurThreshold:100]]
[2018.12.19-13.07.28:187][  0]LogConfig: Setting CVar [[r.Upscale.Quality:3]]
[2018.12.19-13.07.28:187][  0]LogConfig: Setting CVar [[r.Tonemapper.GrainQuantization:1]]
[2018.12.19-13.07.28:187][  0]LogConfig: Setting CVar [[r.LightShaftQuality:1]]
[2018.12.19-13.07.28:187][  0]LogConfig: Setting CVar [[r.Filter.SizeScale:1]]
[2018.12.19-13.07.28:187][  0]LogConfig: Setting CVar [[r.Tonemapper.Quality:5]]
[2018.12.19-13.07.28:187][  0]LogConfig: Setting CVar [[r.DOF.Gather.AccumulatorQuality:1        ; higher gathering accumulator quality]]
[2018.12.19-13.07.28:187][  0]LogConfig: Setting CVar [[r.DOF.Gather.PostfilterMethod:1          ; Median3x3 postfilering method]]
[2018.12.19-13.07.28:187][  0]LogConfig: Setting CVar [[r.DOF.Gather.EnableBokehSettings:0       ; no bokeh simulation when gathering]]
[2018.12.19-13.07.28:187][  0]LogConfig: Setting CVar [[r.DOF.Gather.RingCount:4                 ; medium number of samples when gathering]]
[2018.12.19-13.07.28:187][  0]LogConfig: Setting CVar [[r.DOF.Scatter.ForegroundCompositing:1    ; additive foreground scattering]]
[2018.12.19-13.07.28:187][  0]LogConfig: Setting CVar [[r.DOF.Scatter.BackgroundCompositing:2    ; additive background scattering]]
[2018.12.19-13.07.28:187][  0]LogConfig: Setting CVar [[r.DOF.Scatter.EnableBokehSettings:1      ; bokeh simulation when scattering]]
[2018.12.19-13.07.28:188][  0]LogConfig: Setting CVar [[r.DOF.Scatter.MaxSpriteRatio:0.1         ; only a maximum of 10% of scattered bokeh]]
[2018.12.19-13.07.28:188][  0]LogConfig: Setting CVar [[r.DOF.Recombine.Quality:1                ; cheap slight out of focus]]
[2018.12.19-13.07.28:188][  0]LogConfig: Setting CVar [[r.DOF.Recombine.EnableBokehSettings:0    ; no bokeh simulation on slight out of focus]]
[2018.12.19-13.07.28:188][  0]LogConfig: Setting CVar [[r.DOF.TemporalAAQuality:1                ; more stable temporal accumulation]]
[2018.12.19-13.07.28:188][  0]LogConfig: Setting CVar [[r.DOF.Kernel.MaxForegroundRadius:0.025]]
[2018.12.19-13.07.28:188][  0]LogConfig: Setting CVar [[r.DOF.Kernel.MaxBackgroundRadius:0.025]]
[2018.12.19-13.07.28:188][  0]LogConfig: Applying CVar settings from Section [TextureQuality@3] File [D:/Unreal Projects/FGFPSAssignment/Saved/Config/Windows/Scalability.ini]
[2018.12.19-13.07.28:188][  0]LogConfig: Setting CVar [[r.Streaming.MipBias:0]]
[2018.12.19-13.07.28:188][  0]LogConfig: Setting CVar [[r.Streaming.AmortizeCPUToGPUCopy:0]]
[2018.12.19-13.07.28:188][  0]LogConfig: Setting CVar [[r.Streaming.MaxNumTexturesToStreamPerFrame:0]]
[2018.12.19-13.07.28:188][  0]LogConfig: Setting CVar [[r.Streaming.Boost:1]]
[2018.12.19-13.07.28:188][  0]LogConfig: Setting CVar [[r.MaxAnisotropy:8]]
[2018.12.19-13.07.28:188][  0]LogConfig: Setting CVar [[r.Streaming.LimitPoolSizeToVRAM:0]]
[2018.12.19-13.07.28:188][  0]LogConfig: Setting CVar [[r.Streaming.PoolSize:1000]]
[2018.12.19-13.07.28:188][  0]LogConfig: Setting CVar [[r.Streaming.MaxEffectiveScreenSize:0]]
[2018.12.19-13.07.28:189][  0]LogConfig: Applying CVar settings from Section [EffectsQuality@3] File [D:/Unreal Projects/FGFPSAssignment/Saved/Config/Windows/Scalability.ini]
[2018.12.19-13.07.28:189][  0]LogConfig: Setting CVar [[r.TranslucencyLightingVolumeDim:64]]
[2018.12.19-13.07.28:189][  0]LogConfig: Setting CVar [[r.RefractionQuality:2]]
[2018.12.19-13.07.28:189][  0]LogConfig: Setting CVar [[r.SSR.Quality:3]]
[2018.12.19-13.07.28:189][  0]LogConfig: Setting CVar [[r.SceneColorFormat:4]]
[2018.12.19-13.07.28:189][  0]LogConfig: Setting CVar [[r.DetailMode:2]]
[2018.12.19-13.07.28:189][  0]LogConfig: Setting CVar [[r.TranslucencyVolumeBlur:1]]
[2018.12.19-13.07.28:189][  0]LogConfig: Setting CVar [[r.MaterialQualityLevel:1 ; High quality]]
[2018.12.19-13.07.28:189][  0]LogConfig: Setting CVar [[r.SSS.Scale:1]]
[2018.12.19-13.07.28:189][  0]LogConfig: Setting CVar [[r.SSS.SampleSet:2]]
[2018.12.19-13.07.28:189][  0]LogConfig: Setting CVar [[r.SSS.Quality:1]]
[2018.12.19-13.07.28:189][  0]LogConfig: Setting CVar [[r.SSS.HalfRes:1]]
[2018.12.19-13.07.28:189][  0]LogConfig: Setting CVar [[r.EmitterSpawnRateScale:1.0]]
[2018.12.19-13.07.28:189][  0]LogConfig: Setting CVar [[r.ParticleLightQuality:2]]
[2018.12.19-13.07.28:189][  0]LogConfig: Applying CVar settings from Section [FoliageQuality@3] File [D:/Unreal Projects/FGFPSAssignment/Saved/Config/Windows/Scalability.ini]
[2018.12.19-13.07.28:190][  0]LogConfig: Setting CVar [[foliage.DensityScale:1.0]]
[2018.12.19-13.07.28:190][  0]LogConfig: Setting CVar [[grass.DensityScale:1.0]]
[2018.12.19-13.07.28:190][  0]LogConfig: Applying CVar settings from Section [Startup] File [../../../Engine/Config/ConsoleVariables.ini]
[2018.12.19-13.07.28:190][  0]LogConfig: Setting CVar [[net.UseAdaptiveNetUpdateFrequency:0]]
[2018.12.19-13.07.28:190][  0]LogConfig: Applying CVar settings from Section [ConsoleVariables] File [D:/Unreal Projects/FGFPSAssignment/Saved/Config/Windows/Engine.ini]
[2018.12.19-13.07.28:190][  0]LogInit: Computer: DESKTOP-PPR4C01
[2018.12.19-13.07.28:190][  0]LogInit: User: Mextrin
[2018.12.19-13.07.28:191][  0]LogInit: CPU Page size=4096, Cores=4
[2018.12.19-13.07.28:191][  0]LogInit: High frequency timer resolution =3.320309 MHz
[2018.12.19-13.07.28:191][  0]LogMemory: Memory total: Physical=15.9GB (16GB approx)
[2018.12.19-13.07.28:191][  0]LogMemory: Platform Memory Stats for Windows
[2018.12.19-13.07.28:191][  0]LogMemory: Process Physical Memory: 102.68 MB used, 102.68 MB peak
[2018.12.19-13.07.28:191][  0]LogMemory: Process Virtual Memory: 92.02 MB used, 92.02 MB peak
[2018.12.19-13.07.28:191][  0]LogMemory: Physical Memory: 8082.72 MB used,  8162.03 MB free, 16244.75 MB total
[2018.12.19-13.07.28:191][  0]LogMemory: Virtual Memory: 4652.57 MB used,  134213072.00 MB free, 134217728.00 MB total
[2018.12.19-13.07.28:336][  0]LogInit: Using OS detected language (en-US).
[2018.12.19-13.07.28:336][  0]LogInit: Using OS detected locale (en-US).
[2018.12.19-13.07.28:337][  0]LogTextLocalizationManager: No specific localization for 'en-US' exists, so the 'en' localization will be used.
[2018.12.19-13.07.28:773][  0]LogStreaming: Display: Took  0.437s to InitEngineTextLocalization.
[2018.12.19-13.07.28:773][  0]LogInit: Setting process to per monitor DPI aware
[2018.12.19-13.07.28:858][  0]LogSlate: New Slate User Created.  User Index 0, Is Virtual User: 0
[2018.12.19-13.07.28:858][  0]LogSlate: Slate User Registered.  User Index 0, Is Virtual User: 0
[2018.12.19-13.07.33:496][  0]LogD3D11RHI: D3D11 adapters:
[2018.12.19-13.07.33:582][  0]LogD3D11RHI:    0. 'NVIDIA GeForce GTX 980' (Feature Level 11_0)
[2018.12.19-13.07.33:582][  0]LogD3D11RHI:       4053/0/8122 MB DedicatedVideo/DedicatedSystem/SharedSystem, Outputs:2, VendorId:0x10de
[2018.12.19-13.07.33:599][  0]LogD3D11RHI:    1. 'Intel(R) HD Graphics 4600' (Feature Level 11_0)
[2018.12.19-13.07.33:599][  0]LogD3D11RHI:       112/0/2048 MB DedicatedVideo/DedicatedSystem/SharedSystem, Outputs:0, VendorId:0x8086
[2018.12.19-13.07.33:605][  0]LogD3D11RHI:    2. 'Microsoft Basic Render Driver' (Feature Level 11_0)
[2018.12.19-13.07.33:606][  0]LogD3D11RHI:       0/0/8122 MB DedicatedVideo/DedicatedSystem/SharedSystem, Outputs:0, VendorId:0x1414
[2018.12.19-13.07.33:606][  0]LogD3D11RHI: Chosen D3D11 Adapter: 0
[2018.12.19-13.07.33:618][  0]LogD3D11RHI: Creating new Direct3DDevice
[2018.12.19-13.07.33:619][  0]LogD3D11RHI:     GPU DeviceId: 0x13c0 (for the marketing name, search the web for "GPU Device Id")
[2018.12.19-13.07.33:619][  0]LogWindows: EnumDisplayDevices:
[2018.12.19-13.07.33:619][  0]LogWindows:    0. 'NVIDIA GeForce GTX 980' (P:0 D:1)
[2018.12.19-13.07.33:619][  0]LogWindows:    1. 'NVIDIA GeForce GTX 980' (P:1 D:1)
[2018.12.19-13.07.33:620][  0]LogWindows:    2. 'NVIDIA GeForce GTX 980' (P:0 D:0)
[2018.12.19-13.07.33:620][  0]LogWindows:    3. 'NVIDIA GeForce GTX 980' (P:0 D:0)
[2018.12.19-13.07.33:621][  0]LogWindows:    4. 'Intel(R) HD Graphics 4600' (P:0 D:0)
[2018.12.19-13.07.33:622][  0]LogWindows:    5. 'Intel(R) HD Graphics 4600' (P:0 D:0)
[2018.12.19-13.07.33:622][  0]LogWindows:    6. 'Intel(R) HD Graphics 4600' (P:0 D:0)
[2018.12.19-13.07.33:623][  0]LogWindows: DebugString: PrimaryIsNotTheChoosenAdapter PrimaryIsNotTheChoosenAdapter PrimaryIsNotTheChoosenAdapter FoundDriverCount:4 
[2018.12.19-13.07.33:623][  0]LogD3D11RHI:     Adapter Name: NVIDIA GeForce GTX 980
[2018.12.19-13.07.33:623][  0]LogD3D11RHI:   Driver Version: 411.70 (internal:24.21.14.1170, unified:411.70)
[2018.12.19-13.07.33:623][  0]LogD3D11RHI:      Driver Date: 9-25-2018
[2018.12.19-13.07.33:623][  0]LogRHI: Texture pool is 2837 MB (70% of 4053 MB)
[2018.12.19-13.07.33:675][  0]LogD3D11RHI: Async texture creation enabled
[2018.12.19-13.07.33:699][  0]LogD3D11RHI: GPU Timing Frequency: 1000.000000 (Debug: 2 2)
[2018.12.19-13.07.34:242][  0]LogTemp: Display: Loaded TP AllDesktopTargetPlatform
[2018.12.19-13.07.34:265][  0]LogTemp: Display: Loaded TP MacClientTargetPlatform
[2018.12.19-13.07.34:284][  0]LogTemp: Display: Loaded TP MacNoEditorTargetPlatform
[2018.12.19-13.07.34:303][  0]LogTemp: Display: Loaded TP MacServerTargetPlatform
[2018.12.19-13.07.34:322][  0]LogTemp: Display: Loaded TP MacTargetPlatform
[2018.12.19-13.07.34:341][  0]LogTemp: Display: Loaded TP WindowsClientTargetPlatform
[2018.12.19-13.07.34:362][  0]LogTemp: Display: Loaded TP WindowsNoEditorTargetPlatform
[2018.12.19-13.07.34:384][  0]LogTemp: Display: Loaded TP WindowsServerTargetPlatform
[2018.12.19-13.07.34:399][  0]LogTemp: Display: Loaded TP WindowsTargetPlatform
[2018.12.19-13.07.34:488][  0]LogTemp: Display: Loaded TP AndroidTargetPlatform
[2018.12.19-13.07.34:488][  0]LogTemp: Display: Loaded TP AndroidTargetPlatform
[2018.12.19-13.07.34:488][  0]LogTemp: Display: Loaded TP AndroidTargetPlatform
[2018.12.19-13.07.34:488][  0]LogTemp: Display: Loaded TP AndroidTargetPlatform
[2018.12.19-13.07.34:488][  0]LogTemp: Display: Loaded TP AndroidTargetPlatform
[2018.12.19-13.07.34:488][  0]LogTemp: Display: Loaded TP AndroidTargetPlatform
[2018.12.19-13.07.34:488][  0]LogTemp: Display: Loaded TP AndroidTargetPlatform
[2018.12.19-13.07.34:488][  0]LogTemp: Display: Loaded TP AndroidTargetPlatform
[2018.12.19-13.07.34:488][  0]LogTemp: Display: Loaded TP AndroidTargetPlatform
[2018.12.19-13.07.34:488][  0]LogTemp: Display: Loaded TP AndroidTargetPlatform
[2018.12.19-13.07.34:488][  0]LogTemp: Display: Loaded TP AndroidTargetPlatform
[2018.12.19-13.07.34:488][  0]LogTemp: Display: Loaded TP AndroidTargetPlatform
[2018.12.19-13.07.34:489][  0]LogTemp: Display: Loaded TP AndroidTargetPlatform
[2018.12.19-13.07.34:489][  0]LogTemp: Display: Loaded TP AndroidTargetPlatform
[2018.12.19-13.07.34:489][  0]LogTemp: Display: Loaded TP AndroidTargetPlatform
[2018.12.19-13.07.34:489][  0]LogTemp: Display: Loaded TP AndroidTargetPlatform
[2018.12.19-13.07.34:489][  0]LogTemp: Display: Loaded TP AndroidTargetPlatform
[2018.12.19-13.07.34:489][  0]LogTemp: Display: Loaded TP AndroidTargetPlatform
[2018.12.19-13.07.34:495][  0]LogTemp: Display: Loaded TP HTML5TargetPlatform
[2018.12.19-13.07.34:575][  0]LogTemp: Display: Loaded TP IOSTargetPlatform
[2018.12.19-13.07.34:575][  0]LogTemp: Display: Loaded TP IOSTargetPlatform
[2018.12.19-13.07.34:606][  0]LogTemp: Display: Loaded TP TVOSTargetPlatform
[2018.12.19-13.07.34:606][  0]LogTemp: Display: Loaded TP TVOSTargetPlatform
[2018.12.19-13.07.34:624][  0]LogTemp: Display: Loaded TP LinuxClientTargetPlatform
[2018.12.19-13.07.34:642][  0]LogTemp: Display: Loaded TP LinuxNoEditorTargetPlatform
[2018.12.19-13.07.34:661][  0]LogTemp: Display: Loaded TP LinuxServerTargetPlatform
[2018.12.19-13.07.34:680][  0]LogTemp: Display: Loaded TP LinuxTargetPlatform
[2018.12.19-13.07.34:735][  0]LogTemp: Display: Loaded TP LuminTargetPlatform
[2018.12.19-13.07.34:735][  0]LogTemp: Display: Loaded TP LuminTargetPlatform
[2018.12.19-13.07.34:735][  0]LogTargetPlatformManager: Display: Building Assets For Windows
[2018.12.19-13.07.34:942][  0]LogShaderCompilers: Guid format shader working directory is -2 characters bigger than the processId version (../../../../../../Unreal Projects/FGFPSAssignment/Intermediate/Shaders/WorkingDirectory/13752/).
[2018.12.19-13.07.34:942][  0]LogShaderCompilers: Cleaned the shader compiler working directory 'C:/Users/Mextrin/AppData/Local/Temp/UnrealShaderWorkingDir/E45B4DD54B199411E98ECEBA3A1F003C/'.
[2018.12.19-13.07.34:945][  0]LogXGEController: Cleaning working directory: C:/Users/Mextrin/AppData/Local/Temp/UnrealXGEWorkingDir/
[2018.12.19-13.07.34:945][  0]LogXGEController: Cannot use XGE Controller as Incredibuild is not installed on this machine.
[2018.12.19-13.07.34:946][  0]LogShaderCompilers: Cannot use XGE Shader Compiler as Incredibuild is not installed on this machine.
[2018.12.19-13.07.34:946][  0]LogShaderCompilers: Display: Using Local Shader Compiler.
[2018.12.19-13.07.35:556][  0]LogDerivedDataCache: Display: Max Cache Size: 512 MB
[2018.12.19-13.07.35:646][  0]LogDerivedDataCache: Loaded boot cache 0.09s 71MB C:/Users/Mextrin/AppData/Local/UnrealEngine/4.21/DerivedDataCache/Boot.ddc.
[2018.12.19-13.07.35:646][  0]LogDerivedDataCache: Display: Loaded Boot cache: C:/Users/Mextrin/AppData/Local/UnrealEngine/4.21/DerivedDataCache/Boot.ddc
[2018.12.19-13.07.35:646][  0]LogDerivedDataCache: FDerivedDataBackendGraph:  Pak pak cache file ../../../../../../Unreal Projects/FGFPSAssignment/DerivedDataCache/DDC.ddp not found, will not use a pak cache.
[2018.12.19-13.07.35:646][  0]LogDerivedDataCache: Unable to find inner node Pak for hierarchical cache Hierarchy.
[2018.12.19-13.07.35:646][  0]LogDerivedDataCache: FDerivedDataBackendGraph:  CompressedPak pak cache file ../../../../../../Unreal Projects/FGFPSAssignment/DerivedDataCache/Compressed.ddp not found, will not use a pak cache.
[2018.12.19-13.07.35:646][  0]LogDerivedDataCache: Unable to find inner node CompressedPak for hierarchical cache Hierarchy.
[2018.12.19-13.07.35:663][  0]LogDerivedDataCache: Display: Pak cache opened for reading ../../../Engine/DerivedDataCache/Compressed.ddp.
[2018.12.19-13.07.35:663][  0]LogDerivedDataCache: FDerivedDataBackendGraph:  EnterprisePak pak cache file ../../../Enterprise/DerivedDataCache/Compressed.ddp not found, will not use a pak cache.
[2018.12.19-13.07.35:663][  0]LogDerivedDataCache: Unable to find inner node EnterprisePak for hierarchical cache Hierarchy.
[2018.12.19-13.07.35:676][  0]LogDerivedDataCache: Using Local data cache path C:/Users/Mextrin/AppData/Local/UnrealEngine/Common/DerivedDataCache: Writable
[2018.12.19-13.07.35:676][  0]LogDerivedDataCache: Shared data cache path not found in *engine.ini, will not use an Shared cache.
[2018.12.19-13.07.35:676][  0]LogDerivedDataCache: Unable to find inner node Shared for hierarchical cache Hierarchy.
[2018.12.19-13.07.35:700][  0]LogMaterial: Verifying Global Shaders for PCD3D_SM5
[2018.12.19-13.07.35:702][  0]LogSlate: Using FreeType 2.6.0
[2018.12.19-13.07.35:703][  0]LogSlate: SlateFontServices - WITH_FREETYPE: 1, WITH_HARFBUZZ: 1
[2018.12.19-13.07.35:822][  0]LogAssetRegistry: FAssetRegistry took 0.0396 seconds to start up
[2018.12.19-13.07.36:075][  0]LogCollisionProfile: Warning: Profile (Trigger) - Custom Channel Name = 'Projectile' hasn't been found
[2018.12.19-13.07.36:075][  0]LogCollisionProfile: Warning: Profile (Interaction) - Custom Channel Name = 'Projectile' hasn't been found
[2018.12.19-13.07.36:208][  0]LogInit: Selected Device Profile: [Windows]
[2018.12.19-13.07.36:444][  0]LogSimplygon: Simplygon DLL not present - disabling.
[2018.12.19-13.07.36:466][  0]LogMeshReduction: Using SimplygonSwarm for distributed automatic mesh merging
[2018.12.19-13.07.36:466][  0]LogMeshReduction: Using ProxyLODMeshReduction for automatic mesh merging
[2018.12.19-13.07.36:466][  0]LogMeshReduction: Using QuadricMeshReduction for automatic static mesh reduction
[2018.12.19-13.07.36:466][  0]LogMeshReduction: No automatic skeletal mesh reduction module available
[2018.12.19-13.07.36:479][  0]LogNetVersion: FGFPS 1.0.0, NetCL: 4541578, EngineNetVer: 5, GameNetVer: 0 (Checksum: 2703805849)
[2018.12.19-13.07.37:063][  0]LogPackageLocalizationCache: Processed 11 localized package path(s) for 2 prioritized culture(s) in 0.108266 seconds
[2018.12.19-13.07.37:071][  0]LogUObjectArray: 39775 objects as part of root set at end of initial load.
[2018.12.19-13.07.37:071][  0]LogUObjectAllocator: 6914656 out of 0 bytes used by permanent object pool.
[2018.12.19-13.07.37:071][  0]LogUObjectArray: CloseDisregardForGC: 0/0 objects in disregard for GC pool
[2018.12.19-13.07.38:557][  0]LogTcpMessaging: Initializing TcpMessaging bridge
[2018.12.19-13.07.38:578][  0]LogUdpMessaging: Initializing bridge on interface 0.0.0.0:0 to multicast group 230.0.0.1:6666.
[2018.12.19-13.07.39:735][  0]SourceControl: Source control is disabled
[2018.12.19-13.07.39:735][  0]SourceControl: Source control is disabled
[2018.12.19-13.07.39:750][  0]SourceControl: Source control is disabled
[2018.12.19-13.07.39:760][  0]SourceControl: Source control is disabled
[2018.12.19-13.07.40:198][  0]LogAndroidPermission: UAndroidPermissionCallbackProxy::GetInstance
[2018.12.19-13.07.40:793][  0]LogOcInput: OculusInput pre-init called
[2018.12.19-13.07.40:977][  0]LogEngine: Initializing Engine...
[2018.12.19-13.07.41:068][  0]LogHMD: SteamVR initialized.  Driver: lighthouse  Display: LHR-7520DB49
[2018.12.19-13.07.41:070][  0]LogStats: UGameplayTagsManager::ConstructGameplayTagTree: ImportINI prefixes -  0.000 s
[2018.12.19-13.07.41:070][  0]LogStats: UGameplayTagsManager::ConstructGameplayTagTree: Construct from data asset -  0.000 s
[2018.12.19-13.07.41:070][  0]LogStats: UGameplayTagsManager::ConstructGameplayTagTree: ImportINI -  0.000 s
[2018.12.19-13.07.41:070][  0]LogStats: UGameplayTagsManager::ConstructGameplayTagTree: GameplayTagTreeChangedEvent.Broadcast -  0.000 s
[2018.12.19-13.07.41:335][  0]LogInit: Initializing FReadOnlyCVARCache
[2018.12.19-13.07.41:360][  0]LogAIModule: Creating AISystem for world Untitled
[2018.12.19-13.07.41:488][  0]LogInit: XAudio2 using 'Hörlurar (SteelSeries Arctis 5 Game)' : 2 channels at 48 kHz using 16 bits per sample (channel mask 0x3)
[2018.12.19-13.07.41:692][  0]LogInit: FAudioDevice initialized.
[2018.12.19-13.07.41:693][  0]LogNetVersion: Set ProjectVersion to 1.0.0.0. Version Checksum will be recalculated on next use.
[2018.12.19-13.07.42:026][  0]LogDerivedDataCache: Saved boot cache 0.33s 71MB C:/Users/Mextrin/AppData/Local/UnrealEngine/4.21/DerivedDataCache/Boot.ddc.
[2018.12.19-13.07.42:037][  0]LogInit: Texture streaming: Enabled
[2018.12.19-13.07.42:079][  0]LogEngineSessionManager: EngineSessionManager initialized
[2018.12.19-13.07.42:096][  0]LogInit: Transaction tracking system initialized
[2018.12.19-13.07.42:160][  0]BlueprintLog: New page: Editor Load
[2018.12.19-13.07.42:384][  0]LocalizationService: Localization service is disabled
[2018.12.19-13.07.42:984][  0]LogFileCache: Scanning file cache for directory 'D:/Unreal Projects/FGFPSAssignment/Content/' took 0.02s
[2018.12.19-13.07.42:984][  0]LogCook: Display: Max memory allowance for cook 16384mb min free memory 0mb
[2018.12.19-13.07.42:984][  0]LogCook: Display: Mobile HDR setting 1
[2018.12.19-13.07.42:984][  0]LogGameplayTags: Display: UGameplayTagsManager::DoneAddingNativeTags. DelegateIsBound: 0
[2018.12.19-13.07.42:984][  0]LogStats: UGameplayTagsManager::ConstructGameplayTagTree: ImportINI prefixes -  0.000 s
[2018.12.19-13.07.42:984][  0]LogStats: UGameplayTagsManager::ConstructGameplayTagTree: Construct from data asset -  0.000 s
[2018.12.19-13.07.42:985][  0]LogStats: UGameplayTagsManager::ConstructGameplayTagTree: ImportINI -  0.000 s
[2018.12.19-13.07.42:985][  0]LogStats: UGameplayTagsManager::ConstructGameplayTagTree: GameplayTagTreeChangedEvent.Broadcast -  0.000 s
[2018.12.19-13.07.43:343][  0]SourceControl: Source control is disabled
[2018.12.19-13.07.43:343][  0]Cmd: MAP LOAD FILE="../../../../../../Unreal Projects/FGFPSAssignment/Content/Maps/FirstPersonExampleMap.umap" TEMPLATE=0 SHOWPROGRESS=1 FEATURELEVEL=3
[2018.12.19-13.07.43:344][  0]LightingResults: New page: Lighting Build
[2018.12.19-13.07.43:347][  0]MapCheck: New page: Map Check
[2018.12.19-13.07.43:347][  0]LightingResults: New page: Lighting Build
[2018.12.19-13.07.43:503][  0]LogBlueprint: Warning: [Compiler Ue4ASP_Character] InputAction Event references unknown Action 'Crouch' for  InputAction Crouch
[2018.12.19-13.07.43:513][  0]LogBlueprint: Warning: [Compiler Ue4ASP_Character] [0018.48] Compile of Ue4ASP_Character successful, but with 1 Warning(s) [in 37 ms] (/Game/AnimStarterPack/Ue4ASP_Character.Ue4ASP_Character)
[2018.12.19-13.07.44:142][  0]LogAIModule: Creating AISystem for world FirstPersonExampleMap
[2018.12.19-13.07.44:158][  0]LogEditorServer: Finished looking for orphan Actors (0.000 secs)
[2018.12.19-13.07.44:185][  0]Cmd: MAP CHECKDEP NOCLEARLOG
[2018.12.19-13.07.44:185][  0]MapCheck: Map check complete: 0 Error(s), 0 Warning(s), took 0.141ms to complete.
[2018.12.19-13.07.44:185][  0]LogFileHelpers: Loading map 'FirstPersonExampleMap' took 0.842
[2018.12.19-13.07.44:303][  0]LogSlate: Updating window title bar state: overlay mode, drag disabled, window buttons hidden, title bar hidden
[2018.12.19-13.07.44:310][  0]LogSlate: Updating window title bar state: overlay mode, drag disabled, window buttons hidden, title bar hidden
[2018.12.19-13.07.44:318][  0]LogSlate: Updating window title bar state: overlay mode, drag disabled, window buttons hidden, title bar hidden
[2018.12.19-13.07.44:326][  0]LogSlate: Updating window title bar state: overlay mode, drag disabled, window buttons hidden, title bar hidden
[2018.12.19-13.07.44:338][  0]LogCollectionManager: Loaded 0 collections in 0.002066 seconds
[2018.12.19-13.07.44:384][  0]LogFileCache: Scanning file cache for directory 'D:/Unreal Projects/FGFPSAssignment/Saved/Collections/' took 0.01s
[2018.12.19-13.07.44:385][  0]LogFileCache: Scanning file cache for directory 'D:/Unreal Projects/FGFPSAssignment/Content/Developers/Mextrin/Collections/' took 0.01s
[2018.12.19-13.07.44:385][  0]LogFileCache: Scanning file cache for directory 'D:/Unreal Projects/FGFPSAssignment/Content/Collections/' took 0.01s
[2018.12.19-13.07.44:385][  0]LogCollectionManager: Rebuilt the GUID cache for 0 collections in 0.000000 seconds
[2018.12.19-13.07.44:395][  0]LogContentBrowser: Native class hierarchy populated in 0.0101 seconds. Added 2667 classes and 630 folders.
[2018.12.19-13.07.44:403][  0]LogContentBrowser: Native class hierarchy updated for 'WidgetCarousel' in 0.0006 seconds. Added 0 classes and 0 folders.
[2018.12.19-13.07.44:406][  0]LogPakFile: Registered encryption key '00000000000000000000000000000000': 0 pak files mounted, 0 remain pending
[2018.12.19-13.07.44:407][  0]LogPakFile: Registered encryption key '00000000000000000000000000000000': 0 pak files mounted, 0 remain pending
[2018.12.19-13.07.44:408][  0]LogPakFile: Registered encryption key '00000000000000000000000000000000': 0 pak files mounted, 0 remain pending
[2018.12.19-13.07.44:409][  0]LogPakFile: Registered encryption key '00000000000000000000000000000000': 0 pak files mounted, 0 remain pending
[2018.12.19-13.07.44:410][  0]LogPakFile: Registered encryption key '00000000000000000000000000000000': 0 pak files mounted, 0 remain pending
[2018.12.19-13.07.44:411][  0]LogPakFile: Registered encryption key '00000000000000000000000000000000': 0 pak files mounted, 0 remain pending
[2018.12.19-13.07.44:412][  0]LogPakFile: Registered encryption key '00000000000000000000000000000000': 0 pak files mounted, 0 remain pending
[2018.12.19-13.07.44:413][  0]LogPakFile: Registered encryption key '00000000000000000000000000000000': 0 pak files mounted, 0 remain pending
[2018.12.19-13.07.44:414][  0]LogPakFile: Registered encryption key '00000000000000000000000000000000': 0 pak files mounted, 0 remain pending
[2018.12.19-13.07.44:415][  0]LogPakFile: Registered encryption key '00000000000000000000000000000000': 0 pak files mounted, 0 remain pending
[2018.12.19-13.07.44:416][  0]LogPakFile: Registered encryption key '00000000000000000000000000000000': 0 pak files mounted, 0 remain pending
[2018.12.19-13.07.44:417][  0]LogPakFile: Registered encryption key '00000000000000000000000000000000': 0 pak files mounted, 0 remain pending
[2018.12.19-13.07.44:418][  0]LogPakFile: Registered encryption key '00000000000000000000000000000000': 0 pak files mounted, 0 remain pending
[2018.12.19-13.07.44:420][  0]LogPakFile: Registered encryption key '00000000000000000000000000000000': 0 pak files mounted, 0 remain pending
[2018.12.19-13.07.44:421][  0]LogPakFile: Registered encryption key '00000000000000000000000000000000': 0 pak files mounted, 0 remain pending
[2018.12.19-13.07.44:422][  0]LogPakFile: Registered encryption key '00000000000000000000000000000000': 0 pak files mounted, 0 remain pending
[2018.12.19-13.07.44:423][  0]LogPakFile: Registered encryption key '00000000000000000000000000000000': 0 pak files mounted, 0 remain pending
[2018.12.19-13.07.44:424][  0]LogPakFile: Registered encryption key '00000000000000000000000000000000': 0 pak files mounted, 0 remain pending
[2018.12.19-13.07.44:426][  0]LogPakFile: Registered encryption key '00000000000000000000000000000000': 0 pak files mounted, 0 remain pending
[2018.12.19-13.07.44:427][  0]LogPakFile: Registered encryption key '00000000000000000000000000000000': 0 pak files mounted, 0 remain pending
[2018.12.19-13.07.44:428][  0]LogPakFile: Registered encryption key '00000000000000000000000000000000': 0 pak files mounted, 0 remain pending
[2018.12.19-13.07.44:429][  0]LogPakFile: Registered encryption key '00000000000000000000000000000000': 0 pak files mounted, 0 remain pending
[2018.12.19-13.07.44:430][  0]LogPakFile: Registered encryption key '00000000000000000000000000000000': 0 pak files mounted, 0 remain pending
[2018.12.19-13.07.44:431][  0]LogPakFile: Registered encryption key '00000000000000000000000000000000': 0 pak files mounted, 0 remain pending
[2018.12.19-13.07.44:432][  0]LogPakFile: Registered encryption key '00000000000000000000000000000000': 0 pak files mounted, 0 remain pending
[2018.12.19-13.07.44:433][  0]LogPakFile: Registered encryption key '00000000000000000000000000000000': 0 pak files mounted, 0 remain pending
[2018.12.19-13.07.44:508][  0]LogContentBrowser: Native class hierarchy updated for 'AddContentDialog' in 0.0007 seconds. Added 0 classes and 0 folders.
[2018.12.19-13.07.44:522][  0]LogContentBrowser: Native class hierarchy updated for 'SceneOutliner' in 0.0007 seconds. Added 1 classes and 2 folders.
[2018.12.19-13.07.44:621][  0]LogSlate: Took 0.000285 seconds to synchronously load lazily loaded font '../../../Engine/Content/Slate/Fonts/Roboto-Regular.ttf' (155K)
[2018.12.19-13.07.44:625][  0]LogSlate: Took 0.000341 seconds to synchronously load lazily loaded font '../../../Engine/Content/Slate/Fonts/Roboto-Bold.ttf' (160K)
[2018.12.19-13.07.44:630][  0]LogSlate: Took 0.000391 seconds to synchronously load lazily loaded font '../../../Engine/Content/Editor/Slate/Fonts/FontAwesome.ttf' (139K)
[2018.12.19-13.07.44:720][  0]LogRenderer: Reallocating scene render targets to support 1208x576 Format 10 NumSamples 1 (Frame:1).
[2018.12.19-13.07.44:894][  0]LogContentBrowser: Native class hierarchy updated for 'HierarchicalLODOutliner' in 0.0007 seconds. Added 0 classes and 0 folders.
[2018.12.19-13.07.44:894][  0]LogLoad: (Engine Initialization) Total time: 19.86 seconds
[2018.12.19-13.07.44:894][  0]LogLoad: (Engine Initialization) Total Blueprint compile time: 0.00 seconds
[2018.12.19-13.07.44:922][  0]LogWindowsTextInputMethodSystem: Display: IME system now deactivated.
[2018.12.19-13.07.44:992][  0]LogContentStreaming: Texture pool size now 1000 MB
[2018.12.19-13.07.45:060][  0]LogSlate: Took 0.000259 seconds to synchronously load lazily loaded font '../../../Engine/Content/Slate/Fonts/Roboto-Light.ttf' (167K)
[2018.12.19-13.07.45:182][  2]LogAssetRegistry: Asset discovery search completed in 9.3845 seconds
[2018.12.19-13.07.45:184][  2]LogCollectionManager: Rebuilt the object cache for 0 collections in 0.000000 seconds (found 0 objects)
[2018.12.19-13.07.45:184][  2]LogCollectionManager: Fixed up redirectors for 0 collections in 0.000188 seconds (updated 0 objects)
[2018.12.19-13.09.49:766][703]LogSlate: FSceneViewport::OnFocusLost() reason 0
[2018.12.19-13.09.56:170][917]LogTemp: Repeating last play command: Selected Viewport
[2018.12.19-13.09.56:179][917]LogBlueprintUserMessages: Early PlayInEditor Detection: Level '/Game/Maps/FirstPersonExampleMap.FirstPersonExampleMap:PersistentLevel' has LevelScriptBlueprint '/Game/Maps/FirstPersonExampleMap.FirstPersonExampleMap:PersistentLevel.FirstPersonExampleMap' with GeneratedClass '/Game/Maps/FirstPersonExampleMap.FirstPersonExampleMap_C' with ClassGeneratedBy '/Game/Maps/FirstPersonExampleMap.FirstPersonExampleMap:PersistentLevel.FirstPersonExampleMap'
[2018.12.19-13.09.56:179][917]LogPlayLevel: PlayLevel: No blueprints needed recompiling
[2018.12.19-13.09.56:180][917]PIE: New page: PIE session: FirstPersonExampleMap (Dec 19, 2018, 3:09:56 PM)
[2018.12.19-13.09.56:194][917]LogPlayLevel: Creating play world package: /Game/Maps/UEDPIE_0_FirstPersonExampleMap
[2018.12.19-13.09.56:229][917]LogPlayLevel: PIE: StaticDuplicateObject took: (0.034518s)
[2018.12.19-13.09.56:230][917]LogAIModule: Creating AISystem for world FirstPersonExampleMap
[2018.12.19-13.09.56:230][917]LogPlayLevel: PIE: World Init took: (0.001062s)
[2018.12.19-13.09.56:231][917]LogPlayLevel: PIE: Created PIE world by copying editor world from /Game/Maps/FirstPersonExampleMap.FirstPersonExampleMap to /Game/Maps/UEDPIE_0_FirstPersonExampleMap.FirstPersonExampleMap (0.036242s)
[2018.12.19-13.09.56:343][917]LogInit: XAudio2 using 'Hörlurar (SteelSeries Arctis 5 Game)' : 2 channels at 48 kHz using 16 bits per sample (channel mask 0x3)
[2018.12.19-13.09.56:538][917]LogInit: FAudioDevice initialized.
[2018.12.19-13.09.56:588][917]LogLoad: Game class is 'BP_GameMode_C'
[2018.12.19-13.09.56:593][917]LogWorld: Bringing World /Game/Maps/UEDPIE_0_FirstPersonExampleMap.FirstPersonExampleMap up for play (max tick rate 0) at 2018.12.19-14.09.56
[2018.12.19-13.09.56:594][917]LogWorld: Bringing up level for play took: 0.003637
[2018.12.19-13.09.56:608][917]LogSpawn: Warning: SpawnActor failed because no class was specified
[2018.12.19-13.09.56:614][917]LogContentBrowser: Native class hierarchy updated for 'MovieSceneCapture' in 0.0008 seconds. Added 20 classes and 0 folders.
[2018.12.19-13.09.56:614][917]LogGameMode: Display: Match State Changed from EnteringMap to WaitingToStart
[2018.12.19-13.09.56:614][917]LogGameState: Match State Changed from EnteringMap to WaitingToStart
[2018.12.19-13.09.56:615][917]LogGameMode: Display: Match State Changed from WaitingToStart to InProgress
[2018.12.19-13.09.56:619][917]LogGameState: Match State Changed from WaitingToStart to InProgress
[2018.12.19-13.09.56:619][917]PIE: Play in editor start time for /Game/Maps/UEDPIE_0_FirstPersonExampleMap 0.232
[2018.12.19-13.09.56:619][917]LogBlueprintUserMessages: Late PlayInEditor Detection: Level '/Game/Maps/FirstPersonExampleMap.FirstPersonExampleMap:PersistentLevel' has LevelScriptBlueprint '/Game/Maps/FirstPersonExampleMap.FirstPersonExampleMap:PersistentLevel.FirstPersonExampleMap' with GeneratedClass '/Game/Maps/FirstPersonExampleMap.FirstPersonExampleMap_C' with ClassGeneratedBy '/Game/Maps/FirstPersonExampleMap.FirstPersonExampleMap:PersistentLevel.FirstPersonExampleMap'
[2018.12.19-13.10.06:633][102]LogBlueprintUserMessages: Early EndPlayMap Detection: Level '/Game/Maps/FirstPersonExampleMap.FirstPersonExampleMap:PersistentLevel' has LevelScriptBlueprint '/Game/Maps/FirstPersonExampleMap.FirstPersonExampleMap:PersistentLevel.FirstPersonExampleMap' with GeneratedClass '/Game/Maps/FirstPersonExampleMap.FirstPersonExampleMap_C' with ClassGeneratedBy '/Game/Maps/FirstPersonExampleMap.FirstPersonExampleMap:PersistentLevel.FirstPersonExampleMap'
[2018.12.19-13.10.06:634][102]LogSlate: Updating window title bar state: overlay mode, drag disabled, window buttons hidden, title bar hidden
[2018.12.19-13.10.06:677][102]LogPlayLevel: Display: Shutting down PIE online subsystems
[2018.12.19-13.10.06:677][102]LogBlueprintUserMessages: Late EndPlayMap Detection: Level '/Game/Maps/FirstPersonExampleMap.FirstPersonExampleMap:PersistentLevel' has LevelScriptBlueprint '/Game/Maps/FirstPersonExampleMap.FirstPersonExampleMap:PersistentLevel.FirstPersonExampleMap' with GeneratedClass '/Game/Maps/FirstPersonExampleMap.FirstPersonExampleMap_C' with ClassGeneratedBy '/Game/Maps/FirstPersonExampleMap.FirstPersonExampleMap:PersistentLevel.FirstPersonExampleMap'
[2018.12.19-13.10.06:702][102]LogSlate: Updating window title bar state: overlay mode, drag disabled, window buttons hidden, title bar hidden
[2018.12.19-13.10.06:733][104]LogPlayLevel: Display: Destroying online subsystem :Context_3
[2018.12.19-13.10.08:593][323]LogSlate: FSceneViewport::OnFocusLost() reason 0
[2018.12.19-13.10.14:413][588]LogTemp: Repeating last play command: Selected Viewport
[2018.12.19-13.10.14:422][588]LogBlueprintUserMessages: Early PlayInEditor Detection: Level '/Game/Maps/FirstPersonExampleMap.FirstPersonExampleMap:PersistentLevel' has LevelScriptBlueprint '/Game/Maps/FirstPersonExampleMap.FirstPersonExampleMap:PersistentLevel.FirstPersonExampleMap' with GeneratedClass '/Game/Maps/FirstPersonExampleMap.FirstPersonExampleMap_C' with ClassGeneratedBy '/Game/Maps/FirstPersonExampleMap.FirstPersonExampleMap:PersistentLevel.FirstPersonExampleMap'
[2018.12.19-13.10.14:422][588]LogPlayLevel: PlayLevel: No blueprints needed recompiling
[2018.12.19-13.10.14:422][588]PIE: New page: PIE session: FirstPersonExampleMap (Dec 19, 2018, 3:10:14 PM)
[2018.12.19-13.10.14:423][588]LogPlayLevel: Creating play world package: /Game/Maps/UEDPIE_0_FirstPersonExampleMap
[2018.12.19-13.10.14:438][588]LogPlayLevel: PIE: StaticDuplicateObject took: (0.015645s)
[2018.12.19-13.10.14:439][588]LogAIModule: Creating AISystem for world FirstPersonExampleMap
[2018.12.19-13.10.14:439][588]LogPlayLevel: PIE: World Init took: (0.000926s)
[2018.12.19-13.10.14:440][588]LogPlayLevel: PIE: Created PIE world by copying editor world from /Game/Maps/FirstPersonExampleMap.FirstPersonExampleMap to /Game/Maps/UEDPIE_0_FirstPersonExampleMap.FirstPersonExampleMap (0.016966s)
[2018.12.19-13.10.14:556][588]LogInit: XAudio2 using 'Hörlurar (SteelSeries Arctis 5 Game)' : 2 channels at 48 kHz using 16 bits per sample (channel mask 0x3)
[2018.12.19-13.10.14:738][588]LogInit: FAudioDevice initialized.
[2018.12.19-13.10.14:774][588]LogLoad: Game class is 'BP_GameMode_C'
[2018.12.19-13.10.14:778][588]LogWorld: Bringing World /Game/Maps/UEDPIE_0_FirstPersonExampleMap.FirstPersonExampleMap up for play (max tick rate 0) at 2018.12.19-14.10.14
[2018.12.19-13.10.14:779][588]LogWorld: Bringing up level for play took: 0.003946
[2018.12.19-13.10.14:793][588]LogSpawn: Warning: SpawnActor failed because no class was specified
[2018.12.19-13.10.14:794][588]LogGameMode: Display: Match State Changed from EnteringMap to WaitingToStart
[2018.12.19-13.10.14:794][588]LogGameState: Match State Changed from EnteringMap to WaitingToStart
[2018.12.19-13.10.14:794][588]LogGameMode: Display: Match State Changed from WaitingToStart to InProgress
[2018.12.19-13.10.14:798][588]LogGameState: Match State Changed from WaitingToStart to InProgress
[2018.12.19-13.10.14:798][588]PIE: Play in editor start time for /Game/Maps/UEDPIE_0_FirstPersonExampleMap 0.41
[2018.12.19-13.10.14:799][588]LogBlueprintUserMessages: Late PlayInEditor Detection: Level '/Game/Maps/FirstPersonExampleMap.FirstPersonExampleMap:PersistentLevel' has LevelScriptBlueprint '/Game/Maps/FirstPersonExampleMap.FirstPersonExampleMap:PersistentLevel.FirstPersonExampleMap' with GeneratedClass '/Game/Maps/FirstPersonExampleMap.FirstPersonExampleMap_C' with ClassGeneratedBy '/Game/Maps/FirstPersonExampleMap.FirstPersonExampleMap:PersistentLevel.FirstPersonExampleMap'
[2018.12.19-13.10.16:455][782]LogBlueprintUserMessages: Early EndPlayMap Detection: Level '/Game/Maps/FirstPersonExampleMap.FirstPersonExampleMap:PersistentLevel' has LevelScriptBlueprint '/Game/Maps/FirstPersonExampleMap.FirstPersonExampleMap:PersistentLevel.FirstPersonExampleMap' with GeneratedClass '/Game/Maps/FirstPersonExampleMap.FirstPersonExampleMap_C' with ClassGeneratedBy '/Game/Maps/FirstPersonExampleMap.FirstPersonExampleMap:PersistentLevel.FirstPersonExampleMap'
[2018.12.19-13.10.16:456][782]LogSlate: Updating window title bar state: overlay mode, drag disabled, window buttons hidden, title bar hidden
[2018.12.19-13.10.16:499][782]LogPlayLevel: Display: Shutting down PIE online subsystems
[2018.12.19-13.10.16:499][782]LogBlueprintUserMessages: Late EndPlayMap Detection: Level '/Game/Maps/FirstPersonExampleMap.FirstPersonExampleMap:PersistentLevel' has LevelScriptBlueprint '/Game/Maps/FirstPersonExampleMap.FirstPersonExampleMap:PersistentLevel.FirstPersonExampleMap' with GeneratedClass '/Game/Maps/FirstPersonExampleMap.FirstPersonExampleMap_C' with ClassGeneratedBy '/Game/Maps/FirstPersonExampleMap.FirstPersonExampleMap:PersistentLevel.FirstPersonExampleMap'
[2018.12.19-13.10.16:526][782]LogSlate: Updating window title bar state: overlay mode, drag disabled, window buttons hidden, title bar hidden
[2018.12.19-13.10.16:559][784]LogPlayLevel: Display: Destroying online subsystem :Context_4
[2018.12.19-13.10.17:145][853]LogSlate: Took 0.000314 seconds to synchronously load lazily loaded font '../../../Engine/Content/Slate/Fonts/Roboto-Light.ttf' (167K)
[2018.12.19-13.10.17:149][853]LogSlate: FSceneViewport::OnFocusLost() reason 2
[2018.12.19-13.10.17:357][853]LogSavePackage: Moving '../../../../../../Unreal Projects/FGFPSAssignment/Saved/FirstPersonExampleMap7037D1F640C47103E6C7E4A1B122BC7A.tmp' to '../../../../../../Unreal Projects/FGFPSAssignment/Content/Maps/FirstPersonExampleMap.umap'
[2018.12.19-13.10.17:380][853]Cmd: OBJ SAVEPACKAGE PACKAGE="/Game/Maps/FirstPersonExampleMap_BuiltData" FILE="../../../../../../Unreal Projects/FGFPSAssignment/Content/Maps/FirstPersonExampleMap_BuiltData.uasset" SILENT=true
[2018.12.19-13.10.18:696][853]LogSavePackage: Moving '../../../../../../Unreal Projects/FGFPSAssignment/Saved/FirstPersonExampleMap_BuiltData2D3E4F1544A3F36FCB45F2AEBB800765.tmp' to '../../../../../../Unreal Projects/FGFPSAssignment/Content/Maps/FirstPersonExampleMap_BuiltData.uasset'
