Log file open, 12/17/18 12:17:30
LogWindows: Failed to load 'aqProf.dll' (GetLastError=126)
LogWindows: File 'aqProf.dll' does not exist
LogWindows: Failed to load 'VtuneApi.dll' (GetLastError=126)
LogWindows: File 'VtuneApi.dll' does not exist
LogWindows: Failed to load 'VtuneApi32e.dll' (GetLastError=126)
LogWindows: File 'VtuneApi32e.dll' does not exist
LogConsoleResponse: Display: Failed to find resolution value strings in scalability ini. Falling back to default.
LogInit: Display: Running engine for game: FGFPS
LogPakFile: Registered encryption key '00000000000000000000000000000000': 0 pak files mounted, 0 remain pending
LogPlatformFile: Not using cached read wrapper
LogTaskGraph: Started task graph with 5 named threads and 20 total threads with 3 sets of task threads.
LogStats: Stats thread started at 0.463096
LogD3D11RHI: Loaded GFSDK_Aftermath_Lib.x64.dll
LogICUInternationalization: ICU TimeZone Detection - Raw Offset: +1:00, Platform Override: ''
LogPluginManager: Mounting plugin Paper2D
LogPluginManager: Mounting plugin AISupport
LogPluginManager: Mounting plugin LightPropagationVolume
LogPluginManager: Mounting plugin ActorLayerUtilities
LogPluginManager: Mounting plugin CLionSourceCodeAccess
LogPluginManager: Mounting plugin CodeLiteSourceCodeAccess
LogPluginManager: Mounting plugin GitSourceControl
LogPluginManager: Mounting plugin KDevelopSourceCodeAccess
LogPluginManager: Mounting plugin NullSourceCodeAccess
LogPluginManager: Mounting plugin PerforceSourceControl
LogPluginManager: Mounting plugin SubversionSourceControl
LogPluginManager: Mounting plugin UObjectPlugin
LogPluginManager: Mounting plugin VisualStudioCodeSourceCodeAccess
LogPluginManager: Mounting plugin VisualStudioSourceCodeAccess
LogPluginManager: Mounting plugin XCodeSourceCodeAccess
LogPluginManager: Mounting plugin AssetManagerEditor
LogPluginManager: Mounting plugin CryptoKeys
LogPluginManager: Mounting plugin DataValidation
LogPluginManager: Mounting plugin FacialAnimation
LogPluginManager: Mounting plugin GameplayTagsEditor
LogPluginManager: Mounting plugin MacGraphicsSwitching
LogPluginManager: Mounting plugin MeshEditor
LogPluginManager: Mounting plugin MobileLauncherProfileWizard
LogPluginManager: Mounting plugin PluginBrowser
LogPluginManager: Mounting plugin SpeedTreeImporter
LogPluginManager: Mounting plugin DatasmithContent
LogPluginManager: Mounting plugin VariantManagerContent
LogPluginManager: Mounting plugin AlembicImporter
LogPluginManager: Mounting plugin AppleImageUtils
LogPluginManager: Mounting plugin AppleVision
LogPluginManager: Mounting plugin BackChannel
LogPluginManager: Mounting plugin CharacterAI
LogPluginManager: Mounting plugin GeometryCache
LogPluginManager: Mounting plugin HTML5Networking
LogPluginManager: Mounting plugin ProxyLODPlugin
LogPluginManager: Mounting plugin MagicLeap
LogPluginManager: Mounting plugin MagicLeapMedia
LogPluginManager: Mounting plugin AndroidMedia
LogPluginManager: Mounting plugin AvfMedia
LogPluginManager: Mounting plugin ImgMedia
LogPluginManager: Mounting plugin LinearTimecode
LogPluginManager: Mounting plugin MediaCompositing
LogPluginManager: Mounting plugin MediaPlayerEditor
LogPluginManager: Mounting plugin WebMMedia
LogPluginManager: Mounting plugin WmfMedia
LogPluginManager: Mounting plugin TcpMessaging
LogPluginManager: Mounting plugin UdpMessaging
LogPluginManager: Mounting plugin ActorSequence
LogPluginManager: Mounting plugin LevelSequenceEditor
LogPluginManager: Mounting plugin MatineeToLevelSequence
LogPluginManager: Mounting plugin NetcodeUnitTest
LogPluginManager: Mounting plugin NUTUnrealEngine4
LogPluginManager: Mounting plugin OnlineSubsystemGooglePlay
LogPluginManager: Mounting plugin OnlineSubsystemIOS
LogPluginManager: Mounting plugin OnlineSubsystem
LogPluginManager: Mounting plugin OnlineSubsystemNull
LogPluginManager: Mounting plugin OnlineSubsystemUtils
LogPluginManager: Mounting plugin LauncherChunkInstaller
LogPluginManager: Mounting plugin AndroidDeviceProfileSelector
LogPluginManager: Mounting plugin AndroidMoviePlayer
LogPluginManager: Mounting plugin AndroidPermission
LogPluginManager: Mounting plugin AppleMoviePlayer
LogPluginManager: Mounting plugin ArchVisCharacter
LogPluginManager: Mounting plugin AudioCapture
LogPluginManager: Mounting plugin CableComponent
LogPluginManager: Mounting plugin CustomMeshComponent
LogPluginManager: Mounting plugin EditableMesh
LogPluginManager: Mounting plugin ExampleDeviceProfileSelector
LogPluginManager: Mounting plugin Firebase
LogPluginManager: Mounting plugin GoogleCloudMessaging
LogPluginManager: Mounting plugin IOSDeviceProfileSelector
LogPluginManager: Mounting plugin LinuxDeviceProfileSelector
LogPluginManager: Mounting plugin LocationServicesBPLibrary
LogPluginManager: Mounting plugin MobilePatchingUtils
LogPluginManager: Mounting plugin OculusVR
LogPluginManager: Mounting plugin PhysXVehicles
LogPluginManager: Mounting plugin ProceduralMeshComponent
LogPluginManager: Mounting plugin RuntimePhysXCooking
LogPluginManager: Mounting plugin SteamVR
LogPluginManager: Mounting plugin WebMMoviePlayer
LogPluginManager: Mounting plugin WindowsMoviePlayer
LogStreaming: Display: Took  0.117s to configure plugins.
LogInit: Using libcurl 7.55.1-DEV
LogInit:  - built for x86_64-pc-win32
LogInit:  - supports SSL with OpenSSL/1.0.2h
LogInit:  - supports HTTP deflate (compression) using libz 1.2.8
LogInit:  - other features:
LogInit:      CURL_VERSION_SSL
LogInit:      CURL_VERSION_LIBZ
LogInit:      CURL_VERSION_IPV6
LogInit:      CURL_VERSION_ASYNCHDNS
LogInit:      CURL_VERSION_LARGEFILE
LogInit:      CURL_VERSION_IDN
LogInit:  CurlRequestOptions (configurable via config and command line):
LogInit:  - bVerifyPeer = true  - Libcurl will verify peer certificate
LogInit:  - bUseHttpProxy = false  - Libcurl will NOT use HTTP proxy
LogInit:  - bDontReuseConnections = false  - Libcurl will reuse connections
LogInit:  - MaxHostConnections = 16  - Libcurl will limit the number of connections to a host
LogInit:  - LocalHostAddr = Default
LogInit:  - BufferSize = 65536
LogInit: WinSock: version 1.1 (2.2), MaxSocks=32767, MaxUdp=65467
LogInit: Build: ++UE4+Release-4.21-CL-4613538
LogInit: Engine Version: 4.21.1-4613538+++UE4+Release-4.21
LogInit: Compatible Engine Version: 4.21.0-4541578+++UE4+Release-4.21
LogInit: Net CL: 4541578
LogInit: OS: Windows 10 (), CPU: Intel(R) Core(TM) i5-8400 CPU @ 2.80GHz, GPU: NVIDIA GeForce GTX 1060 6GB
LogInit: Compiled (64-bit): Nov 30 2018 04:13:25
LogInit: Compiled with Visual C++: 19.13.26129.00
LogInit: Build Configuration: Development
LogInit: Branch Name: ++UE4+Release-4.21
LogInit: Command Line:  -skipcompile
LogInit: Base Directory: D:/Program Files/Epic Games/UE_4.21/Engine/Binaries/Win64/
LogInit: Installed Engine Build: 1
LogDevObjectVersion: Number of dev versions registered: 22
LogDevObjectVersion:   Dev-Blueprints (B0D832E4-1F89-4F0D-ACCF-7EB736FD4AA2): 10
LogDevObjectVersion:   Dev-Build (E1C64328-A22C-4D53-A36C-8E866417BD8C): 0
LogDevObjectVersion:   Dev-Core (375EC13C-06E4-48FB-B500-84F0262A717E): 2
LogDevObjectVersion:   Dev-Editor (E4B068ED-F494-42E9-A231-DA0B2E46BB41): 26
LogDevObjectVersion:   Dev-Framework (CFFC743F-43B0-4480-9391-14DF171D2073): 34
LogDevObjectVersion:   Dev-Mobile (B02B49B5-BB20-44E9-A304-32B752E40360): 2
LogDevObjectVersion:   Dev-Networking (A4E4105C-59A1-49B5-A7C5-40C4547EDFEE): 0
LogDevObjectVersion:   Dev-Online (39C831C9-5AE6-47DC-9A44-9C173E1C8E7C): 0
LogDevObjectVersion:   Dev-Physics (78F01B33-EBEA-4F98-B9B4-84EACCB95AA2): 0
LogDevObjectVersion:   Dev-Platform (6631380F-2D4D-43E0-8009-CF276956A95A): 0
LogDevObjectVersion:   Dev-Rendering (12F88B9F-8875-4AFC-A67C-D90C383ABD29): 27
LogDevObjectVersion:   Dev-Sequencer (7B5AE74C-D270-4C10-A958-57980B212A5A): 9
LogDevObjectVersion:   Dev-VR (D7296918-1DD6-4BDD-9DE2-64A83CC13884): 2
LogDevObjectVersion:   Dev-LoadTimes (C2A15278-BFE7-4AFE-6C17-90FF531DF755): 1
LogDevObjectVersion:   Private-Geometry (6EACA3D4-40EC-4CC1-B786-8BED09428FC5): 3
LogDevObjectVersion:   Dev-AnimPhys (29E575DD-E0A3-4627-9D10-D276232CDCEA): 17
LogDevObjectVersion:   Dev-Anim (AF43A65D-7FD3-4947-9873-3E8ED9C1BB05): 2
LogDevObjectVersion:   Dev-ReflectionCapture (6B266CEC-1EC7-4B8F-A30B-E4D90942FC07): 1
LogDevObjectVersion:   Dev-Automation (0DF73D61-A23F-47EA-B727-89E90C41499A): 1
LogDevObjectVersion:   FortniteMain (601D1886-AC64-4F84-AA16-D3DE0DEAC7D6): 17
LogDevObjectVersion:   Dev-Enterprise (9DFFBCD6-494F-0158-E221-12823C92A888): 4
LogDevObjectVersion:   Dev-Niagara (F2AED0AC-9AFE-416F-8664-AA7FFA26D6FC): 1
LogStreaming: Display: Took  0.000s to delete old logs.
LogInit: Presizing for max 8388607 objects, including 0 objects not considered by GC, pre-allocating 0 bytes for permanent pool.
LogInit: Object subsystem initialized
LogConfig: Setting CVar [[con.DebugEarlyDefault:1]]
LogConfig: Setting CVar [[r.setres:1280x720]]
[2018.12.17-11.17.32:245][  0]LogConfig: Setting CVar [[r.VSync:0]]
[2018.12.17-11.17.32:245][  0]LogConfig: Setting CVar [[r.RHICmdBypass:0]]
[2018.12.17-11.17.32:245][  0]LogConfig: Applying CVar settings from Section [/Script/Engine.RendererSettings] File [C:/Users/sebastian.tryscien/Documents/Unreal Projects/FGFPSAssignment/Saved/Config/Windows/Engine.ini]
[2018.12.17-11.17.32:245][  0]LogConfig: Setting CVar [[r.GPUCrashDebugging:0]]
[2018.12.17-11.17.32:245][  0]LogConfig: Applying CVar settings from Section [/Script/Engine.RendererOverrideSettings] File [C:/Users/sebastian.tryscien/Documents/Unreal Projects/FGFPSAssignment/Saved/Config/Windows/Engine.ini]
[2018.12.17-11.17.32:245][  0]LogConfig: Applying CVar settings from Section [/Script/Engine.StreamingSettings] File [C:/Users/sebastian.tryscien/Documents/Unreal Projects/FGFPSAssignment/Saved/Config/Windows/Engine.ini]
[2018.12.17-11.17.32:245][  0]LogConfig: Setting CVar [[s.MinBulkDataSizeForAsyncLoading:131072]]
[2018.12.17-11.17.32:245][  0]LogConfig: Setting CVar [[s.AsyncLoadingThreadEnabled:0]]
[2018.12.17-11.17.32:245][  0]LogConfig: Setting CVar [[s.EventDrivenLoaderEnabled:1]]
[2018.12.17-11.17.32:245][  0]LogConfig: Setting CVar [[s.WarnIfTimeLimitExceeded:0]]
[2018.12.17-11.17.32:245][  0]LogConfig: Setting CVar [[s.TimeLimitExceededMultiplier:1.5]]
[2018.12.17-11.17.32:245][  0]LogConfig: Setting CVar [[s.TimeLimitExceededMinTime:0.005]]
[2018.12.17-11.17.32:245][  0]LogConfig: Setting CVar [[s.UseBackgroundLevelStreaming:1]]
[2018.12.17-11.17.32:245][  0]LogConfig: Setting CVar [[s.PriorityAsyncLoadingExtraTime:15.0]]
[2018.12.17-11.17.32:245][  0]LogConfig: Setting CVar [[s.LevelStreamingActorsUpdateTimeLimit:5.0]]
[2018.12.17-11.17.32:245][  0]LogConfig: Setting CVar [[s.PriorityLevelStreamingActorsUpdateExtraTime:5.0]]
[2018.12.17-11.17.32:245][  0]LogConfig: Setting CVar [[s.LevelStreamingComponentsRegistrationGranularity:10]]
[2018.12.17-11.17.32:245][  0]LogConfig: Setting CVar [[s.UnregisterComponentsTimeLimit:1.0]]
[2018.12.17-11.17.32:245][  0]LogConfig: Setting CVar [[s.LevelStreamingComponentsUnregistrationGranularity:5]]
[2018.12.17-11.17.32:245][  0]LogConfig: Applying CVar settings from Section [/Script/Engine.GarbageCollectionSettings] File [C:/Users/sebastian.tryscien/Documents/Unreal Projects/FGFPSAssignment/Saved/Config/Windows/Engine.ini]
[2018.12.17-11.17.32:245][  0]LogConfig: Setting CVar [[gc.MaxObjectsNotConsideredByGC:1]]
[2018.12.17-11.17.32:245][  0]LogConfig: Setting CVar [[gc.SizeOfPermanentObjectPool:0]]
[2018.12.17-11.17.32:246][  0]LogConfig: Setting CVar [[gc.FlushStreamingOnGC:0]]
[2018.12.17-11.17.32:246][  0]LogConfig: Setting CVar [[gc.NumRetriesBeforeForcingGC:10]]
[2018.12.17-11.17.32:246][  0]LogConfig: Setting CVar [[gc.AllowParallelGC:1]]
[2018.12.17-11.17.32:246][  0]LogConfig: Setting CVar [[gc.TimeBetweenPurgingPendingKillObjects:61.1]]
[2018.12.17-11.17.32:246][  0]LogConfig: Setting CVar [[gc.MaxObjectsInEditor:8388607]]
[2018.12.17-11.17.32:246][  0]LogConfig: Setting CVar [[gc.IncrementalBeginDestroyEnabled:1]]
[2018.12.17-11.17.32:246][  0]LogConfig: Setting CVar [[gc.CreateGCClusters:1]]
[2018.12.17-11.17.32:246][  0]LogConfig: Setting CVar [[gc.MergeGCClusters:0]]
[2018.12.17-11.17.32:246][  0]LogConfig: Setting CVar [[gc.MinGCClusterSize:5]]
[2018.12.17-11.17.32:246][  0]LogConfig: Setting CVar [[gc.ActorClusteringEnabled:0]]
[2018.12.17-11.17.32:246][  0]LogConfig: Setting CVar [[gc.BlueprintClusteringEnabled:0]]
[2018.12.17-11.17.32:246][  0]LogConfig: Setting CVar [[gc.UseDisregardForGCOnDedicatedServers:0]]
[2018.12.17-11.17.32:246][  0]LogConfig: Applying CVar settings from Section [/Script/Engine.NetworkSettings] File [C:/Users/sebastian.tryscien/Documents/Unreal Projects/FGFPSAssignment/Saved/Config/Windows/Engine.ini]
[2018.12.17-11.17.32:246][  0]LogConfig: Applying CVar settings from Section [/Script/UnrealEd.CookerSettings] File [C:/Users/sebastian.tryscien/Documents/Unreal Projects/FGFPSAssignment/Saved/Config/Windows/Engine.ini]
[2018.12.17-11.17.32:257][  0]LogConfig: Applying CVar settings from Section [ViewDistanceQuality@3] File [C:/Users/sebastian.tryscien/Documents/Unreal Projects/FGFPSAssignment/Saved/Config/Windows/Scalability.ini]
[2018.12.17-11.17.32:257][  0]LogConfig: Setting CVar [[r.SkeletalMeshLODBias:0]]
[2018.12.17-11.17.32:257][  0]LogConfig: Setting CVar [[r.ViewDistanceScale:1.0]]
[2018.12.17-11.17.32:257][  0]LogConfig: Applying CVar settings from Section [AntiAliasingQuality@3] File [C:/Users/sebastian.tryscien/Documents/Unreal Projects/FGFPSAssignment/Saved/Config/Windows/Scalability.ini]
[2018.12.17-11.17.32:257][  0]LogConfig: Setting CVar [[r.PostProcessAAQuality:4]]
[2018.12.17-11.17.32:257][  0]LogConfig: Applying CVar settings from Section [ShadowQuality@3] File [C:/Users/sebastian.tryscien/Documents/Unreal Projects/FGFPSAssignment/Saved/Config/Windows/Scalability.ini]
[2018.12.17-11.17.32:257][  0]LogConfig: Setting CVar [[r.LightFunctionQuality:1]]
[2018.12.17-11.17.32:257][  0]LogConfig: Setting CVar [[r.ShadowQuality:5]]
[2018.12.17-11.17.32:257][  0]LogConfig: Setting CVar [[r.Shadow.CSM.MaxCascades:10]]
[2018.12.17-11.17.32:257][  0]LogConfig: Setting CVar [[r.Shadow.MaxResolution:2048]]
[2018.12.17-11.17.32:257][  0]LogConfig: Setting CVar [[r.Shadow.MaxCSMResolution:2048]]
[2018.12.17-11.17.32:257][  0]LogConfig: Setting CVar [[r.Shadow.RadiusThreshold:0.01]]
[2018.12.17-11.17.32:257][  0]LogConfig: Setting CVar [[r.Shadow.DistanceScale:1.0]]
[2018.12.17-11.17.32:257][  0]LogConfig: Setting CVar [[r.Shadow.CSM.TransitionScale:1.0]]
[2018.12.17-11.17.32:257][  0]LogConfig: Setting CVar [[r.Shadow.PreShadowResolutionFactor:1.0]]
[2018.12.17-11.17.32:257][  0]LogConfig: Setting CVar [[r.DistanceFieldShadowing:1]]
[2018.12.17-11.17.32:257][  0]LogConfig: Setting CVar [[r.DistanceFieldAO:1]]
[2018.12.17-11.17.32:258][  0]LogConfig: Setting CVar [[r.AOQuality:2]]
[2018.12.17-11.17.32:258][  0]LogConfig: Setting CVar [[r.VolumetricFog:1]]
[2018.12.17-11.17.32:258][  0]LogConfig: Setting CVar [[r.VolumetricFog.GridPixelSize:8]]
[2018.12.17-11.17.32:258][  0]LogConfig: Setting CVar [[r.VolumetricFog.GridSizeZ:128]]
[2018.12.17-11.17.32:258][  0]LogConfig: Setting CVar [[r.VolumetricFog.HistoryMissSupersampleCount:4]]
[2018.12.17-11.17.32:258][  0]LogConfig: Setting CVar [[r.LightMaxDrawDistanceScale:1]]
[2018.12.17-11.17.32:258][  0]LogConfig: Setting CVar [[r.CapsuleShadows:1]]
[2018.12.17-11.17.32:258][  0]LogConfig: Applying CVar settings from Section [PostProcessQuality@3] File [C:/Users/sebastian.tryscien/Documents/Unreal Projects/FGFPSAssignment/Saved/Config/Windows/Scalability.ini]
[2018.12.17-11.17.32:258][  0]LogConfig: Setting CVar [[r.MotionBlurQuality:4]]
[2018.12.17-11.17.32:258][  0]LogConfig: Setting CVar [[r.AmbientOcclusionMipLevelFactor:0.4]]
[2018.12.17-11.17.32:258][  0]LogConfig: Setting CVar [[r.AmbientOcclusionMaxQuality:100]]
[2018.12.17-11.17.32:258][  0]LogConfig: Setting CVar [[r.AmbientOcclusionLevels:-1]]
[2018.12.17-11.17.32:258][  0]LogConfig: Setting CVar [[r.AmbientOcclusionRadiusScale:1.0]]
[2018.12.17-11.17.32:258][  0]LogConfig: Setting CVar [[r.DepthOfFieldQuality:2]]
[2018.12.17-11.17.32:258][  0]LogConfig: Setting CVar [[r.RenderTargetPoolMin:400]]
[2018.12.17-11.17.32:258][  0]LogConfig: Setting CVar [[r.LensFlareQuality:2]]
[2018.12.17-11.17.32:258][  0]LogConfig: Setting CVar [[r.SceneColorFringeQuality:1]]
[2018.12.17-11.17.32:258][  0]LogConfig: Setting CVar [[r.EyeAdaptationQuality:2]]
[2018.12.17-11.17.32:258][  0]LogConfig: Setting CVar [[r.BloomQuality:5]]
[2018.12.17-11.17.32:258][  0]LogConfig: Setting CVar [[r.FastBlurThreshold:100]]
[2018.12.17-11.17.32:258][  0]LogConfig: Setting CVar [[r.Upscale.Quality:3]]
[2018.12.17-11.17.32:258][  0]LogConfig: Setting CVar [[r.Tonemapper.GrainQuantization:1]]
[2018.12.17-11.17.32:258][  0]LogConfig: Setting CVar [[r.LightShaftQuality:1]]
[2018.12.17-11.17.32:258][  0]LogConfig: Setting CVar [[r.Filter.SizeScale:1]]
[2018.12.17-11.17.32:258][  0]LogConfig: Setting CVar [[r.Tonemapper.Quality:5]]
[2018.12.17-11.17.32:259][  0]LogConfig: Setting CVar [[r.DOF.Gather.AccumulatorQuality:1        ; higher gathering accumulator quality]]
[2018.12.17-11.17.32:259][  0]LogConfig: Setting CVar [[r.DOF.Gather.PostfilterMethod:1          ; Median3x3 postfilering method]]
[2018.12.17-11.17.32:259][  0]LogConfig: Setting CVar [[r.DOF.Gather.EnableBokehSettings:0       ; no bokeh simulation when gathering]]
[2018.12.17-11.17.32:259][  0]LogConfig: Setting CVar [[r.DOF.Gather.RingCount:4                 ; medium number of samples when gathering]]
[2018.12.17-11.17.32:259][  0]LogConfig: Setting CVar [[r.DOF.Scatter.ForegroundCompositing:1    ; additive foreground scattering]]
[2018.12.17-11.17.32:259][  0]LogConfig: Setting CVar [[r.DOF.Scatter.BackgroundCompositing:2    ; additive background scattering]]
[2018.12.17-11.17.32:259][  0]LogConfig: Setting CVar [[r.DOF.Scatter.EnableBokehSettings:1      ; bokeh simulation when scattering]]
[2018.12.17-11.17.32:259][  0]LogConfig: Setting CVar [[r.DOF.Scatter.MaxSpriteRatio:0.1         ; only a maximum of 10% of scattered bokeh]]
[2018.12.17-11.17.32:259][  0]LogConfig: Setting CVar [[r.DOF.Recombine.Quality:1                ; cheap slight out of focus]]
[2018.12.17-11.17.32:259][  0]LogConfig: Setting CVar [[r.DOF.Recombine.EnableBokehSettings:0    ; no bokeh simulation on slight out of focus]]
[2018.12.17-11.17.32:259][  0]LogConfig: Setting CVar [[r.DOF.TemporalAAQuality:1                ; more stable temporal accumulation]]
[2018.12.17-11.17.32:259][  0]LogConfig: Setting CVar [[r.DOF.Kernel.MaxForegroundRadius:0.025]]
[2018.12.17-11.17.32:259][  0]LogConfig: Setting CVar [[r.DOF.Kernel.MaxBackgroundRadius:0.025]]
[2018.12.17-11.17.32:259][  0]LogConfig: Applying CVar settings from Section [TextureQuality@3] File [C:/Users/sebastian.tryscien/Documents/Unreal Projects/FGFPSAssignment/Saved/Config/Windows/Scalability.ini]
[2018.12.17-11.17.32:259][  0]LogConfig: Setting CVar [[r.Streaming.MipBias:0]]
[2018.12.17-11.17.32:259][  0]LogConfig: Setting CVar [[r.Streaming.AmortizeCPUToGPUCopy:0]]
[2018.12.17-11.17.32:259][  0]LogConfig: Setting CVar [[r.Streaming.MaxNumTexturesToStreamPerFrame:0]]
[2018.12.17-11.17.32:259][  0]LogConfig: Setting CVar [[r.Streaming.Boost:1]]
[2018.12.17-11.17.32:259][  0]LogConfig: Setting CVar [[r.MaxAnisotropy:8]]
[2018.12.17-11.17.32:259][  0]LogConfig: Setting CVar [[r.Streaming.LimitPoolSizeToVRAM:0]]
[2018.12.17-11.17.32:259][  0]LogConfig: Setting CVar [[r.Streaming.PoolSize:1000]]
[2018.12.17-11.17.32:259][  0]LogConfig: Setting CVar [[r.Streaming.MaxEffectiveScreenSize:0]]
[2018.12.17-11.17.32:259][  0]LogConfig: Applying CVar settings from Section [EffectsQuality@3] File [C:/Users/sebastian.tryscien/Documents/Unreal Projects/FGFPSAssignment/Saved/Config/Windows/Scalability.ini]
[2018.12.17-11.17.32:259][  0]LogConfig: Setting CVar [[r.TranslucencyLightingVolumeDim:64]]
[2018.12.17-11.17.32:259][  0]LogConfig: Setting CVar [[r.RefractionQuality:2]]
[2018.12.17-11.17.32:260][  0]LogConfig: Setting CVar [[r.SSR.Quality:3]]
[2018.12.17-11.17.32:260][  0]LogConfig: Setting CVar [[r.SceneColorFormat:4]]
[2018.12.17-11.17.32:260][  0]LogConfig: Setting CVar [[r.DetailMode:2]]
[2018.12.17-11.17.32:260][  0]LogConfig: Setting CVar [[r.TranslucencyVolumeBlur:1]]
[2018.12.17-11.17.32:260][  0]LogConfig: Setting CVar [[r.MaterialQualityLevel:1 ; High quality]]
[2018.12.17-11.17.32:260][  0]LogConfig: Setting CVar [[r.SSS.Scale:1]]
[2018.12.17-11.17.32:260][  0]LogConfig: Setting CVar [[r.SSS.SampleSet:2]]
[2018.12.17-11.17.32:260][  0]LogConfig: Setting CVar [[r.SSS.Quality:1]]
[2018.12.17-11.17.32:260][  0]LogConfig: Setting CVar [[r.SSS.HalfRes:1]]
[2018.12.17-11.17.32:260][  0]LogConfig: Setting CVar [[r.EmitterSpawnRateScale:1.0]]
[2018.12.17-11.17.32:260][  0]LogConfig: Setting CVar [[r.ParticleLightQuality:2]]
[2018.12.17-11.17.32:260][  0]LogConfig: Applying CVar settings from Section [FoliageQuality@3] File [C:/Users/sebastian.tryscien/Documents/Unreal Projects/FGFPSAssignment/Saved/Config/Windows/Scalability.ini]
[2018.12.17-11.17.32:260][  0]LogConfig: Setting CVar [[foliage.DensityScale:1.0]]
[2018.12.17-11.17.32:260][  0]LogConfig: Setting CVar [[grass.DensityScale:1.0]]
[2018.12.17-11.17.32:260][  0]LogInit: Selected Device Profile: [Windows]
[2018.12.17-11.17.32:260][  0]LogInit: Applying CVar settings loaded from the selected device profile: [Windows]
[2018.12.17-11.17.32:277][  0]LogHAL: Display: Platform has ~ 16 GB [17106509824 / 17179869184 / 16], which maps to Larger [LargestMinGB=32, LargerMinGB=12, DefaultMinGB=8, SmallerMinGB=6, SmallestMinGB=0)
[2018.12.17-11.17.32:277][  0]LogConfig: Setting CVar [[r.Vulkan.UseRealUBs:1]]
[2018.12.17-11.17.32:277][  0]LogInit: Going up to parent DeviceProfile []
[2018.12.17-11.17.32:277][  0]LogConfig: Applying CVar settings from Section [ViewDistanceQuality@3] File [C:/Users/sebastian.tryscien/Documents/Unreal Projects/FGFPSAssignment/Saved/Config/Windows/Scalability.ini]
[2018.12.17-11.17.32:278][  0]LogConfig: Setting CVar [[r.SkeletalMeshLODBias:0]]
[2018.12.17-11.17.32:278][  0]LogConfig: Setting CVar [[r.ViewDistanceScale:1.0]]
[2018.12.17-11.17.32:278][  0]LogConfig: Applying CVar settings from Section [AntiAliasingQuality@3] File [C:/Users/sebastian.tryscien/Documents/Unreal Projects/FGFPSAssignment/Saved/Config/Windows/Scalability.ini]
[2018.12.17-11.17.32:278][  0]LogConfig: Setting CVar [[r.PostProcessAAQuality:4]]
[2018.12.17-11.17.32:278][  0]LogConfig: Applying CVar settings from Section [ShadowQuality@3] File [C:/Users/sebastian.tryscien/Documents/Unreal Projects/FGFPSAssignment/Saved/Config/Windows/Scalability.ini]
[2018.12.17-11.17.32:278][  0]LogConfig: Setting CVar [[r.LightFunctionQuality:1]]
[2018.12.17-11.17.32:278][  0]LogConfig: Setting CVar [[r.ShadowQuality:5]]
[2018.12.17-11.17.32:278][  0]LogConfig: Setting CVar [[r.Shadow.CSM.MaxCascades:10]]
[2018.12.17-11.17.32:278][  0]LogConfig: Setting CVar [[r.Shadow.MaxResolution:2048]]
[2018.12.17-11.17.32:278][  0]LogConfig: Setting CVar [[r.Shadow.MaxCSMResolution:2048]]
[2018.12.17-11.17.32:279][  0]LogConfig: Setting CVar [[r.Shadow.RadiusThreshold:0.01]]
[2018.12.17-11.17.32:279][  0]LogConfig: Setting CVar [[r.Shadow.DistanceScale:1.0]]
[2018.12.17-11.17.32:279][  0]LogConfig: Setting CVar [[r.Shadow.CSM.TransitionScale:1.0]]
[2018.12.17-11.17.32:279][  0]LogConfig: Setting CVar [[r.Shadow.PreShadowResolutionFactor:1.0]]
[2018.12.17-11.17.32:279][  0]LogConfig: Setting CVar [[r.DistanceFieldShadowing:1]]
[2018.12.17-11.17.32:279][  0]LogConfig: Setting CVar [[r.DistanceFieldAO:1]]
[2018.12.17-11.17.32:279][  0]LogConfig: Setting CVar [[r.AOQuality:2]]
[2018.12.17-11.17.32:279][  0]LogConfig: Setting CVar [[r.VolumetricFog:1]]
[2018.12.17-11.17.32:279][  0]LogConfig: Setting CVar [[r.VolumetricFog.GridPixelSize:8]]
[2018.12.17-11.17.32:279][  0]LogConfig: Setting CVar [[r.VolumetricFog.GridSizeZ:128]]
[2018.12.17-11.17.32:279][  0]LogConfig: Setting CVar [[r.VolumetricFog.HistoryMissSupersampleCount:4]]
[2018.12.17-11.17.32:279][  0]LogConfig: Setting CVar [[r.LightMaxDrawDistanceScale:1]]
[2018.12.17-11.17.32:279][  0]LogConfig: Setting CVar [[r.CapsuleShadows:1]]
[2018.12.17-11.17.32:279][  0]LogConfig: Applying CVar settings from Section [PostProcessQuality@3] File [C:/Users/sebastian.tryscien/Documents/Unreal Projects/FGFPSAssignment/Saved/Config/Windows/Scalability.ini]
[2018.12.17-11.17.32:280][  0]LogConfig: Setting CVar [[r.MotionBlurQuality:4]]
[2018.12.17-11.17.32:280][  0]LogConfig: Setting CVar [[r.AmbientOcclusionMipLevelFactor:0.4]]
[2018.12.17-11.17.32:280][  0]LogConfig: Setting CVar [[r.AmbientOcclusionMaxQuality:100]]
[2018.12.17-11.17.32:280][  0]LogConfig: Setting CVar [[r.AmbientOcclusionLevels:-1]]
[2018.12.17-11.17.32:280][  0]LogConfig: Setting CVar [[r.AmbientOcclusionRadiusScale:1.0]]
[2018.12.17-11.17.32:280][  0]LogConfig: Setting CVar [[r.DepthOfFieldQuality:2]]
[2018.12.17-11.17.32:280][  0]LogConfig: Setting CVar [[r.RenderTargetPoolMin:400]]
[2018.12.17-11.17.32:280][  0]LogConfig: Setting CVar [[r.LensFlareQuality:2]]
[2018.12.17-11.17.32:280][  0]LogConfig: Setting CVar [[r.SceneColorFringeQuality:1]]
[2018.12.17-11.17.32:280][  0]LogConfig: Setting CVar [[r.EyeAdaptationQuality:2]]
[2018.12.17-11.17.32:280][  0]LogConfig: Setting CVar [[r.BloomQuality:5]]
[2018.12.17-11.17.32:280][  0]LogConfig: Setting CVar [[r.FastBlurThreshold:100]]
[2018.12.17-11.17.32:280][  0]LogConfig: Setting CVar [[r.Upscale.Quality:3]]
[2018.12.17-11.17.32:280][  0]LogConfig: Setting CVar [[r.Tonemapper.GrainQuantization:1]]
[2018.12.17-11.17.32:280][  0]LogConfig: Setting CVar [[r.LightShaftQuality:1]]
[2018.12.17-11.17.32:280][  0]LogConfig: Setting CVar [[r.Filter.SizeScale:1]]
[2018.12.17-11.17.32:280][  0]LogConfig: Setting CVar [[r.Tonemapper.Quality:5]]
[2018.12.17-11.17.32:280][  0]LogConfig: Setting CVar [[r.DOF.Gather.AccumulatorQuality:1        ; higher gathering accumulator quality]]
[2018.12.17-11.17.32:280][  0]LogConfig: Setting CVar [[r.DOF.Gather.PostfilterMethod:1          ; Median3x3 postfilering method]]
[2018.12.17-11.17.32:280][  0]LogConfig: Setting CVar [[r.DOF.Gather.EnableBokehSettings:0       ; no bokeh simulation when gathering]]
[2018.12.17-11.17.32:281][  0]LogConfig: Setting CVar [[r.DOF.Gather.RingCount:4                 ; medium number of samples when gathering]]
[2018.12.17-11.17.32:281][  0]LogConfig: Setting CVar [[r.DOF.Scatter.ForegroundCompositing:1    ; additive foreground scattering]]
[2018.12.17-11.17.32:281][  0]LogConfig: Setting CVar [[r.DOF.Scatter.BackgroundCompositing:2    ; additive background scattering]]
[2018.12.17-11.17.32:281][  0]LogConfig: Setting CVar [[r.DOF.Scatter.EnableBokehSettings:1      ; bokeh simulation when scattering]]
[2018.12.17-11.17.32:281][  0]LogConfig: Setting CVar [[r.DOF.Scatter.MaxSpriteRatio:0.1         ; only a maximum of 10% of scattered bokeh]]
[2018.12.17-11.17.32:281][  0]LogConfig: Setting CVar [[r.DOF.Recombine.Quality:1                ; cheap slight out of focus]]
[2018.12.17-11.17.32:281][  0]LogConfig: Setting CVar [[r.DOF.Recombine.EnableBokehSettings:0    ; no bokeh simulation on slight out of focus]]
[2018.12.17-11.17.32:281][  0]LogConfig: Setting CVar [[r.DOF.TemporalAAQuality:1                ; more stable temporal accumulation]]
[2018.12.17-11.17.32:281][  0]LogConfig: Setting CVar [[r.DOF.Kernel.MaxForegroundRadius:0.025]]
[2018.12.17-11.17.32:282][  0]LogConfig: Setting CVar [[r.DOF.Kernel.MaxBackgroundRadius:0.025]]
[2018.12.17-11.17.32:282][  0]LogConfig: Applying CVar settings from Section [TextureQuality@3] File [C:/Users/sebastian.tryscien/Documents/Unreal Projects/FGFPSAssignment/Saved/Config/Windows/Scalability.ini]
[2018.12.17-11.17.32:282][  0]LogConfig: Setting CVar [[r.Streaming.MipBias:0]]
[2018.12.17-11.17.32:282][  0]LogConfig: Setting CVar [[r.Streaming.AmortizeCPUToGPUCopy:0]]
[2018.12.17-11.17.32:282][  0]LogConfig: Setting CVar [[r.Streaming.MaxNumTexturesToStreamPerFrame:0]]
[2018.12.17-11.17.32:282][  0]LogConfig: Setting CVar [[r.Streaming.Boost:1]]
[2018.12.17-11.17.32:282][  0]LogConfig: Setting CVar [[r.MaxAnisotropy:8]]
[2018.12.17-11.17.32:282][  0]LogConfig: Setting CVar [[r.Streaming.LimitPoolSizeToVRAM:0]]
[2018.12.17-11.17.32:282][  0]LogConfig: Setting CVar [[r.Streaming.PoolSize:1000]]
[2018.12.17-11.17.32:282][  0]LogConfig: Setting CVar [[r.Streaming.MaxEffectiveScreenSize:0]]
[2018.12.17-11.17.32:282][  0]LogConfig: Applying CVar settings from Section [EffectsQuality@3] File [C:/Users/sebastian.tryscien/Documents/Unreal Projects/FGFPSAssignment/Saved/Config/Windows/Scalability.ini]
[2018.12.17-11.17.32:282][  0]LogConfig: Setting CVar [[r.TranslucencyLightingVolumeDim:64]]
[2018.12.17-11.17.32:282][  0]LogConfig: Setting CVar [[r.RefractionQuality:2]]
[2018.12.17-11.17.32:282][  0]LogConfig: Setting CVar [[r.SSR.Quality:3]]
[2018.12.17-11.17.32:282][  0]LogConfig: Setting CVar [[r.SceneColorFormat:4]]
[2018.12.17-11.17.32:282][  0]LogConfig: Setting CVar [[r.DetailMode:2]]
[2018.12.17-11.17.32:282][  0]LogConfig: Setting CVar [[r.TranslucencyVolumeBlur:1]]
[2018.12.17-11.17.32:282][  0]LogConfig: Setting CVar [[r.MaterialQualityLevel:1 ; High quality]]
[2018.12.17-11.17.32:282][  0]LogConfig: Setting CVar [[r.SSS.Scale:1]]
[2018.12.17-11.17.32:282][  0]LogConfig: Setting CVar [[r.SSS.SampleSet:2]]
[2018.12.17-11.17.32:282][  0]LogConfig: Setting CVar [[r.SSS.Quality:1]]
[2018.12.17-11.17.32:282][  0]LogConfig: Setting CVar [[r.SSS.HalfRes:1]]
[2018.12.17-11.17.32:282][  0]LogConfig: Setting CVar [[r.EmitterSpawnRateScale:1.0]]
[2018.12.17-11.17.32:282][  0]LogConfig: Setting CVar [[r.ParticleLightQuality:2]]
[2018.12.17-11.17.32:282][  0]LogConfig: Applying CVar settings from Section [FoliageQuality@3] File [C:/Users/sebastian.tryscien/Documents/Unreal Projects/FGFPSAssignment/Saved/Config/Windows/Scalability.ini]
[2018.12.17-11.17.32:283][  0]LogConfig: Setting CVar [[foliage.DensityScale:1.0]]
[2018.12.17-11.17.32:283][  0]LogConfig: Setting CVar [[grass.DensityScale:1.0]]
[2018.12.17-11.17.32:283][  0]LogConfig: Applying CVar settings from Section [Startup] File [../../../Engine/Config/ConsoleVariables.ini]
[2018.12.17-11.17.32:283][  0]LogConfig: Setting CVar [[net.UseAdaptiveNetUpdateFrequency:0]]
[2018.12.17-11.17.32:283][  0]LogConfig: Applying CVar settings from Section [ConsoleVariables] File [C:/Users/sebastian.tryscien/Documents/Unreal Projects/FGFPSAssignment/Saved/Config/Windows/Engine.ini]
[2018.12.17-11.17.32:283][  0]LogInit: Computer: FGWH18010
[2018.12.17-11.17.32:283][  0]LogInit: User: sebastiantryscien
[2018.12.17-11.17.32:283][  0]LogInit: CPU Page size=4096, Cores=6
[2018.12.17-11.17.32:283][  0]LogInit: High frequency timer resolution =2.742186 MHz
[2018.12.17-11.17.32:283][  0]LogMemory: Memory total: Physical=15.9GB (16GB approx)
[2018.12.17-11.17.32:283][  0]LogMemory: Platform Memory Stats for Windows
[2018.12.17-11.17.32:283][  0]LogMemory: Process Physical Memory: 103.25 MB used, 103.25 MB peak
[2018.12.17-11.17.32:283][  0]LogMemory: Process Virtual Memory: 93.94 MB used, 93.94 MB peak
[2018.12.17-11.17.32:284][  0]LogMemory: Physical Memory: 6915.65 MB used,  9398.39 MB free, 16314.04 MB total
[2018.12.17-11.17.32:284][  0]LogMemory: Virtual Memory: 4645.60 MB used,  134213080.00 MB free, 134217728.00 MB total
[2018.12.17-11.17.32:816][  0]LogInit: Using OS detected language (en-US).
[2018.12.17-11.17.32:816][  0]LogInit: Using OS detected locale (en-SE).
[2018.12.17-11.17.32:817][  0]LogTextLocalizationManager: No specific localization for 'en-US' exists, so the 'en' localization will be used.
[2018.12.17-11.17.33:215][  0]LogStreaming: Display: Took  0.398s to InitEngineTextLocalization.
[2018.12.17-11.17.33:215][  0]LogInit: Setting process to per monitor DPI aware
[2018.12.17-11.17.33:304][  0]LogSlate: New Slate User Created.  User Index 0, Is Virtual User: 0
[2018.12.17-11.17.33:304][  0]LogSlate: Slate User Registered.  User Index 0, Is Virtual User: 0
[2018.12.17-11.17.35:666][  0]LogHMD: Failed to initialize OpenVR with code 110
[2018.12.17-11.17.35:666][  0]LogD3D11RHI: D3D11 adapters:
[2018.12.17-11.17.35:759][  0]LogD3D11RHI:    0. 'NVIDIA GeForce GTX 1060 6GB' (Feature Level 11_0)
[2018.12.17-11.17.35:759][  0]LogD3D11RHI:       6052/0/8157 MB DedicatedVideo/DedicatedSystem/SharedSystem, Outputs:2, VendorId:0x10de
[2018.12.17-11.17.35:764][  0]LogD3D11RHI:    1. 'Microsoft Basic Render Driver' (Feature Level 11_0)
[2018.12.17-11.17.35:764][  0]LogD3D11RHI:       0/0/8157 MB DedicatedVideo/DedicatedSystem/SharedSystem, Outputs:0, VendorId:0x1414
[2018.12.17-11.17.35:765][  0]LogD3D11RHI: Chosen D3D11 Adapter: 0
[2018.12.17-11.17.35:771][  0]LogD3D11RHI: Creating new Direct3DDevice
[2018.12.17-11.17.35:771][  0]LogD3D11RHI:     GPU DeviceId: 0x1c03 (for the marketing name, search the web for "GPU Device Id")
[2018.12.17-11.17.35:771][  0]LogWindows: EnumDisplayDevices:
[2018.12.17-11.17.35:771][  0]LogWindows:    0. 'NVIDIA GeForce GTX 1060 6GB' (P:0 D:1)
[2018.12.17-11.17.35:771][  0]LogWindows:    1. 'NVIDIA GeForce GTX 1060 6GB' (P:1 D:1)
[2018.12.17-11.17.35:771][  0]LogWindows:    2. 'NVIDIA GeForce GTX 1060 6GB' (P:0 D:0)
[2018.12.17-11.17.35:772][  0]LogWindows:    3. 'NVIDIA GeForce GTX 1060 6GB' (P:0 D:0)
[2018.12.17-11.17.35:772][  0]LogWindows: DebugString: FoundDriverCount:4 
[2018.12.17-11.17.35:772][  0]LogD3D11RHI:     Adapter Name: NVIDIA GeForce GTX 1060 6GB
[2018.12.17-11.17.35:772][  0]LogD3D11RHI:   Driver Version: 417.22 (internal:25.21.14.1722, unified:417.22)
[2018.12.17-11.17.35:772][  0]LogD3D11RHI:      Driver Date: 11-29-2018
[2018.12.17-11.17.35:772][  0]LogRHI: Texture pool is 4236 MB (70% of 6052 MB)
[2018.12.17-11.17.35:812][  0]LogD3D11RHI: Async texture creation enabled
[2018.12.17-11.17.35:848][  0]LogD3D11RHI: GPU Timing Frequency: 1000.000000 (Debug: 2 2)
[2018.12.17-11.17.36:257][  0]LogTemp: Display: Loaded TP AllDesktopTargetPlatform
[2018.12.17-11.17.36:318][  0]LogTemp: Display: Loaded TP MacClientTargetPlatform
[2018.12.17-11.17.36:366][  0]LogTemp: Display: Loaded TP MacNoEditorTargetPlatform
[2018.12.17-11.17.36:411][  0]LogTemp: Display: Loaded TP MacServerTargetPlatform
[2018.12.17-11.17.36:461][  0]LogTemp: Display: Loaded TP MacTargetPlatform
[2018.12.17-11.17.36:505][  0]LogTemp: Display: Loaded TP WindowsClientTargetPlatform
[2018.12.17-11.17.36:543][  0]LogTemp: Display: Loaded TP WindowsNoEditorTargetPlatform
[2018.12.17-11.17.36:584][  0]LogTemp: Display: Loaded TP WindowsServerTargetPlatform
[2018.12.17-11.17.36:619][  0]LogTemp: Display: Loaded TP WindowsTargetPlatform
[2018.12.17-11.17.36:722][  0]LogTemp: Display: Loaded TP AndroidTargetPlatform
[2018.12.17-11.17.36:722][  0]LogTemp: Display: Loaded TP AndroidTargetPlatform
[2018.12.17-11.17.36:722][  0]LogTemp: Display: Loaded TP AndroidTargetPlatform
[2018.12.17-11.17.36:722][  0]LogTemp: Display: Loaded TP AndroidTargetPlatform
[2018.12.17-11.17.36:722][  0]LogTemp: Display: Loaded TP AndroidTargetPlatform
[2018.12.17-11.17.36:722][  0]LogTemp: Display: Loaded TP AndroidTargetPlatform
[2018.12.17-11.17.36:722][  0]LogTemp: Display: Loaded TP AndroidTargetPlatform
[2018.12.17-11.17.36:722][  0]LogTemp: Display: Loaded TP AndroidTargetPlatform
[2018.12.17-11.17.36:722][  0]LogTemp: Display: Loaded TP AndroidTargetPlatform
[2018.12.17-11.17.36:722][  0]LogTemp: Display: Loaded TP AndroidTargetPlatform
[2018.12.17-11.17.36:722][  0]LogTemp: Display: Loaded TP AndroidTargetPlatform
[2018.12.17-11.17.36:722][  0]LogTemp: Display: Loaded TP AndroidTargetPlatform
[2018.12.17-11.17.36:722][  0]LogTemp: Display: Loaded TP AndroidTargetPlatform
[2018.12.17-11.17.36:722][  0]LogTemp: Display: Loaded TP AndroidTargetPlatform
[2018.12.17-11.17.36:722][  0]LogTemp: Display: Loaded TP AndroidTargetPlatform
[2018.12.17-11.17.36:722][  0]LogTemp: Display: Loaded TP AndroidTargetPlatform
[2018.12.17-11.17.36:722][  0]LogTemp: Display: Loaded TP AndroidTargetPlatform
[2018.12.17-11.17.36:722][  0]LogTemp: Display: Loaded TP AndroidTargetPlatform
[2018.12.17-11.17.36:748][  0]LogTemp: Display: Loaded TP HTML5TargetPlatform
[2018.12.17-11.17.36:917][  0]LogTemp: Display: Loaded TP IOSTargetPlatform
[2018.12.17-11.17.36:917][  0]LogTemp: Display: Loaded TP IOSTargetPlatform
[2018.12.17-11.17.36:969][  0]LogTemp: Display: Loaded TP TVOSTargetPlatform
[2018.12.17-11.17.36:969][  0]LogTemp: Display: Loaded TP TVOSTargetPlatform
[2018.12.17-11.17.37:014][  0]LogTemp: Display: Loaded TP LinuxClientTargetPlatform
[2018.12.17-11.17.37:055][  0]LogTemp: Display: Loaded TP LinuxNoEditorTargetPlatform
[2018.12.17-11.17.37:087][  0]LogTemp: Display: Loaded TP LinuxServerTargetPlatform
[2018.12.17-11.17.37:143][  0]LogTemp: Display: Loaded TP LinuxTargetPlatform
[2018.12.17-11.17.37:219][  0]LogTemp: Display: Loaded TP LuminTargetPlatform
[2018.12.17-11.17.37:219][  0]LogTemp: Display: Loaded TP LuminTargetPlatform
[2018.12.17-11.17.37:219][  0]LogTargetPlatformManager: Display: Building Assets For Windows
[2018.12.17-11.17.38:140][  0]LogShaderCompilers: Guid format shader working directory is -11 characters bigger than the processId version (C:/Users/sebastian.tryscien/Documents/Unreal Projects/FGFPSAssignment/Intermediate/Shaders/WorkingDirectory/13624/).
[2018.12.17-11.17.38:140][  0]LogShaderCompilers: Cleaned the shader compiler working directory 'C:/Users/sebastian.tryscien/AppData/Local/Temp/UnrealShaderWorkingDir/A1E97B514601BDD5397200A320355AE2/'.
[2018.12.17-11.17.38:144][  0]LogXGEController: Cleaning working directory: C:/Users/sebastian.tryscien/AppData/Local/Temp/UnrealXGEWorkingDir/
[2018.12.17-11.17.38:145][  0]LogXGEController: Cannot use XGE Controller as Incredibuild is not installed on this machine.
[2018.12.17-11.17.38:145][  0]LogShaderCompilers: Cannot use XGE Shader Compiler as Incredibuild is not installed on this machine.
[2018.12.17-11.17.38:146][  0]LogShaderCompilers: Display: Using Local Shader Compiler.
[2018.12.17-11.17.39:849][  0]LogDerivedDataCache: Display: Max Cache Size: 512 MB
[2018.12.17-11.17.39:908][  0]LogDerivedDataCache: Loaded boot cache 0.06s 71MB C:/Users/sebastian.tryscien/AppData/Local/UnrealEngine/4.21/DerivedDataCache/Boot.ddc.
[2018.12.17-11.17.39:909][  0]LogDerivedDataCache: Display: Loaded Boot cache: C:/Users/sebastian.tryscien/AppData/Local/UnrealEngine/4.21/DerivedDataCache/Boot.ddc
[2018.12.17-11.17.39:909][  0]LogDerivedDataCache: FDerivedDataBackendGraph:  Pak pak cache file C:/Users/sebastian.tryscien/Documents/Unreal Projects/FGFPSAssignment/DerivedDataCache/DDC.ddp not found, will not use a pak cache.
[2018.12.17-11.17.39:909][  0]LogDerivedDataCache: Unable to find inner node Pak for hierarchical cache Hierarchy.
[2018.12.17-11.17.39:909][  0]LogDerivedDataCache: FDerivedDataBackendGraph:  CompressedPak pak cache file C:/Users/sebastian.tryscien/Documents/Unreal Projects/FGFPSAssignment/DerivedDataCache/Compressed.ddp not found, will not use a pak cache.
[2018.12.17-11.17.39:909][  0]LogDerivedDataCache: Unable to find inner node CompressedPak for hierarchical cache Hierarchy.
[2018.12.17-11.17.39:935][  0]LogDerivedDataCache: Display: Pak cache opened for reading ../../../Engine/DerivedDataCache/Compressed.ddp.
[2018.12.17-11.17.39:935][  0]LogDerivedDataCache: FDerivedDataBackendGraph:  EnterprisePak pak cache file ../../../Enterprise/DerivedDataCache/Compressed.ddp not found, will not use a pak cache.
[2018.12.17-11.17.39:935][  0]LogDerivedDataCache: Unable to find inner node EnterprisePak for hierarchical cache Hierarchy.
[2018.12.17-11.17.39:947][  0]LogDerivedDataCache: Using Local data cache path C:/Users/sebastian.tryscien/AppData/Local/UnrealEngine/Common/DerivedDataCache: Writable
[2018.12.17-11.17.39:947][  0]LogDerivedDataCache: Shared data cache path not found in *engine.ini, will not use an Shared cache.
[2018.12.17-11.17.39:947][  0]LogDerivedDataCache: Unable to find inner node Shared for hierarchical cache Hierarchy.
[2018.12.17-11.17.39:967][  0]LogMaterial: Verifying Global Shaders for PCD3D_SM5
[2018.12.17-11.17.39:969][  0]LogSlate: Using FreeType 2.6.0
[2018.12.17-11.17.39:983][  0]LogSlate: SlateFontServices - WITH_FREETYPE: 1, WITH_HARFBUZZ: 1
[2018.12.17-11.17.40:079][  0]LogAssetRegistry: FAssetRegistry took 0.0345 seconds to start up
[2018.12.17-11.17.40:268][  0]LogCollisionProfile: Warning: Profile (Trigger) - Custom Channel Name = 'Projectile' hasn't been found
[2018.12.17-11.17.40:268][  0]LogCollisionProfile: Warning: Profile (Interaction) - Custom Channel Name = 'Projectile' hasn't been found
[2018.12.17-11.17.40:392][  0]LogInit: Selected Device Profile: [Windows]
[2018.12.17-11.17.41:057][  0]LogSimplygon: Simplygon DLL not present - disabling.
[2018.12.17-11.17.41:237][  0]LogMeshReduction: Using SimplygonSwarm for distributed automatic mesh merging
[2018.12.17-11.17.41:243][  0]LogMeshReduction: Using ProxyLODMeshReduction for automatic mesh merging
[2018.12.17-11.17.41:244][  0]LogMeshReduction: Using QuadricMeshReduction for automatic static mesh reduction
[2018.12.17-11.17.41:244][  0]LogMeshReduction: No automatic skeletal mesh reduction module available
[2018.12.17-11.17.41:278][  0]LogNetVersion: FGFPS 1.0.0, NetCL: 4541578, EngineNetVer: 5, GameNetVer: 0 (Checksum: 2703805849)
[2018.12.17-11.17.42:296][  0]LogPackageLocalizationCache: Processed 11 localized package path(s) for 2 prioritized culture(s) in 0.088252 seconds
[2018.12.17-11.17.42:303][  0]LogUObjectArray: 39775 objects as part of root set at end of initial load.
[2018.12.17-11.17.42:303][  0]LogUObjectAllocator: 6914656 out of 0 bytes used by permanent object pool.
[2018.12.17-11.17.42:303][  0]LogUObjectArray: CloseDisregardForGC: 0/0 objects in disregard for GC pool
[2018.12.17-11.17.43:696][  0]LogTcpMessaging: Initializing TcpMessaging bridge
[2018.12.17-11.17.43:734][  0]LogUdpMessaging: Initializing bridge on interface 0.0.0.0:0 to multicast group 230.0.0.1:6666.
[2018.12.17-11.17.44:688][  0]SourceControl: Source control is disabled
[2018.12.17-11.17.44:688][  0]SourceControl: Source control is disabled
[2018.12.17-11.17.44:700][  0]SourceControl: Source control is disabled
[2018.12.17-11.17.44:707][  0]SourceControl: Source control is disabled
[2018.12.17-11.17.45:098][  0]LogAndroidPermission: UAndroidPermissionCallbackProxy::GetInstance
[2018.12.17-11.17.45:327][  0]LogOcInput: OculusInput pre-init called
[2018.12.17-11.17.45:507][  0]LogEngine: Initializing Engine...
[2018.12.17-11.17.45:510][  0]LogHMD: Failed to initialize OpenVR with code 110
[2018.12.17-11.17.45:512][  0]LogStats: UGameplayTagsManager::ConstructGameplayTagTree: ImportINI prefixes -  0.000 s
[2018.12.17-11.17.45:512][  0]LogStats: UGameplayTagsManager::ConstructGameplayTagTree: Construct from data asset -  0.000 s
[2018.12.17-11.17.45:512][  0]LogStats: UGameplayTagsManager::ConstructGameplayTagTree: ImportINI -  0.000 s
[2018.12.17-11.17.45:512][  0]LogStats: UGameplayTagsManager::ConstructGameplayTagTree: GameplayTagTreeChangedEvent.Broadcast -  0.000 s
[2018.12.17-11.17.45:828][  0]LogInit: Initializing FReadOnlyCVARCache
[2018.12.17-11.17.45:845][  0]LogAIModule: Creating AISystem for world Untitled
[2018.12.17-11.17.45:883][  0]LogInit: XAudio2 using 'Speakers (Realtek High Definition Audio)' : 6 channels at 48 kHz using 32 bits per sample (channel mask 0x3f)
[2018.12.17-11.17.45:923][  0]LogInit: FAudioDevice initialized.
[2018.12.17-11.17.45:924][  0]LogNetVersion: Set ProjectVersion to 1.0.0.0. Version Checksum will be recalculated on next use.
[2018.12.17-11.17.46:029][  0]LogDerivedDataCache: Saved boot cache 0.10s 71MB C:/Users/sebastian.tryscien/AppData/Local/UnrealEngine/4.21/DerivedDataCache/Boot.ddc.
[2018.12.17-11.17.46:032][  0]LogInit: Texture streaming: Enabled
[2018.12.17-11.17.46:062][  0]LogEngineSessionManager: EngineSessionManager initialized
[2018.12.17-11.17.46:077][  0]LogInit: Transaction tracking system initialized
[2018.12.17-11.17.46:127][  0]BlueprintLog: New page: Editor Load
[2018.12.17-11.17.46:305][  0]LocalizationService: Localization service is disabled
[2018.12.17-11.17.46:621][  0]LogLinker: Warning: Can't find file '/Game/VehicleCPP/VehicleOverview'
[2018.12.17-11.17.46:621][  0]LogLinker: Warning: Can't find file '/Game/VehicleCPP/VehicleOverview'
[2018.12.17-11.17.46:622][  0]LogUObjectGlobals: Warning: Failed to find object 'Class /Game/VehicleCPP/VehicleOverview.VehicleOverview_C'
[2018.12.17-11.17.46:884][  0]LogFileCache: Scanning file cache for directory 'C:/Users/sebastian.tryscien/Documents/Unreal Projects/FGFPSAssignment/Content/' took 0.02s
[2018.12.17-11.17.46:884][  0]LogCook: Display: Max memory allowance for cook 16384mb min free memory 0mb
[2018.12.17-11.17.46:884][  0]LogCook: Display: Mobile HDR setting 1
[2018.12.17-11.17.46:884][  0]LogGameplayTags: Display: UGameplayTagsManager::DoneAddingNativeTags. DelegateIsBound: 0
[2018.12.17-11.17.46:885][  0]LogStats: UGameplayTagsManager::ConstructGameplayTagTree: ImportINI prefixes -  0.000 s
[2018.12.17-11.17.46:885][  0]LogStats: UGameplayTagsManager::ConstructGameplayTagTree: Construct from data asset -  0.000 s
[2018.12.17-11.17.46:885][  0]LogStats: UGameplayTagsManager::ConstructGameplayTagTree: ImportINI -  0.000 s
[2018.12.17-11.17.46:885][  0]LogStats: UGameplayTagsManager::ConstructGameplayTagTree: GameplayTagTreeChangedEvent.Broadcast -  0.000 s
[2018.12.17-11.17.47:177][  0]SourceControl: Source control is disabled
[2018.12.17-11.17.47:178][  0]Cmd: MAP LOAD FILE="C:/Users/sebastian.tryscien/Documents/Unreal Projects/FGFPSAssignment/Content/Maps/FirstPersonExampleMap.umap" TEMPLATE=0 SHOWPROGRESS=1 FEATURELEVEL=3
[2018.12.17-11.17.47:182][  0]LightingResults: New page: Lighting Build
[2018.12.17-11.17.47:184][  0]MapCheck: New page: Map Check
[2018.12.17-11.17.47:185][  0]LightingResults: New page: Lighting Build
[2018.12.17-11.17.47:565][  0]LogBlueprint: Warning: [Compiler Ue4ASP_Character] InputAction Event references unknown Action 'Crouch' for  InputAction Crouch
[2018.12.17-11.17.47:574][  0]LogBlueprint: Warning: [Compiler Ue4ASP_Character] [0019.18] Compile of Ue4ASP_Character successful, but with 1 Warning(s) [in 35 ms] (/Game/AnimStarterPack/Ue4ASP_Character.Ue4ASP_Character)
[2018.12.17-11.17.48:356][  0]LogSkeletalMesh: Building Skeletal Mesh SK_FPGun...
[2018.12.17-11.17.48:401][  0]LogSkeletalMesh: Built Skeletal Mesh [0.06s] /Game/Assets/FPWeapon/Mesh/SK_FPGun.SK_FPGun
[2018.12.17-11.17.48:431][  0]LogAnimationCompression: Building Anim DDC data for AnimSequence /Game/AnimStarterPack/Death_4_Short.Death_4_Short
[2018.12.17-11.17.48:463][  0]LogAnimationCompression: Recompressing (AnimSequence /Game/AnimStarterPack/Death_4_Short.Death_4_Short) using current/default (AnimCompress_BitwiseCompressOnly_2) bFirstRecompressUsingCurrentOrDefault(1) bTryAlternateCompressor(0) IsCompressedDataValid(0)
[2018.12.17-11.17.48:497][  0]LogAnimationCompression: Building Anim DDC data for AnimSequence /Game/AnimStarterPack/Hit_React_4.Hit_React_4
[2018.12.17-11.17.48:498][  0]LogAnimationCompression: Recompressing (AnimSequence /Game/AnimStarterPack/Hit_React_4.Hit_React_4) using current/default (AnimCompress_BitwiseCompressOnly_28) bFirstRecompressUsingCurrentOrDefault(1) bTryAlternateCompressor(0) IsCompressedDataValid(0)
[2018.12.17-11.17.48:576][  0]LogAIModule: Creating AISystem for world FirstPersonExampleMap
[2018.12.17-11.17.48:589][  0]LogEditorServer: Finished looking for orphan Actors (0.000 secs)
[2018.12.17-11.17.48:618][  0]Cmd: MAP CHECKDEP NOCLEARLOG
[2018.12.17-11.17.48:618][  0]MapCheck: Map check complete: 0 Error(s), 0 Warning(s), took 0.329ms to complete.
[2018.12.17-11.17.48:619][  0]LogFileHelpers: Loading map 'FirstPersonExampleMap' took 1.441
[2018.12.17-11.17.48:720][  0]LogSlate: Updating window title bar state: overlay mode, drag disabled, window buttons hidden, title bar hidden
[2018.12.17-11.17.48:727][  0]LogSlate: Updating window title bar state: overlay mode, drag disabled, window buttons hidden, title bar hidden
[2018.12.17-11.17.48:735][  0]LogSlate: Updating window title bar state: overlay mode, drag disabled, window buttons hidden, title bar hidden
[2018.12.17-11.17.48:742][  0]LogSlate: Updating window title bar state: overlay mode, drag disabled, window buttons hidden, title bar hidden
[2018.12.17-11.17.48:754][  0]LogCollectionManager: Loaded 0 collections in 0.001236 seconds
[2018.12.17-11.17.48:790][  0]LogFileCache: Scanning file cache for directory 'C:/Users/sebastian.tryscien/Documents/Unreal Projects/FGFPSAssignment/Saved/Collections/' took 0.02s
[2018.12.17-11.17.48:790][  0]LogFileCache: Scanning file cache for directory 'C:/Users/sebastian.tryscien/Documents/Unreal Projects/FGFPSAssignment/Content/Developers/sebastiantryscien/Collections/' took 0.01s
[2018.12.17-11.17.48:790][  0]LogFileCache: Scanning file cache for directory 'C:/Users/sebastian.tryscien/Documents/Unreal Projects/FGFPSAssignment/Content/Collections/' took 0.00s
[2018.12.17-11.17.48:790][  0]LogCollectionManager: Rebuilt the GUID cache for 0 collections in 0.000000 seconds
[2018.12.17-11.17.48:799][  0]LogContentBrowser: Native class hierarchy populated in 0.0086 seconds. Added 2665 classes and 629 folders.
[2018.12.17-11.17.48:805][  0]LogContentBrowser: Native class hierarchy updated for 'WidgetCarousel' in 0.0004 seconds. Added 0 classes and 0 folders.
[2018.12.17-11.17.48:806][  0]LogPakFile: Registered encryption key '00000000000000000000000000000000': 0 pak files mounted, 0 remain pending
[2018.12.17-11.17.48:807][  0]LogPakFile: Registered encryption key '00000000000000000000000000000000': 0 pak files mounted, 0 remain pending
[2018.12.17-11.17.48:808][  0]LogPakFile: Registered encryption key '00000000000000000000000000000000': 0 pak files mounted, 0 remain pending
[2018.12.17-11.17.48:809][  0]LogPakFile: Registered encryption key '00000000000000000000000000000000': 0 pak files mounted, 0 remain pending
[2018.12.17-11.17.48:809][  0]LogPakFile: Registered encryption key '00000000000000000000000000000000': 0 pak files mounted, 0 remain pending
[2018.12.17-11.17.48:810][  0]LogPakFile: Registered encryption key '00000000000000000000000000000000': 0 pak files mounted, 0 remain pending
[2018.12.17-11.17.48:810][  0]LogPakFile: Registered encryption key '00000000000000000000000000000000': 0 pak files mounted, 0 remain pending
[2018.12.17-11.17.48:810][  0]LogPakFile: Registered encryption key '00000000000000000000000000000000': 0 pak files mounted, 0 remain pending
[2018.12.17-11.17.48:811][  0]LogPakFile: Registered encryption key '00000000000000000000000000000000': 0 pak files mounted, 0 remain pending
[2018.12.17-11.17.48:811][  0]LogPakFile: Registered encryption key '00000000000000000000000000000000': 0 pak files mounted, 0 remain pending
[2018.12.17-11.17.48:812][  0]LogPakFile: Registered encryption key '00000000000000000000000000000000': 0 pak files mounted, 0 remain pending
[2018.12.17-11.17.48:813][  0]LogPakFile: Registered encryption key '00000000000000000000000000000000': 0 pak files mounted, 0 remain pending
[2018.12.17-11.17.48:813][  0]LogPakFile: Registered encryption key '00000000000000000000000000000000': 0 pak files mounted, 0 remain pending
[2018.12.17-11.17.48:814][  0]LogPakFile: Registered encryption key '00000000000000000000000000000000': 0 pak files mounted, 0 remain pending
[2018.12.17-11.17.48:814][  0]LogPakFile: Registered encryption key '00000000000000000000000000000000': 0 pak files mounted, 0 remain pending
[2018.12.17-11.17.48:815][  0]LogPakFile: Registered encryption key '00000000000000000000000000000000': 0 pak files mounted, 0 remain pending
[2018.12.17-11.17.48:816][  0]LogPakFile: Registered encryption key '00000000000000000000000000000000': 0 pak files mounted, 0 remain pending
[2018.12.17-11.17.48:816][  0]LogPakFile: Registered encryption key '00000000000000000000000000000000': 0 pak files mounted, 0 remain pending
[2018.12.17-11.17.48:817][  0]LogPakFile: Registered encryption key '00000000000000000000000000000000': 0 pak files mounted, 0 remain pending
[2018.12.17-11.17.48:818][  0]LogPakFile: Registered encryption key '00000000000000000000000000000000': 0 pak files mounted, 0 remain pending
[2018.12.17-11.17.48:818][  0]LogPakFile: Registered encryption key '00000000000000000000000000000000': 0 pak files mounted, 0 remain pending
[2018.12.17-11.17.48:819][  0]LogPakFile: Registered encryption key '00000000000000000000000000000000': 0 pak files mounted, 0 remain pending
[2018.12.17-11.17.48:820][  0]LogPakFile: Registered encryption key '00000000000000000000000000000000': 0 pak files mounted, 0 remain pending
[2018.12.17-11.17.48:820][  0]LogPakFile: Registered encryption key '00000000000000000000000000000000': 0 pak files mounted, 0 remain pending
[2018.12.17-11.17.48:821][  0]LogPakFile: Registered encryption key '00000000000000000000000000000000': 0 pak files mounted, 0 remain pending
[2018.12.17-11.17.48:822][  0]LogPakFile: Registered encryption key '00000000000000000000000000000000': 0 pak files mounted, 0 remain pending
[2018.12.17-11.17.48:867][  0]LogContentBrowser: Native class hierarchy updated for 'AddContentDialog' in 0.0004 seconds. Added 0 classes and 0 folders.
[2018.12.17-11.17.48:877][  0]LogContentBrowser: Native class hierarchy updated for 'SceneOutliner' in 0.0004 seconds. Added 1 classes and 2 folders.
[2018.12.17-11.17.48:957][  0]LogSlate: Took 0.000276 seconds to synchronously load lazily loaded font '../../../Engine/Content/Slate/Fonts/Roboto-Regular.ttf' (155K)
[2018.12.17-11.17.48:960][  0]LogSlate: Took 0.000214 seconds to synchronously load lazily loaded font '../../../Engine/Content/Slate/Fonts/Roboto-Bold.ttf' (160K)
[2018.12.17-11.17.48:965][  0]LogSlate: Took 0.000242 seconds to synchronously load lazily loaded font '../../../Engine/Content/Editor/Slate/Fonts/FontAwesome.ttf' (139K)
[2018.12.17-11.17.49:044][  0]LogRenderer: Reallocating scene render targets to support 1208x576 Format 10 NumSamples 1 (Frame:1).
[2018.12.17-11.17.49:268][  0]LogContentBrowser: Native class hierarchy updated for 'HierarchicalLODOutliner' in 0.0004 seconds. Added 0 classes and 0 folders.
[2018.12.17-11.17.49:268][  0]LogLoad: (Engine Initialization) Total time: 20.87 seconds
[2018.12.17-11.17.49:268][  0]LogLoad: (Engine Initialization) Total Blueprint compile time: 0.00 seconds
[2018.12.17-11.17.49:534][  0]LogContentStreaming: Texture pool size now 1000 MB
[2018.12.17-11.17.49:547][  0]LogSlate: Took 0.000199 seconds to synchronously load lazily loaded font '../../../Engine/Content/Slate/Fonts/Roboto-Light.ttf' (167K)
[2018.12.17-11.17.56:595][595]LogAssetRegistry: Asset discovery search completed in 16.5417 seconds
[2018.12.17-11.17.56:600][595]LogCollectionManager: Rebuilt the object cache for 0 collections in 0.000001 seconds (found 0 objects)
[2018.12.17-11.17.56:600][595]LogCollectionManager: Fixed up redirectors for 0 collections in 0.000251 seconds (updated 0 objects)
[2018.12.17-11.20.41:933][ 91]LogSlate: FSceneViewport::OnFocusLost() reason 0
[2018.12.17-11.21.42:243][741]LogSlate: FSceneViewport::OnFocusLost() reason 0
[2018.12.17-11.22.03:464][162]LogTemp: Repeating last play command: Selected Viewport
[2018.12.17-11.22.03:469][162]LogBlueprintUserMessages: Early PlayInEditor Detection: Level '/Game/Maps/FirstPersonExampleMap.FirstPersonExampleMap:PersistentLevel' has LevelScriptBlueprint '/Game/Maps/FirstPersonExampleMap.FirstPersonExampleMap:PersistentLevel.FirstPersonExampleMap' with GeneratedClass '/Game/Maps/FirstPersonExampleMap.FirstPersonExampleMap_C' with ClassGeneratedBy '/Game/Maps/FirstPersonExampleMap.FirstPersonExampleMap:PersistentLevel.FirstPersonExampleMap'
[2018.12.17-11.22.03:469][162]LogPlayLevel: PlayLevel: No blueprints needed recompiling
[2018.12.17-11.22.03:470][162]PIE: New page: PIE session: FirstPersonExampleMap (Dec 17, 2018, 1:22:03 PM)
[2018.12.17-11.22.03:484][162]LogPlayLevel: Creating play world package: /Game/Maps/UEDPIE_0_FirstPersonExampleMap
[2018.12.17-11.22.03:501][162]LogPlayLevel: PIE: StaticDuplicateObject took: (0.016430s)
[2018.12.17-11.22.03:502][162]LogAIModule: Creating AISystem for world FirstPersonExampleMap
[2018.12.17-11.22.03:502][162]LogPlayLevel: PIE: World Init took: (0.000730s)
[2018.12.17-11.22.03:502][162]LogPlayLevel: PIE: Created PIE world by copying editor world from /Game/Maps/FirstPersonExampleMap.FirstPersonExampleMap to /Game/Maps/UEDPIE_0_FirstPersonExampleMap.FirstPersonExampleMap (0.017740s)
[2018.12.17-11.22.03:547][162]LogInit: XAudio2 using 'Speakers (Realtek High Definition Audio)' : 6 channels at 48 kHz using 32 bits per sample (channel mask 0x3f)
[2018.12.17-11.22.03:559][162]LogInit: FAudioDevice initialized.
[2018.12.17-11.22.03:605][162]LogLoad: Game class is 'BP_GameMode_C'
[2018.12.17-11.22.03:609][162]LogWorld: Bringing World /Game/Maps/UEDPIE_0_FirstPersonExampleMap.FirstPersonExampleMap up for play (max tick rate 0) at 2018.12.17-12.22.03
[2018.12.17-11.22.03:610][162]LogWorld: Bringing up level for play took: 0.002638
[2018.12.17-11.22.03:623][162]LogSpawn: Warning: SpawnActor failed because no class was specified
[2018.12.17-11.22.03:626][162]LogContentBrowser: Native class hierarchy updated for 'MovieSceneCapture' in 0.0005 seconds. Added 20 classes and 0 folders.
[2018.12.17-11.22.03:626][162]LogGameMode: Display: Match State Changed from EnteringMap to WaitingToStart
[2018.12.17-11.22.03:626][162]LogGameState: Match State Changed from EnteringMap to WaitingToStart
[2018.12.17-11.22.03:626][162]LogGameMode: Display: Match State Changed from WaitingToStart to InProgress
[2018.12.17-11.22.03:638][162]LogGameState: Match State Changed from WaitingToStart to InProgress
[2018.12.17-11.22.03:638][162]PIE: Play in editor start time for /Game/Maps/UEDPIE_0_FirstPersonExampleMap 0.923
[2018.12.17-11.22.03:638][162]LogBlueprintUserMessages: Late PlayInEditor Detection: Level '/Game/Maps/FirstPersonExampleMap.FirstPersonExampleMap:PersistentLevel' has LevelScriptBlueprint '/Game/Maps/FirstPersonExampleMap.FirstPersonExampleMap:PersistentLevel.FirstPersonExampleMap' with GeneratedClass '/Game/Maps/FirstPersonExampleMap.FirstPersonExampleMap_C' with ClassGeneratedBy '/Game/Maps/FirstPersonExampleMap.FirstPersonExampleMap:PersistentLevel.FirstPersonExampleMap'
[2018.12.17-11.22.16:843][740]LogBlueprintUserMessages: Early EndPlayMap Detection: Level '/Game/Maps/FirstPersonExampleMap.FirstPersonExampleMap:PersistentLevel' has LevelScriptBlueprint '/Game/Maps/FirstPersonExampleMap.FirstPersonExampleMap:PersistentLevel.FirstPersonExampleMap' with GeneratedClass '/Game/Maps/FirstPersonExampleMap.FirstPersonExampleMap_C' with ClassGeneratedBy '/Game/Maps/FirstPersonExampleMap.FirstPersonExampleMap:PersistentLevel.FirstPersonExampleMap'
[2018.12.17-11.22.16:843][740]LogSlate: Updating window title bar state: overlay mode, drag disabled, window buttons hidden, title bar hidden
[2018.12.17-11.22.16:888][740]LogPlayLevel: Display: Shutting down PIE online subsystems
[2018.12.17-11.22.16:888][740]LogBlueprintUserMessages: Late EndPlayMap Detection: Level '/Game/Maps/FirstPersonExampleMap.FirstPersonExampleMap:PersistentLevel' has LevelScriptBlueprint '/Game/Maps/FirstPersonExampleMap.FirstPersonExampleMap:PersistentLevel.FirstPersonExampleMap' with GeneratedClass '/Game/Maps/FirstPersonExampleMap.FirstPersonExampleMap_C' with ClassGeneratedBy '/Game/Maps/FirstPersonExampleMap.FirstPersonExampleMap:PersistentLevel.FirstPersonExampleMap'
[2018.12.17-11.22.16:912][740]LogSlate: Updating window title bar state: overlay mode, drag disabled, window buttons hidden, title bar hidden
[2018.12.17-11.22.16:945][743]LogPlayLevel: Display: Destroying online subsystem :Context_1
[2018.12.17-11.22.21:824][131]LogSlate: FSceneViewport::OnFocusLost() reason 0
[2018.12.17-11.22.21:924][143]LogTemp: Repeating last play command: Selected Viewport
[2018.12.17-11.22.21:933][143]LogBlueprintUserMessages: Early PlayInEditor Detection: Level '/Game/Maps/FirstPersonExampleMap.FirstPersonExampleMap:PersistentLevel' has LevelScriptBlueprint '/Game/Maps/FirstPersonExampleMap.FirstPersonExampleMap:PersistentLevel.FirstPersonExampleMap' with GeneratedClass '/Game/Maps/FirstPersonExampleMap.FirstPersonExampleMap_C' with ClassGeneratedBy '/Game/Maps/FirstPersonExampleMap.FirstPersonExampleMap:PersistentLevel.FirstPersonExampleMap'
[2018.12.17-11.22.21:933][143]LogPlayLevel: PlayLevel: No blueprints needed recompiling
[2018.12.17-11.22.21:934][143]PIE: New page: PIE session: FirstPersonExampleMap (Dec 17, 2018, 1:22:21 PM)
[2018.12.17-11.22.21:934][143]LogPlayLevel: Creating play world package: /Game/Maps/UEDPIE_0_FirstPersonExampleMap
[2018.12.17-11.22.21:945][143]LogPlayLevel: PIE: StaticDuplicateObject took: (0.010652s)
[2018.12.17-11.22.21:945][143]LogAIModule: Creating AISystem for world FirstPersonExampleMap
[2018.12.17-11.22.21:945][143]LogPlayLevel: PIE: World Init took: (0.000756s)
[2018.12.17-11.22.21:946][143]LogPlayLevel: PIE: Created PIE world by copying editor world from /Game/Maps/FirstPersonExampleMap.FirstPersonExampleMap to /Game/Maps/UEDPIE_0_FirstPersonExampleMap.FirstPersonExampleMap (0.011836s)
[2018.12.17-11.22.21:997][143]LogInit: XAudio2 using 'Speakers (Realtek High Definition Audio)' : 6 channels at 48 kHz using 32 bits per sample (channel mask 0x3f)
[2018.12.17-11.22.22:010][143]LogInit: FAudioDevice initialized.
[2018.12.17-11.22.22:044][143]LogLoad: Game class is 'BP_GameMode_C'
[2018.12.17-11.22.22:047][143]LogWorld: Bringing World /Game/Maps/UEDPIE_0_FirstPersonExampleMap.FirstPersonExampleMap up for play (max tick rate 0) at 2018.12.17-12.22.22
[2018.12.17-11.22.22:048][143]LogWorld: Bringing up level for play took: 0.002430
[2018.12.17-11.22.22:063][143]LogSpawn: Warning: SpawnActor failed because no class was specified
[2018.12.17-11.22.22:065][143]LogGameMode: Display: Match State Changed from EnteringMap to WaitingToStart
[2018.12.17-11.22.22:065][143]LogGameState: Match State Changed from EnteringMap to WaitingToStart
[2018.12.17-11.22.22:065][143]LogGameMode: Display: Match State Changed from WaitingToStart to InProgress
[2018.12.17-11.22.22:074][143]LogGameState: Match State Changed from WaitingToStart to InProgress
[2018.12.17-11.22.22:075][143]PIE: Play in editor start time for /Game/Maps/UEDPIE_0_FirstPersonExampleMap -0.64
[2018.12.17-11.22.22:076][143]LogBlueprintUserMessages: Late PlayInEditor Detection: Level '/Game/Maps/FirstPersonExampleMap.FirstPersonExampleMap:PersistentLevel' has LevelScriptBlueprint '/Game/Maps/FirstPersonExampleMap.FirstPersonExampleMap:PersistentLevel.FirstPersonExampleMap' with GeneratedClass '/Game/Maps/FirstPersonExampleMap.FirstPersonExampleMap_C' with ClassGeneratedBy '/Game/Maps/FirstPersonExampleMap.FirstPersonExampleMap:PersistentLevel.FirstPersonExampleMap'
[2018.12.17-11.22.28:556][917]LogBlueprintUserMessages: Early EndPlayMap Detection: Level '/Game/Maps/FirstPersonExampleMap.FirstPersonExampleMap:PersistentLevel' has LevelScriptBlueprint '/Game/Maps/FirstPersonExampleMap.FirstPersonExampleMap:PersistentLevel.FirstPersonExampleMap' with GeneratedClass '/Game/Maps/FirstPersonExampleMap.FirstPersonExampleMap_C' with ClassGeneratedBy '/Game/Maps/FirstPersonExampleMap.FirstPersonExampleMap:PersistentLevel.FirstPersonExampleMap'
[2018.12.17-11.22.28:556][917]LogSlate: Updating window title bar state: overlay mode, drag disabled, window buttons hidden, title bar hidden
[2018.12.17-11.22.28:601][917]LogPlayLevel: Display: Shutting down PIE online subsystems
[2018.12.17-11.22.28:601][917]LogBlueprintUserMessages: Late EndPlayMap Detection: Level '/Game/Maps/FirstPersonExampleMap.FirstPersonExampleMap:PersistentLevel' has LevelScriptBlueprint '/Game/Maps/FirstPersonExampleMap.FirstPersonExampleMap:PersistentLevel.FirstPersonExampleMap' with GeneratedClass '/Game/Maps/FirstPersonExampleMap.FirstPersonExampleMap_C' with ClassGeneratedBy '/Game/Maps/FirstPersonExampleMap.FirstPersonExampleMap:PersistentLevel.FirstPersonExampleMap'
[2018.12.17-11.22.28:630][917]LogSlate: Updating window title bar state: overlay mode, drag disabled, window buttons hidden, title bar hidden
[2018.12.17-11.22.28:664][919]LogPlayLevel: Display: Destroying online subsystem :Context_2
[2018.12.17-11.24.54:749][341]LogSlate: FSceneViewport::OnFocusLost() reason 0
[2018.12.17-11.25.47:345][924]LogSlate: FSceneViewport::OnFocusLost() reason 0
[2018.12.17-11.28.04:417][433]LogSlate: Took 0.000230 seconds to synchronously load lazily loaded font '../../../Engine/Content/Slate/Fonts/Roboto-Light.ttf' (167K)
[2018.12.17-11.29.55:908][766]LogSlate: FSceneViewport::OnFocusLost() reason 0
