Log file open, 12/18/18 11:54:47
LogWindows: Failed to load 'aqProf.dll' (GetLastError=126)
LogWindows: File 'aqProf.dll' does not exist
LogWindows: Failed to load 'VtuneApi.dll' (GetLastError=126)
LogWindows: File 'VtuneApi.dll' does not exist
LogWindows: Failed to load 'VtuneApi32e.dll' (GetLastError=126)
LogWindows: File 'VtuneApi32e.dll' does not exist
LogConsoleResponse: Display: Failed to find resolution value strings in scalability ini. Falling back to default.
LogInit: Display: Running engine for game: FGFPS
LogPakFile: Registered encryption key '00000000000000000000000000000000': 0 pak files mounted, 0 remain pending
LogPlatformFile: Not using cached read wrapper
LogTaskGraph: Started task graph with 5 named threads and 20 total threads with 3 sets of task threads.
LogStats: Stats thread started at 0.331668
LogD3D11RHI: Loaded GFSDK_Aftermath_Lib.x64.dll
LogICUInternationalization: ICU TimeZone Detection - Raw Offset: +1:00, Platform Override: ''
LogPluginManager: Mounting plugin Paper2D
LogPluginManager: Mounting plugin AISupport
LogPluginManager: Mounting plugin LightPropagationVolume
LogPluginManager: Mounting plugin ActorLayerUtilities
LogPluginManager: Mounting plugin CLionSourceCodeAccess
LogPluginManager: Mounting plugin CodeLiteSourceCodeAccess
LogPluginManager: Mounting plugin GitSourceControl
LogPluginManager: Mounting plugin KDevelopSourceCodeAccess
LogPluginManager: Mounting plugin NullSourceCodeAccess
LogPluginManager: Mounting plugin PerforceSourceControl
LogPluginManager: Mounting plugin SubversionSourceControl
LogPluginManager: Mounting plugin UObjectPlugin
LogPluginManager: Mounting plugin VisualStudioCodeSourceCodeAccess
LogPluginManager: Mounting plugin VisualStudioSourceCodeAccess
LogPluginManager: Mounting plugin XCodeSourceCodeAccess
LogPluginManager: Mounting plugin AssetManagerEditor
LogPluginManager: Mounting plugin CryptoKeys
LogPluginManager: Mounting plugin DataValidation
LogPluginManager: Mounting plugin FacialAnimation
LogPluginManager: Mounting plugin GameplayTagsEditor
LogPluginManager: Mounting plugin MacGraphicsSwitching
LogPluginManager: Mounting plugin MeshEditor
LogPluginManager: Mounting plugin MobileLauncherProfileWizard
LogPluginManager: Mounting plugin PluginBrowser
LogPluginManager: Mounting plugin SpeedTreeImporter
LogPluginManager: Mounting plugin DatasmithContent
LogPluginManager: Mounting plugin VariantManagerContent
LogPluginManager: Mounting plugin AlembicImporter
LogPluginManager: Mounting plugin AppleImageUtils
LogPluginManager: Mounting plugin AppleVision
LogPluginManager: Mounting plugin BackChannel
LogPluginManager: Mounting plugin CharacterAI
LogPluginManager: Mounting plugin GeometryCache
LogPluginManager: Mounting plugin HTML5Networking
LogPluginManager: Mounting plugin ProxyLODPlugin
LogPluginManager: Mounting plugin MagicLeap
LogPluginManager: Mounting plugin MagicLeapMedia
LogPluginManager: Mounting plugin AndroidMedia
LogPluginManager: Mounting plugin AvfMedia
LogPluginManager: Mounting plugin ImgMedia
LogPluginManager: Mounting plugin LinearTimecode
LogPluginManager: Mounting plugin MediaCompositing
LogPluginManager: Mounting plugin MediaPlayerEditor
LogPluginManager: Mounting plugin WebMMedia
LogPluginManager: Mounting plugin WmfMedia
LogPluginManager: Mounting plugin TcpMessaging
LogPluginManager: Mounting plugin UdpMessaging
LogPluginManager: Mounting plugin ActorSequence
LogPluginManager: Mounting plugin LevelSequenceEditor
LogPluginManager: Mounting plugin MatineeToLevelSequence
LogPluginManager: Mounting plugin NetcodeUnitTest
LogPluginManager: Mounting plugin NUTUnrealEngine4
LogPluginManager: Mounting plugin OnlineSubsystemGooglePlay
LogPluginManager: Mounting plugin OnlineSubsystemIOS
LogPluginManager: Mounting plugin OnlineSubsystem
LogPluginManager: Mounting plugin OnlineSubsystemNull
LogPluginManager: Mounting plugin OnlineSubsystemUtils
LogPluginManager: Mounting plugin LauncherChunkInstaller
LogPluginManager: Mounting plugin AndroidDeviceProfileSelector
LogPluginManager: Mounting plugin AndroidMoviePlayer
LogPluginManager: Mounting plugin AndroidPermission
LogPluginManager: Mounting plugin AppleMoviePlayer
LogPluginManager: Mounting plugin ArchVisCharacter
LogPluginManager: Mounting plugin AudioCapture
LogPluginManager: Mounting plugin CableComponent
LogPluginManager: Mounting plugin CustomMeshComponent
LogPluginManager: Mounting plugin EditableMesh
LogPluginManager: Mounting plugin ExampleDeviceProfileSelector
LogPluginManager: Mounting plugin Firebase
LogPluginManager: Mounting plugin GoogleCloudMessaging
LogPluginManager: Mounting plugin IOSDeviceProfileSelector
LogPluginManager: Mounting plugin LinuxDeviceProfileSelector
LogPluginManager: Mounting plugin LocationServicesBPLibrary
LogPluginManager: Mounting plugin MobilePatchingUtils
LogPluginManager: Mounting plugin OculusVR
LogPluginManager: Mounting plugin PhysXVehicles
LogPluginManager: Mounting plugin ProceduralMeshComponent
LogPluginManager: Mounting plugin RuntimePhysXCooking
LogPluginManager: Mounting plugin SteamVR
LogPluginManager: Mounting plugin WebMMoviePlayer
LogPluginManager: Mounting plugin WindowsMoviePlayer
LogStreaming: Display: Took  0.101s to configure plugins.
LogInit: Using libcurl 7.55.1-DEV
LogInit:  - built for x86_64-pc-win32
LogInit:  - supports SSL with OpenSSL/1.0.2h
LogInit:  - supports HTTP deflate (compression) using libz 1.2.8
LogInit:  - other features:
LogInit:      CURL_VERSION_SSL
LogInit:      CURL_VERSION_LIBZ
LogInit:      CURL_VERSION_IPV6
LogInit:      CURL_VERSION_ASYNCHDNS
LogInit:      CURL_VERSION_LARGEFILE
LogInit:      CURL_VERSION_IDN
LogInit:  CurlRequestOptions (configurable via config and command line):
LogInit:  - bVerifyPeer = true  - Libcurl will verify peer certificate
LogInit:  - bUseHttpProxy = false  - Libcurl will NOT use HTTP proxy
LogInit:  - bDontReuseConnections = false  - Libcurl will reuse connections
LogInit:  - MaxHostConnections = 16  - Libcurl will limit the number of connections to a host
LogInit:  - LocalHostAddr = Default
LogInit:  - BufferSize = 65536
LogInit: WinSock: version 1.1 (2.2), MaxSocks=32767, MaxUdp=65467
LogInit: Build: ++UE4+Release-4.21-CL-4613538
LogInit: Engine Version: 4.21.1-4613538+++UE4+Release-4.21
LogInit: Compatible Engine Version: 4.21.0-4541578+++UE4+Release-4.21
LogInit: Net CL: 4541578
LogInit: OS: Windows 10 (), CPU: Intel(R) Core(TM) i5-8400 CPU @ 2.80GHz, GPU: NVIDIA GeForce GTX 1060 6GB
LogInit: Compiled (64-bit): Nov 30 2018 04:13:25
LogInit: Compiled with Visual C++: 19.13.26129.00
LogInit: Build Configuration: Development
LogInit: Branch Name: ++UE4+Release-4.21
LogInit: Command Line:  -skipcompile
LogInit: Base Directory: D:/Program Files/Epic Games/UE_4.21/Engine/Binaries/Win64/
LogInit: Installed Engine Build: 1
LogDevObjectVersion: Number of dev versions registered: 22
LogDevObjectVersion:   Dev-Blueprints (B0D832E4-1F89-4F0D-ACCF-7EB736FD4AA2): 10
LogDevObjectVersion:   Dev-Build (E1C64328-A22C-4D53-A36C-8E866417BD8C): 0
LogDevObjectVersion:   Dev-Core (375EC13C-06E4-48FB-B500-84F0262A717E): 2
LogDevObjectVersion:   Dev-Editor (E4B068ED-F494-42E9-A231-DA0B2E46BB41): 26
LogDevObjectVersion:   Dev-Framework (CFFC743F-43B0-4480-9391-14DF171D2073): 34
LogDevObjectVersion:   Dev-Mobile (B02B49B5-BB20-44E9-A304-32B752E40360): 2
LogDevObjectVersion:   Dev-Networking (A4E4105C-59A1-49B5-A7C5-40C4547EDFEE): 0
LogDevObjectVersion:   Dev-Online (39C831C9-5AE6-47DC-9A44-9C173E1C8E7C): 0
LogDevObjectVersion:   Dev-Physics (78F01B33-EBEA-4F98-B9B4-84EACCB95AA2): 0
LogDevObjectVersion:   Dev-Platform (6631380F-2D4D-43E0-8009-CF276956A95A): 0
LogDevObjectVersion:   Dev-Rendering (12F88B9F-8875-4AFC-A67C-D90C383ABD29): 27
LogDevObjectVersion:   Dev-Sequencer (7B5AE74C-D270-4C10-A958-57980B212A5A): 9
LogDevObjectVersion:   Dev-VR (D7296918-1DD6-4BDD-9DE2-64A83CC13884): 2
LogDevObjectVersion:   Dev-LoadTimes (C2A15278-BFE7-4AFE-6C17-90FF531DF755): 1
LogDevObjectVersion:   Private-Geometry (6EACA3D4-40EC-4CC1-B786-8BED09428FC5): 3
LogDevObjectVersion:   Dev-AnimPhys (29E575DD-E0A3-4627-9D10-D276232CDCEA): 17
LogDevObjectVersion:   Dev-Anim (AF43A65D-7FD3-4947-9873-3E8ED9C1BB05): 2
LogDevObjectVersion:   Dev-ReflectionCapture (6B266CEC-1EC7-4B8F-A30B-E4D90942FC07): 1
LogDevObjectVersion:   Dev-Automation (0DF73D61-A23F-47EA-B727-89E90C41499A): 1
LogDevObjectVersion:   FortniteMain (601D1886-AC64-4F84-AA16-D3DE0DEAC7D6): 17
LogDevObjectVersion:   Dev-Enterprise (9DFFBCD6-494F-0158-E221-12823C92A888): 4
LogDevObjectVersion:   Dev-Niagara (F2AED0AC-9AFE-416F-8664-AA7FFA26D6FC): 1
LogStreaming: Display: Took  0.000s to delete old logs.
LogInit: Presizing for max 8388607 objects, including 0 objects not considered by GC, pre-allocating 0 bytes for permanent pool.
LogInit: Object subsystem initialized
LogConfig: Setting CVar [[con.DebugEarlyDefault:1]]
LogConfig: Setting CVar [[r.setres:1280x720]]
[2018.12.18-10.54.48:434][  0]LogConfig: Setting CVar [[r.VSync:0]]
[2018.12.18-10.54.48:434][  0]LogConfig: Setting CVar [[r.RHICmdBypass:0]]
[2018.12.18-10.54.48:434][  0]LogConfig: Applying CVar settings from Section [/Script/Engine.RendererSettings] File [D:/Git/FGFPSAssignment/Saved/Config/Windows/Engine.ini]
[2018.12.18-10.54.48:434][  0]LogConfig: Setting CVar [[r.GPUCrashDebugging:0]]
[2018.12.18-10.54.48:434][  0]LogConfig: Applying CVar settings from Section [/Script/Engine.RendererOverrideSettings] File [D:/Git/FGFPSAssignment/Saved/Config/Windows/Engine.ini]
[2018.12.18-10.54.48:434][  0]LogConfig: Applying CVar settings from Section [/Script/Engine.StreamingSettings] File [D:/Git/FGFPSAssignment/Saved/Config/Windows/Engine.ini]
[2018.12.18-10.54.48:434][  0]LogConfig: Setting CVar [[s.MinBulkDataSizeForAsyncLoading:131072]]
[2018.12.18-10.54.48:434][  0]LogConfig: Setting CVar [[s.AsyncLoadingThreadEnabled:0]]
[2018.12.18-10.54.48:434][  0]LogConfig: Setting CVar [[s.EventDrivenLoaderEnabled:1]]
[2018.12.18-10.54.48:434][  0]LogConfig: Setting CVar [[s.WarnIfTimeLimitExceeded:0]]
[2018.12.18-10.54.48:434][  0]LogConfig: Setting CVar [[s.TimeLimitExceededMultiplier:1.5]]
[2018.12.18-10.54.48:434][  0]LogConfig: Setting CVar [[s.TimeLimitExceededMinTime:0.005]]
[2018.12.18-10.54.48:434][  0]LogConfig: Setting CVar [[s.UseBackgroundLevelStreaming:1]]
[2018.12.18-10.54.48:434][  0]LogConfig: Setting CVar [[s.PriorityAsyncLoadingExtraTime:15.0]]
[2018.12.18-10.54.48:434][  0]LogConfig: Setting CVar [[s.LevelStreamingActorsUpdateTimeLimit:5.0]]
[2018.12.18-10.54.48:434][  0]LogConfig: Setting CVar [[s.PriorityLevelStreamingActorsUpdateExtraTime:5.0]]
[2018.12.18-10.54.48:434][  0]LogConfig: Setting CVar [[s.LevelStreamingComponentsRegistrationGranularity:10]]
[2018.12.18-10.54.48:434][  0]LogConfig: Setting CVar [[s.UnregisterComponentsTimeLimit:1.0]]
[2018.12.18-10.54.48:434][  0]LogConfig: Setting CVar [[s.LevelStreamingComponentsUnregistrationGranularity:5]]
[2018.12.18-10.54.48:434][  0]LogConfig: Applying CVar settings from Section [/Script/Engine.GarbageCollectionSettings] File [D:/Git/FGFPSAssignment/Saved/Config/Windows/Engine.ini]
[2018.12.18-10.54.48:434][  0]LogConfig: Setting CVar [[gc.MaxObjectsNotConsideredByGC:1]]
[2018.12.18-10.54.48:434][  0]LogConfig: Setting CVar [[gc.SizeOfPermanentObjectPool:0]]
[2018.12.18-10.54.48:435][  0]LogConfig: Setting CVar [[gc.FlushStreamingOnGC:0]]
[2018.12.18-10.54.48:435][  0]LogConfig: Setting CVar [[gc.NumRetriesBeforeForcingGC:10]]
[2018.12.18-10.54.48:435][  0]LogConfig: Setting CVar [[gc.AllowParallelGC:1]]
[2018.12.18-10.54.48:435][  0]LogConfig: Setting CVar [[gc.TimeBetweenPurgingPendingKillObjects:61.1]]
[2018.12.18-10.54.48:435][  0]LogConfig: Setting CVar [[gc.MaxObjectsInEditor:8388607]]
[2018.12.18-10.54.48:435][  0]LogConfig: Setting CVar [[gc.IncrementalBeginDestroyEnabled:1]]
[2018.12.18-10.54.48:435][  0]LogConfig: Setting CVar [[gc.CreateGCClusters:1]]
[2018.12.18-10.54.48:435][  0]LogConfig: Setting CVar [[gc.MergeGCClusters:0]]
[2018.12.18-10.54.48:435][  0]LogConfig: Setting CVar [[gc.MinGCClusterSize:5]]
[2018.12.18-10.54.48:435][  0]LogConfig: Setting CVar [[gc.ActorClusteringEnabled:0]]
[2018.12.18-10.54.48:435][  0]LogConfig: Setting CVar [[gc.BlueprintClusteringEnabled:0]]
[2018.12.18-10.54.48:435][  0]LogConfig: Setting CVar [[gc.UseDisregardForGCOnDedicatedServers:0]]
[2018.12.18-10.54.48:436][  0]LogConfig: Applying CVar settings from Section [/Script/Engine.NetworkSettings] File [D:/Git/FGFPSAssignment/Saved/Config/Windows/Engine.ini]
[2018.12.18-10.54.48:436][  0]LogConfig: Applying CVar settings from Section [/Script/UnrealEd.CookerSettings] File [D:/Git/FGFPSAssignment/Saved/Config/Windows/Engine.ini]
[2018.12.18-10.54.48:446][  0]LogConfig: Applying CVar settings from Section [ViewDistanceQuality@3] File [D:/Git/FGFPSAssignment/Saved/Config/Windows/Scalability.ini]
[2018.12.18-10.54.48:446][  0]LogConfig: Setting CVar [[r.SkeletalMeshLODBias:0]]
[2018.12.18-10.54.48:446][  0]LogConfig: Setting CVar [[r.ViewDistanceScale:1.0]]
[2018.12.18-10.54.48:446][  0]LogConfig: Applying CVar settings from Section [AntiAliasingQuality@3] File [D:/Git/FGFPSAssignment/Saved/Config/Windows/Scalability.ini]
[2018.12.18-10.54.48:446][  0]LogConfig: Setting CVar [[r.PostProcessAAQuality:4]]
[2018.12.18-10.54.48:446][  0]LogConfig: Applying CVar settings from Section [ShadowQuality@3] File [D:/Git/FGFPSAssignment/Saved/Config/Windows/Scalability.ini]
[2018.12.18-10.54.48:446][  0]LogConfig: Setting CVar [[r.LightFunctionQuality:1]]
[2018.12.18-10.54.48:446][  0]LogConfig: Setting CVar [[r.ShadowQuality:5]]
[2018.12.18-10.54.48:446][  0]LogConfig: Setting CVar [[r.Shadow.CSM.MaxCascades:10]]
[2018.12.18-10.54.48:446][  0]LogConfig: Setting CVar [[r.Shadow.MaxResolution:2048]]
[2018.12.18-10.54.48:446][  0]LogConfig: Setting CVar [[r.Shadow.MaxCSMResolution:2048]]
[2018.12.18-10.54.48:446][  0]LogConfig: Setting CVar [[r.Shadow.RadiusThreshold:0.01]]
[2018.12.18-10.54.48:446][  0]LogConfig: Setting CVar [[r.Shadow.DistanceScale:1.0]]
[2018.12.18-10.54.48:446][  0]LogConfig: Setting CVar [[r.Shadow.CSM.TransitionScale:1.0]]
[2018.12.18-10.54.48:446][  0]LogConfig: Setting CVar [[r.Shadow.PreShadowResolutionFactor:1.0]]
[2018.12.18-10.54.48:446][  0]LogConfig: Setting CVar [[r.DistanceFieldShadowing:1]]
[2018.12.18-10.54.48:446][  0]LogConfig: Setting CVar [[r.DistanceFieldAO:1]]
[2018.12.18-10.54.48:446][  0]LogConfig: Setting CVar [[r.AOQuality:2]]
[2018.12.18-10.54.48:446][  0]LogConfig: Setting CVar [[r.VolumetricFog:1]]
[2018.12.18-10.54.48:446][  0]LogConfig: Setting CVar [[r.VolumetricFog.GridPixelSize:8]]
[2018.12.18-10.54.48:446][  0]LogConfig: Setting CVar [[r.VolumetricFog.GridSizeZ:128]]
[2018.12.18-10.54.48:446][  0]LogConfig: Setting CVar [[r.VolumetricFog.HistoryMissSupersampleCount:4]]
[2018.12.18-10.54.48:447][  0]LogConfig: Setting CVar [[r.LightMaxDrawDistanceScale:1]]
[2018.12.18-10.54.48:447][  0]LogConfig: Setting CVar [[r.CapsuleShadows:1]]
[2018.12.18-10.54.48:447][  0]LogConfig: Applying CVar settings from Section [PostProcessQuality@3] File [D:/Git/FGFPSAssignment/Saved/Config/Windows/Scalability.ini]
[2018.12.18-10.54.48:447][  0]LogConfig: Setting CVar [[r.MotionBlurQuality:4]]
[2018.12.18-10.54.48:447][  0]LogConfig: Setting CVar [[r.AmbientOcclusionMipLevelFactor:0.4]]
[2018.12.18-10.54.48:447][  0]LogConfig: Setting CVar [[r.AmbientOcclusionMaxQuality:100]]
[2018.12.18-10.54.48:447][  0]LogConfig: Setting CVar [[r.AmbientOcclusionLevels:-1]]
[2018.12.18-10.54.48:447][  0]LogConfig: Setting CVar [[r.AmbientOcclusionRadiusScale:1.0]]
[2018.12.18-10.54.48:447][  0]LogConfig: Setting CVar [[r.DepthOfFieldQuality:2]]
[2018.12.18-10.54.48:447][  0]LogConfig: Setting CVar [[r.RenderTargetPoolMin:400]]
[2018.12.18-10.54.48:447][  0]LogConfig: Setting CVar [[r.LensFlareQuality:2]]
[2018.12.18-10.54.48:447][  0]LogConfig: Setting CVar [[r.SceneColorFringeQuality:1]]
[2018.12.18-10.54.48:447][  0]LogConfig: Setting CVar [[r.EyeAdaptationQuality:2]]
[2018.12.18-10.54.48:447][  0]LogConfig: Setting CVar [[r.BloomQuality:5]]
[2018.12.18-10.54.48:447][  0]LogConfig: Setting CVar [[r.FastBlurThreshold:100]]
[2018.12.18-10.54.48:447][  0]LogConfig: Setting CVar [[r.Upscale.Quality:3]]
[2018.12.18-10.54.48:447][  0]LogConfig: Setting CVar [[r.Tonemapper.GrainQuantization:1]]
[2018.12.18-10.54.48:447][  0]LogConfig: Setting CVar [[r.LightShaftQuality:1]]
[2018.12.18-10.54.48:447][  0]LogConfig: Setting CVar [[r.Filter.SizeScale:1]]
[2018.12.18-10.54.48:447][  0]LogConfig: Setting CVar [[r.Tonemapper.Quality:5]]
[2018.12.18-10.54.48:447][  0]LogConfig: Setting CVar [[r.DOF.Gather.AccumulatorQuality:1        ; higher gathering accumulator quality]]
[2018.12.18-10.54.48:447][  0]LogConfig: Setting CVar [[r.DOF.Gather.PostfilterMethod:1          ; Median3x3 postfilering method]]
[2018.12.18-10.54.48:447][  0]LogConfig: Setting CVar [[r.DOF.Gather.EnableBokehSettings:0       ; no bokeh simulation when gathering]]
[2018.12.18-10.54.48:447][  0]LogConfig: Setting CVar [[r.DOF.Gather.RingCount:4                 ; medium number of samples when gathering]]
[2018.12.18-10.54.48:447][  0]LogConfig: Setting CVar [[r.DOF.Scatter.ForegroundCompositing:1    ; additive foreground scattering]]
[2018.12.18-10.54.48:448][  0]LogConfig: Setting CVar [[r.DOF.Scatter.BackgroundCompositing:2    ; additive background scattering]]
[2018.12.18-10.54.48:448][  0]LogConfig: Setting CVar [[r.DOF.Scatter.EnableBokehSettings:1      ; bokeh simulation when scattering]]
[2018.12.18-10.54.48:448][  0]LogConfig: Setting CVar [[r.DOF.Scatter.MaxSpriteRatio:0.1         ; only a maximum of 10% of scattered bokeh]]
[2018.12.18-10.54.48:448][  0]LogConfig: Setting CVar [[r.DOF.Recombine.Quality:1                ; cheap slight out of focus]]
[2018.12.18-10.54.48:448][  0]LogConfig: Setting CVar [[r.DOF.Recombine.EnableBokehSettings:0    ; no bokeh simulation on slight out of focus]]
[2018.12.18-10.54.48:448][  0]LogConfig: Setting CVar [[r.DOF.TemporalAAQuality:1                ; more stable temporal accumulation]]
[2018.12.18-10.54.48:448][  0]LogConfig: Setting CVar [[r.DOF.Kernel.MaxForegroundRadius:0.025]]
[2018.12.18-10.54.48:448][  0]LogConfig: Setting CVar [[r.DOF.Kernel.MaxBackgroundRadius:0.025]]
[2018.12.18-10.54.48:448][  0]LogConfig: Applying CVar settings from Section [TextureQuality@3] File [D:/Git/FGFPSAssignment/Saved/Config/Windows/Scalability.ini]
[2018.12.18-10.54.48:448][  0]LogConfig: Setting CVar [[r.Streaming.MipBias:0]]
[2018.12.18-10.54.48:448][  0]LogConfig: Setting CVar [[r.Streaming.AmortizeCPUToGPUCopy:0]]
[2018.12.18-10.54.48:448][  0]LogConfig: Setting CVar [[r.Streaming.MaxNumTexturesToStreamPerFrame:0]]
[2018.12.18-10.54.48:448][  0]LogConfig: Setting CVar [[r.Streaming.Boost:1]]
[2018.12.18-10.54.48:448][  0]LogConfig: Setting CVar [[r.MaxAnisotropy:8]]
[2018.12.18-10.54.48:448][  0]LogConfig: Setting CVar [[r.Streaming.LimitPoolSizeToVRAM:0]]
[2018.12.18-10.54.48:448][  0]LogConfig: Setting CVar [[r.Streaming.PoolSize:1000]]
[2018.12.18-10.54.48:448][  0]LogConfig: Setting CVar [[r.Streaming.MaxEffectiveScreenSize:0]]
[2018.12.18-10.54.48:448][  0]LogConfig: Applying CVar settings from Section [EffectsQuality@3] File [D:/Git/FGFPSAssignment/Saved/Config/Windows/Scalability.ini]
[2018.12.18-10.54.48:448][  0]LogConfig: Setting CVar [[r.TranslucencyLightingVolumeDim:64]]
[2018.12.18-10.54.48:448][  0]LogConfig: Setting CVar [[r.RefractionQuality:2]]
[2018.12.18-10.54.48:448][  0]LogConfig: Setting CVar [[r.SSR.Quality:3]]
[2018.12.18-10.54.48:448][  0]LogConfig: Setting CVar [[r.SceneColorFormat:4]]
[2018.12.18-10.54.48:448][  0]LogConfig: Setting CVar [[r.DetailMode:2]]
[2018.12.18-10.54.48:448][  0]LogConfig: Setting CVar [[r.TranslucencyVolumeBlur:1]]
[2018.12.18-10.54.48:448][  0]LogConfig: Setting CVar [[r.MaterialQualityLevel:1 ; High quality]]
[2018.12.18-10.54.48:448][  0]LogConfig: Setting CVar [[r.SSS.Scale:1]]
[2018.12.18-10.54.48:449][  0]LogConfig: Setting CVar [[r.SSS.SampleSet:2]]
[2018.12.18-10.54.48:449][  0]LogConfig: Setting CVar [[r.SSS.Quality:1]]
[2018.12.18-10.54.48:449][  0]LogConfig: Setting CVar [[r.SSS.HalfRes:1]]
[2018.12.18-10.54.48:449][  0]LogConfig: Setting CVar [[r.EmitterSpawnRateScale:1.0]]
[2018.12.18-10.54.48:449][  0]LogConfig: Setting CVar [[r.ParticleLightQuality:2]]
[2018.12.18-10.54.48:449][  0]LogConfig: Applying CVar settings from Section [FoliageQuality@3] File [D:/Git/FGFPSAssignment/Saved/Config/Windows/Scalability.ini]
[2018.12.18-10.54.48:449][  0]LogConfig: Setting CVar [[foliage.DensityScale:1.0]]
[2018.12.18-10.54.48:449][  0]LogConfig: Setting CVar [[grass.DensityScale:1.0]]
[2018.12.18-10.54.48:449][  0]LogInit: Selected Device Profile: [Windows]
[2018.12.18-10.54.48:449][  0]LogInit: Applying CVar settings loaded from the selected device profile: [Windows]
[2018.12.18-10.54.48:460][  0]LogHAL: Display: Platform has ~ 16 GB [17106509824 / 17179869184 / 16], which maps to Larger [LargestMinGB=32, LargerMinGB=12, DefaultMinGB=8, SmallerMinGB=6, SmallestMinGB=0)
[2018.12.18-10.54.48:460][  0]LogConfig: Setting CVar [[r.Vulkan.UseRealUBs:1]]
[2018.12.18-10.54.48:460][  0]LogInit: Going up to parent DeviceProfile []
[2018.12.18-10.54.48:460][  0]LogConfig: Applying CVar settings from Section [ViewDistanceQuality@3] File [D:/Git/FGFPSAssignment/Saved/Config/Windows/Scalability.ini]
[2018.12.18-10.54.48:460][  0]LogConfig: Setting CVar [[r.SkeletalMeshLODBias:0]]
[2018.12.18-10.54.48:460][  0]LogConfig: Setting CVar [[r.ViewDistanceScale:1.0]]
[2018.12.18-10.54.48:460][  0]LogConfig: Applying CVar settings from Section [AntiAliasingQuality@3] File [D:/Git/FGFPSAssignment/Saved/Config/Windows/Scalability.ini]
[2018.12.18-10.54.48:460][  0]LogConfig: Setting CVar [[r.PostProcessAAQuality:4]]
[2018.12.18-10.54.48:460][  0]LogConfig: Applying CVar settings from Section [ShadowQuality@3] File [D:/Git/FGFPSAssignment/Saved/Config/Windows/Scalability.ini]
[2018.12.18-10.54.48:460][  0]LogConfig: Setting CVar [[r.LightFunctionQuality:1]]
[2018.12.18-10.54.48:460][  0]LogConfig: Setting CVar [[r.ShadowQuality:5]]
[2018.12.18-10.54.48:460][  0]LogConfig: Setting CVar [[r.Shadow.CSM.MaxCascades:10]]
[2018.12.18-10.54.48:460][  0]LogConfig: Setting CVar [[r.Shadow.MaxResolution:2048]]
[2018.12.18-10.54.48:460][  0]LogConfig: Setting CVar [[r.Shadow.MaxCSMResolution:2048]]
[2018.12.18-10.54.48:460][  0]LogConfig: Setting CVar [[r.Shadow.RadiusThreshold:0.01]]
[2018.12.18-10.54.48:460][  0]LogConfig: Setting CVar [[r.Shadow.DistanceScale:1.0]]
[2018.12.18-10.54.48:460][  0]LogConfig: Setting CVar [[r.Shadow.CSM.TransitionScale:1.0]]
[2018.12.18-10.54.48:460][  0]LogConfig: Setting CVar [[r.Shadow.PreShadowResolutionFactor:1.0]]
[2018.12.18-10.54.48:460][  0]LogConfig: Setting CVar [[r.DistanceFieldShadowing:1]]
[2018.12.18-10.54.48:460][  0]LogConfig: Setting CVar [[r.DistanceFieldAO:1]]
[2018.12.18-10.54.48:461][  0]LogConfig: Setting CVar [[r.AOQuality:2]]
[2018.12.18-10.54.48:461][  0]LogConfig: Setting CVar [[r.VolumetricFog:1]]
[2018.12.18-10.54.48:461][  0]LogConfig: Setting CVar [[r.VolumetricFog.GridPixelSize:8]]
[2018.12.18-10.54.48:461][  0]LogConfig: Setting CVar [[r.VolumetricFog.GridSizeZ:128]]
[2018.12.18-10.54.48:461][  0]LogConfig: Setting CVar [[r.VolumetricFog.HistoryMissSupersampleCount:4]]
[2018.12.18-10.54.48:461][  0]LogConfig: Setting CVar [[r.LightMaxDrawDistanceScale:1]]
[2018.12.18-10.54.48:461][  0]LogConfig: Setting CVar [[r.CapsuleShadows:1]]
[2018.12.18-10.54.48:461][  0]LogConfig: Applying CVar settings from Section [PostProcessQuality@3] File [D:/Git/FGFPSAssignment/Saved/Config/Windows/Scalability.ini]
[2018.12.18-10.54.48:461][  0]LogConfig: Setting CVar [[r.MotionBlurQuality:4]]
[2018.12.18-10.54.48:461][  0]LogConfig: Setting CVar [[r.AmbientOcclusionMipLevelFactor:0.4]]
[2018.12.18-10.54.48:461][  0]LogConfig: Setting CVar [[r.AmbientOcclusionMaxQuality:100]]
[2018.12.18-10.54.48:461][  0]LogConfig: Setting CVar [[r.AmbientOcclusionLevels:-1]]
[2018.12.18-10.54.48:461][  0]LogConfig: Setting CVar [[r.AmbientOcclusionRadiusScale:1.0]]
[2018.12.18-10.54.48:461][  0]LogConfig: Setting CVar [[r.DepthOfFieldQuality:2]]
[2018.12.18-10.54.48:461][  0]LogConfig: Setting CVar [[r.RenderTargetPoolMin:400]]
[2018.12.18-10.54.48:461][  0]LogConfig: Setting CVar [[r.LensFlareQuality:2]]
[2018.12.18-10.54.48:461][  0]LogConfig: Setting CVar [[r.SceneColorFringeQuality:1]]
[2018.12.18-10.54.48:461][  0]LogConfig: Setting CVar [[r.EyeAdaptationQuality:2]]
[2018.12.18-10.54.48:461][  0]LogConfig: Setting CVar [[r.BloomQuality:5]]
[2018.12.18-10.54.48:461][  0]LogConfig: Setting CVar [[r.FastBlurThreshold:100]]
[2018.12.18-10.54.48:461][  0]LogConfig: Setting CVar [[r.Upscale.Quality:3]]
[2018.12.18-10.54.48:461][  0]LogConfig: Setting CVar [[r.Tonemapper.GrainQuantization:1]]
[2018.12.18-10.54.48:461][  0]LogConfig: Setting CVar [[r.LightShaftQuality:1]]
[2018.12.18-10.54.48:461][  0]LogConfig: Setting CVar [[r.Filter.SizeScale:1]]
[2018.12.18-10.54.48:462][  0]LogConfig: Setting CVar [[r.Tonemapper.Quality:5]]
[2018.12.18-10.54.48:462][  0]LogConfig: Setting CVar [[r.DOF.Gather.AccumulatorQuality:1        ; higher gathering accumulator quality]]
[2018.12.18-10.54.48:462][  0]LogConfig: Setting CVar [[r.DOF.Gather.PostfilterMethod:1          ; Median3x3 postfilering method]]
[2018.12.18-10.54.48:462][  0]LogConfig: Setting CVar [[r.DOF.Gather.EnableBokehSettings:0       ; no bokeh simulation when gathering]]
[2018.12.18-10.54.48:462][  0]LogConfig: Setting CVar [[r.DOF.Gather.RingCount:4                 ; medium number of samples when gathering]]
[2018.12.18-10.54.48:462][  0]LogConfig: Setting CVar [[r.DOF.Scatter.ForegroundCompositing:1    ; additive foreground scattering]]
[2018.12.18-10.54.48:462][  0]LogConfig: Setting CVar [[r.DOF.Scatter.BackgroundCompositing:2    ; additive background scattering]]
[2018.12.18-10.54.48:462][  0]LogConfig: Setting CVar [[r.DOF.Scatter.EnableBokehSettings:1      ; bokeh simulation when scattering]]
[2018.12.18-10.54.48:462][  0]LogConfig: Setting CVar [[r.DOF.Scatter.MaxSpriteRatio:0.1         ; only a maximum of 10% of scattered bokeh]]
[2018.12.18-10.54.48:462][  0]LogConfig: Setting CVar [[r.DOF.Recombine.Quality:1                ; cheap slight out of focus]]
[2018.12.18-10.54.48:462][  0]LogConfig: Setting CVar [[r.DOF.Recombine.EnableBokehSettings:0    ; no bokeh simulation on slight out of focus]]
[2018.12.18-10.54.48:462][  0]LogConfig: Setting CVar [[r.DOF.TemporalAAQuality:1                ; more stable temporal accumulation]]
[2018.12.18-10.54.48:462][  0]LogConfig: Setting CVar [[r.DOF.Kernel.MaxForegroundRadius:0.025]]
[2018.12.18-10.54.48:462][  0]LogConfig: Setting CVar [[r.DOF.Kernel.MaxBackgroundRadius:0.025]]
[2018.12.18-10.54.48:462][  0]LogConfig: Applying CVar settings from Section [TextureQuality@3] File [D:/Git/FGFPSAssignment/Saved/Config/Windows/Scalability.ini]
[2018.12.18-10.54.48:462][  0]LogConfig: Setting CVar [[r.Streaming.MipBias:0]]
[2018.12.18-10.54.48:462][  0]LogConfig: Setting CVar [[r.Streaming.AmortizeCPUToGPUCopy:0]]
[2018.12.18-10.54.48:462][  0]LogConfig: Setting CVar [[r.Streaming.MaxNumTexturesToStreamPerFrame:0]]
[2018.12.18-10.54.48:462][  0]LogConfig: Setting CVar [[r.Streaming.Boost:1]]
[2018.12.18-10.54.48:462][  0]LogConfig: Setting CVar [[r.MaxAnisotropy:8]]
[2018.12.18-10.54.48:462][  0]LogConfig: Setting CVar [[r.Streaming.LimitPoolSizeToVRAM:0]]
[2018.12.18-10.54.48:462][  0]LogConfig: Setting CVar [[r.Streaming.PoolSize:1000]]
[2018.12.18-10.54.48:462][  0]LogConfig: Setting CVar [[r.Streaming.MaxEffectiveScreenSize:0]]
[2018.12.18-10.54.48:463][  0]LogConfig: Applying CVar settings from Section [EffectsQuality@3] File [D:/Git/FGFPSAssignment/Saved/Config/Windows/Scalability.ini]
[2018.12.18-10.54.48:463][  0]LogConfig: Setting CVar [[r.TranslucencyLightingVolumeDim:64]]
[2018.12.18-10.54.48:463][  0]LogConfig: Setting CVar [[r.RefractionQuality:2]]
[2018.12.18-10.54.48:463][  0]LogConfig: Setting CVar [[r.SSR.Quality:3]]
[2018.12.18-10.54.48:463][  0]LogConfig: Setting CVar [[r.SceneColorFormat:4]]
[2018.12.18-10.54.48:463][  0]LogConfig: Setting CVar [[r.DetailMode:2]]
[2018.12.18-10.54.48:463][  0]LogConfig: Setting CVar [[r.TranslucencyVolumeBlur:1]]
[2018.12.18-10.54.48:463][  0]LogConfig: Setting CVar [[r.MaterialQualityLevel:1 ; High quality]]
[2018.12.18-10.54.48:463][  0]LogConfig: Setting CVar [[r.SSS.Scale:1]]
[2018.12.18-10.54.48:463][  0]LogConfig: Setting CVar [[r.SSS.SampleSet:2]]
[2018.12.18-10.54.48:463][  0]LogConfig: Setting CVar [[r.SSS.Quality:1]]
[2018.12.18-10.54.48:463][  0]LogConfig: Setting CVar [[r.SSS.HalfRes:1]]
[2018.12.18-10.54.48:463][  0]LogConfig: Setting CVar [[r.EmitterSpawnRateScale:1.0]]
[2018.12.18-10.54.48:463][  0]LogConfig: Setting CVar [[r.ParticleLightQuality:2]]
[2018.12.18-10.54.48:463][  0]LogConfig: Applying CVar settings from Section [FoliageQuality@3] File [D:/Git/FGFPSAssignment/Saved/Config/Windows/Scalability.ini]
[2018.12.18-10.54.48:463][  0]LogConfig: Setting CVar [[foliage.DensityScale:1.0]]
[2018.12.18-10.54.48:463][  0]LogConfig: Setting CVar [[grass.DensityScale:1.0]]
[2018.12.18-10.54.48:463][  0]LogConfig: Applying CVar settings from Section [Startup] File [../../../Engine/Config/ConsoleVariables.ini]
[2018.12.18-10.54.48:463][  0]LogConfig: Setting CVar [[net.UseAdaptiveNetUpdateFrequency:0]]
[2018.12.18-10.54.48:463][  0]LogConfig: Applying CVar settings from Section [ConsoleVariables] File [D:/Git/FGFPSAssignment/Saved/Config/Windows/Engine.ini]
[2018.12.18-10.54.48:464][  0]LogInit: Computer: FGWH18010
[2018.12.18-10.54.48:464][  0]LogInit: User: sebastiantryscien
[2018.12.18-10.54.48:464][  0]LogInit: CPU Page size=4096, Cores=6
[2018.12.18-10.54.48:464][  0]LogInit: High frequency timer resolution =2.742186 MHz
[2018.12.18-10.54.48:464][  0]LogMemory: Memory total: Physical=15.9GB (16GB approx)
[2018.12.18-10.54.48:464][  0]LogMemory: Platform Memory Stats for Windows
[2018.12.18-10.54.48:464][  0]LogMemory: Process Physical Memory: 103.09 MB used, 103.09 MB peak
[2018.12.18-10.54.48:464][  0]LogMemory: Process Virtual Memory: 93.90 MB used, 93.90 MB peak
[2018.12.18-10.54.48:464][  0]LogMemory: Physical Memory: 6857.74 MB used,  9456.30 MB free, 16314.04 MB total
[2018.12.18-10.54.48:464][  0]LogMemory: Virtual Memory: 4645.60 MB used,  134213080.00 MB free, 134217728.00 MB total
[2018.12.18-10.54.48:573][  0]LogInit: Using OS detected language (en-US).
[2018.12.18-10.54.48:573][  0]LogInit: Using OS detected locale (en-SE).
[2018.12.18-10.54.48:575][  0]LogTextLocalizationManager: No specific localization for 'en-US' exists, so the 'en' localization will be used.
[2018.12.18-10.54.48:916][  0]LogStreaming: Display: Took  0.343s to InitEngineTextLocalization.
[2018.12.18-10.54.48:916][  0]LogInit: Setting process to per monitor DPI aware
[2018.12.18-10.54.48:973][  0]LogSlate: New Slate User Created.  User Index 0, Is Virtual User: 0
[2018.12.18-10.54.48:973][  0]LogSlate: Slate User Registered.  User Index 0, Is Virtual User: 0
[2018.12.18-10.54.49:237][  0]LogHMD: Failed to initialize OpenVR with code 110
[2018.12.18-10.54.49:237][  0]LogD3D11RHI: D3D11 adapters:
[2018.12.18-10.54.49:347][  0]LogD3D11RHI:    0. 'NVIDIA GeForce GTX 1060 6GB' (Feature Level 11_0)
[2018.12.18-10.54.49:347][  0]LogD3D11RHI:       6052/0/8157 MB DedicatedVideo/DedicatedSystem/SharedSystem, Outputs:2, VendorId:0x10de
[2018.12.18-10.54.49:355][  0]LogD3D11RHI:    1. 'Microsoft Basic Render Driver' (Feature Level 11_0)
[2018.12.18-10.54.49:355][  0]LogD3D11RHI:       0/0/8157 MB DedicatedVideo/DedicatedSystem/SharedSystem, Outputs:0, VendorId:0x1414
[2018.12.18-10.54.49:355][  0]LogD3D11RHI: Chosen D3D11 Adapter: 0
[2018.12.18-10.54.49:362][  0]LogD3D11RHI: Creating new Direct3DDevice
[2018.12.18-10.54.49:362][  0]LogD3D11RHI:     GPU DeviceId: 0x1c03 (for the marketing name, search the web for "GPU Device Id")
[2018.12.18-10.54.49:362][  0]LogWindows: EnumDisplayDevices:
[2018.12.18-10.54.49:362][  0]LogWindows:    0. 'NVIDIA GeForce GTX 1060 6GB' (P:0 D:1)
[2018.12.18-10.54.49:362][  0]LogWindows:    1. 'NVIDIA GeForce GTX 1060 6GB' (P:1 D:1)
[2018.12.18-10.54.49:363][  0]LogWindows:    2. 'NVIDIA GeForce GTX 1060 6GB' (P:0 D:0)
[2018.12.18-10.54.49:363][  0]LogWindows:    3. 'NVIDIA GeForce GTX 1060 6GB' (P:0 D:0)
[2018.12.18-10.54.49:363][  0]LogWindows: DebugString: FoundDriverCount:4 
[2018.12.18-10.54.49:363][  0]LogD3D11RHI:     Adapter Name: NVIDIA GeForce GTX 1060 6GB
[2018.12.18-10.54.49:363][  0]LogD3D11RHI:   Driver Version: 417.22 (internal:25.21.14.1722, unified:417.22)
[2018.12.18-10.54.49:363][  0]LogD3D11RHI:      Driver Date: 11-29-2018
[2018.12.18-10.54.49:363][  0]LogRHI: Texture pool is 4236 MB (70% of 6052 MB)
[2018.12.18-10.54.49:405][  0]LogD3D11RHI: Async texture creation enabled
[2018.12.18-10.54.49:440][  0]LogD3D11RHI: GPU Timing Frequency: 1000.000000 (Debug: 2 2)
[2018.12.18-10.54.49:783][  0]LogTemp: Display: Loaded TP AllDesktopTargetPlatform
[2018.12.18-10.54.49:800][  0]LogTemp: Display: Loaded TP MacClientTargetPlatform
[2018.12.18-10.54.49:815][  0]LogTemp: Display: Loaded TP MacNoEditorTargetPlatform
[2018.12.18-10.54.49:830][  0]LogTemp: Display: Loaded TP MacServerTargetPlatform
[2018.12.18-10.54.49:846][  0]LogTemp: Display: Loaded TP MacTargetPlatform
[2018.12.18-10.54.49:861][  0]LogTemp: Display: Loaded TP WindowsClientTargetPlatform
[2018.12.18-10.54.49:877][  0]LogTemp: Display: Loaded TP WindowsNoEditorTargetPlatform
[2018.12.18-10.54.49:893][  0]LogTemp: Display: Loaded TP WindowsServerTargetPlatform
[2018.12.18-10.54.49:902][  0]LogTemp: Display: Loaded TP WindowsTargetPlatform
[2018.12.18-10.54.49:965][  0]LogTemp: Display: Loaded TP AndroidTargetPlatform
[2018.12.18-10.54.49:965][  0]LogTemp: Display: Loaded TP AndroidTargetPlatform
[2018.12.18-10.54.49:965][  0]LogTemp: Display: Loaded TP AndroidTargetPlatform
[2018.12.18-10.54.49:965][  0]LogTemp: Display: Loaded TP AndroidTargetPlatform
[2018.12.18-10.54.49:965][  0]LogTemp: Display: Loaded TP AndroidTargetPlatform
[2018.12.18-10.54.49:965][  0]LogTemp: Display: Loaded TP AndroidTargetPlatform
[2018.12.18-10.54.49:965][  0]LogTemp: Display: Loaded TP AndroidTargetPlatform
[2018.12.18-10.54.49:965][  0]LogTemp: Display: Loaded TP AndroidTargetPlatform
[2018.12.18-10.54.49:965][  0]LogTemp: Display: Loaded TP AndroidTargetPlatform
[2018.12.18-10.54.49:965][  0]LogTemp: Display: Loaded TP AndroidTargetPlatform
[2018.12.18-10.54.49:965][  0]LogTemp: Display: Loaded TP AndroidTargetPlatform
[2018.12.18-10.54.49:965][  0]LogTemp: Display: Loaded TP AndroidTargetPlatform
[2018.12.18-10.54.49:965][  0]LogTemp: Display: Loaded TP AndroidTargetPlatform
[2018.12.18-10.54.49:965][  0]LogTemp: Display: Loaded TP AndroidTargetPlatform
[2018.12.18-10.54.49:965][  0]LogTemp: Display: Loaded TP AndroidTargetPlatform
[2018.12.18-10.54.49:965][  0]LogTemp: Display: Loaded TP AndroidTargetPlatform
[2018.12.18-10.54.49:965][  0]LogTemp: Display: Loaded TP AndroidTargetPlatform
[2018.12.18-10.54.49:965][  0]LogTemp: Display: Loaded TP AndroidTargetPlatform
[2018.12.18-10.54.49:969][  0]LogTemp: Display: Loaded TP HTML5TargetPlatform
[2018.12.18-10.54.50:038][  0]LogTemp: Display: Loaded TP IOSTargetPlatform
[2018.12.18-10.54.50:038][  0]LogTemp: Display: Loaded TP IOSTargetPlatform
[2018.12.18-10.54.50:060][  0]LogTemp: Display: Loaded TP TVOSTargetPlatform
[2018.12.18-10.54.50:060][  0]LogTemp: Display: Loaded TP TVOSTargetPlatform
[2018.12.18-10.54.50:073][  0]LogTemp: Display: Loaded TP LinuxClientTargetPlatform
[2018.12.18-10.54.50:087][  0]LogTemp: Display: Loaded TP LinuxNoEditorTargetPlatform
[2018.12.18-10.54.50:100][  0]LogTemp: Display: Loaded TP LinuxServerTargetPlatform
[2018.12.18-10.54.50:114][  0]LogTemp: Display: Loaded TP LinuxTargetPlatform
[2018.12.18-10.54.50:155][  0]LogTemp: Display: Loaded TP LuminTargetPlatform
[2018.12.18-10.54.50:155][  0]LogTemp: Display: Loaded TP LuminTargetPlatform
[2018.12.18-10.54.50:155][  0]LogTargetPlatformManager: Display: Building Assets For Windows
[2018.12.18-10.54.50:293][  0]LogShaderCompilers: Guid format shader working directory is 22 characters bigger than the processId version (../../../../../../Git/FGFPSAssignment/Intermediate/Shaders/WorkingDirectory/6920/).
[2018.12.18-10.54.50:293][  0]LogShaderCompilers: Cleaned the shader compiler working directory 'C:/Users/sebastian.tryscien/AppData/Local/Temp/UnrealShaderWorkingDir/4C8AA25F44C56DBF3F8338B2B7139098/'.
[2018.12.18-10.54.50:294][  0]LogXGEController: Cleaning working directory: C:/Users/sebastian.tryscien/AppData/Local/Temp/UnrealXGEWorkingDir/
[2018.12.18-10.54.50:294][  0]LogXGEController: Cannot use XGE Controller as Incredibuild is not installed on this machine.
[2018.12.18-10.54.50:295][  0]LogShaderCompilers: Cannot use XGE Shader Compiler as Incredibuild is not installed on this machine.
[2018.12.18-10.54.50:295][  0]LogShaderCompilers: Display: Using Local Shader Compiler.
[2018.12.18-10.54.50:787][  0]LogDerivedDataCache: Display: Max Cache Size: 512 MB
[2018.12.18-10.54.50:841][  0]LogDerivedDataCache: Loaded boot cache 0.05s 71MB C:/Users/sebastian.tryscien/AppData/Local/UnrealEngine/4.21/DerivedDataCache/Boot.ddc.
[2018.12.18-10.54.50:841][  0]LogDerivedDataCache: Display: Loaded Boot cache: C:/Users/sebastian.tryscien/AppData/Local/UnrealEngine/4.21/DerivedDataCache/Boot.ddc
[2018.12.18-10.54.50:841][  0]LogDerivedDataCache: FDerivedDataBackendGraph:  Pak pak cache file ../../../../../../Git/FGFPSAssignment/DerivedDataCache/DDC.ddp not found, will not use a pak cache.
[2018.12.18-10.54.50:841][  0]LogDerivedDataCache: Unable to find inner node Pak for hierarchical cache Hierarchy.
[2018.12.18-10.54.50:841][  0]LogDerivedDataCache: FDerivedDataBackendGraph:  CompressedPak pak cache file ../../../../../../Git/FGFPSAssignment/DerivedDataCache/Compressed.ddp not found, will not use a pak cache.
[2018.12.18-10.54.50:841][  0]LogDerivedDataCache: Unable to find inner node CompressedPak for hierarchical cache Hierarchy.
[2018.12.18-10.54.50:853][  0]LogDerivedDataCache: Display: Pak cache opened for reading ../../../Engine/DerivedDataCache/Compressed.ddp.
[2018.12.18-10.54.50:853][  0]LogDerivedDataCache: FDerivedDataBackendGraph:  EnterprisePak pak cache file ../../../Enterprise/DerivedDataCache/Compressed.ddp not found, will not use a pak cache.
[2018.12.18-10.54.50:853][  0]LogDerivedDataCache: Unable to find inner node EnterprisePak for hierarchical cache Hierarchy.
[2018.12.18-10.54.50:866][  0]LogDerivedDataCache: Using Local data cache path C:/Users/sebastian.tryscien/AppData/Local/UnrealEngine/Common/DerivedDataCache: Writable
[2018.12.18-10.54.50:866][  0]LogDerivedDataCache: Shared data cache path not found in *engine.ini, will not use an Shared cache.
[2018.12.18-10.54.50:866][  0]LogDerivedDataCache: Unable to find inner node Shared for hierarchical cache Hierarchy.
[2018.12.18-10.54.50:885][  0]LogMaterial: Verifying Global Shaders for PCD3D_SM5
[2018.12.18-10.54.50:887][  0]LogSlate: Using FreeType 2.6.0
[2018.12.18-10.54.50:887][  0]LogSlate: SlateFontServices - WITH_FREETYPE: 1, WITH_HARFBUZZ: 1
[2018.12.18-10.54.50:978][  0]LogAssetRegistry: FAssetRegistry took 0.0341 seconds to start up
[2018.12.18-10.54.51:148][  0]LogCollisionProfile: Warning: Profile (Trigger) - Custom Channel Name = 'Projectile' hasn't been found
[2018.12.18-10.54.51:148][  0]LogCollisionProfile: Warning: Profile (Interaction) - Custom Channel Name = 'Projectile' hasn't been found
[2018.12.18-10.54.51:248][  0]LogInit: Selected Device Profile: [Windows]
[2018.12.18-10.54.51:430][  0]LogSimplygon: Simplygon DLL not present - disabling.
[2018.12.18-10.54.51:447][  0]LogMeshReduction: Using SimplygonSwarm for distributed automatic mesh merging
[2018.12.18-10.54.51:447][  0]LogMeshReduction: Using ProxyLODMeshReduction for automatic mesh merging
[2018.12.18-10.54.51:447][  0]LogMeshReduction: Using QuadricMeshReduction for automatic static mesh reduction
[2018.12.18-10.54.51:447][  0]LogMeshReduction: No automatic skeletal mesh reduction module available
[2018.12.18-10.54.51:461][  0]LogNetVersion: FGFPS 1.0.0, NetCL: 4541578, EngineNetVer: 5, GameNetVer: 0 (Checksum: 2703805849)
[2018.12.18-10.54.52:059][  0]LogPackageLocalizationCache: Processed 11 localized package path(s) for 2 prioritized culture(s) in 0.100730 seconds
[2018.12.18-10.54.52:066][  0]LogUObjectArray: 39775 objects as part of root set at end of initial load.
[2018.12.18-10.54.52:066][  0]LogUObjectAllocator: 6914656 out of 0 bytes used by permanent object pool.
[2018.12.18-10.54.52:066][  0]LogUObjectArray: CloseDisregardForGC: 0/0 objects in disregard for GC pool
[2018.12.18-10.54.53:199][  0]LogTcpMessaging: Initializing TcpMessaging bridge
[2018.12.18-10.54.53:230][  0]LogUdpMessaging: Initializing bridge on interface 0.0.0.0:0 to multicast group 230.0.0.1:6666.
[2018.12.18-10.54.54:130][  0]SourceControl: Source control is disabled
[2018.12.18-10.54.54:130][  0]SourceControl: Source control is disabled
[2018.12.18-10.54.54:141][  0]SourceControl: Source control is disabled
[2018.12.18-10.54.54:146][  0]SourceControl: Source control is disabled
[2018.12.18-10.54.54:513][  0]LogAndroidPermission: UAndroidPermissionCallbackProxy::GetInstance
[2018.12.18-10.54.54:720][  0]LogOcInput: OculusInput pre-init called
[2018.12.18-10.54.54:879][  0]LogEngine: Initializing Engine...
[2018.12.18-10.54.54:879][  0]LogHMD: Failed to initialize OpenVR with code 110
[2018.12.18-10.54.54:881][  0]LogStats: UGameplayTagsManager::ConstructGameplayTagTree: ImportINI prefixes -  0.000 s
[2018.12.18-10.54.54:881][  0]LogStats: UGameplayTagsManager::ConstructGameplayTagTree: Construct from data asset -  0.000 s
[2018.12.18-10.54.54:881][  0]LogStats: UGameplayTagsManager::ConstructGameplayTagTree: ImportINI -  0.000 s
[2018.12.18-10.54.54:881][  0]LogStats: UGameplayTagsManager::ConstructGameplayTagTree: GameplayTagTreeChangedEvent.Broadcast -  0.000 s
[2018.12.18-10.54.55:169][  0]LogInit: Initializing FReadOnlyCVARCache
[2018.12.18-10.54.55:183][  0]LogAIModule: Creating AISystem for world Untitled
[2018.12.18-10.54.55:217][  0]LogInit: XAudio2 using 'Speakers (Realtek High Definition Audio)' : 6 channels at 48 kHz using 32 bits per sample (channel mask 0x3f)
[2018.12.18-10.54.55:240][  0]LogInit: FAudioDevice initialized.
[2018.12.18-10.54.55:241][  0]LogNetVersion: Set ProjectVersion to 1.0.0.0. Version Checksum will be recalculated on next use.
[2018.12.18-10.54.55:342][  0]LogDerivedDataCache: Saved boot cache 0.10s 71MB C:/Users/sebastian.tryscien/AppData/Local/UnrealEngine/4.21/DerivedDataCache/Boot.ddc.
[2018.12.18-10.54.55:345][  0]LogInit: Texture streaming: Enabled
[2018.12.18-10.54.55:376][  0]LogEngineSessionManager: EngineSessionManager initialized
[2018.12.18-10.54.55:376][  0]LogEngineSessionManager: EngineSessionManager sent abnormal shutdown report. Type=Debugger, SessionId={42E2891C-48E2-3582-CFC3-C2B88B7B68ED}
[2018.12.18-10.54.55:388][  0]LogInit: Transaction tracking system initialized
[2018.12.18-10.54.55:432][  0]BlueprintLog: New page: Editor Load
[2018.12.18-10.54.55:600][  0]LocalizationService: Localization service is disabled
[2018.12.18-10.54.55:894][  0]LogLinker: Warning: Can't find file '/Game/VehicleCPP/VehicleOverview'
[2018.12.18-10.54.55:894][  0]LogLinker: Warning: Can't find file '/Game/VehicleCPP/VehicleOverview'
[2018.12.18-10.54.55:894][  0]LogUObjectGlobals: Warning: Failed to find object 'Class /Game/VehicleCPP/VehicleOverview.VehicleOverview_C'
[2018.12.18-10.54.56:123][  0]LogFileCache: Scanning file cache for directory 'D:/Git/FGFPSAssignment/Content/' took 0.02s
[2018.12.18-10.54.56:123][  0]LogCook: Display: Max memory allowance for cook 16384mb min free memory 0mb
[2018.12.18-10.54.56:123][  0]LogCook: Display: Mobile HDR setting 1
[2018.12.18-10.54.56:123][  0]LogGameplayTags: Display: UGameplayTagsManager::DoneAddingNativeTags. DelegateIsBound: 0
[2018.12.18-10.54.56:123][  0]LogStats: UGameplayTagsManager::ConstructGameplayTagTree: ImportINI prefixes -  0.000 s
[2018.12.18-10.54.56:123][  0]LogStats: UGameplayTagsManager::ConstructGameplayTagTree: Construct from data asset -  0.000 s
[2018.12.18-10.54.56:123][  0]LogStats: UGameplayTagsManager::ConstructGameplayTagTree: ImportINI -  0.000 s
[2018.12.18-10.54.56:124][  0]LogStats: UGameplayTagsManager::ConstructGameplayTagTree: GameplayTagTreeChangedEvent.Broadcast -  0.000 s
[2018.12.18-10.54.56:401][  0]SourceControl: Source control is disabled
[2018.12.18-10.54.56:401][  0]Cmd: MAP LOAD FILE="../../../../../../Git/FGFPSAssignment/Content/Maps/FirstPersonExampleMap.umap" TEMPLATE=0 SHOWPROGRESS=1 FEATURELEVEL=3
[2018.12.18-10.54.56:401][  0]LightingResults: New page: Lighting Build
[2018.12.18-10.54.56:404][  0]MapCheck: New page: Map Check
[2018.12.18-10.54.56:404][  0]LightingResults: New page: Lighting Build
[2018.12.18-10.54.56:527][  0]LogBlueprint: Warning: [Compiler Ue4ASP_Character] InputAction Event references unknown Action 'Crouch' for  InputAction Crouch
[2018.12.18-10.54.56:535][  0]LogBlueprint: Warning: [Compiler Ue4ASP_Character] [0010.21] Compile of Ue4ASP_Character successful, but with 1 Warning(s) [in 30 ms] (/Game/AnimStarterPack/Ue4ASP_Character.Ue4ASP_Character)
[2018.12.18-10.54.57:267][  0]LogAIModule: Creating AISystem for world FirstPersonExampleMap
[2018.12.18-10.54.57:306][  0]LogEditorServer: Finished looking for orphan Actors (0.000 secs)
[2018.12.18-10.54.57:411][  0]Cmd: MAP CHECKDEP NOCLEARLOG
[2018.12.18-10.54.57:411][  0]MapCheck: Map check complete: 0 Error(s), 0 Warning(s), took 0.094ms to complete.
[2018.12.18-10.54.57:411][  0]LogFileHelpers: Loading map 'FirstPersonExampleMap' took 1.010
[2018.12.18-10.54.57:524][  0]LogSlate: Updating window title bar state: overlay mode, drag disabled, window buttons hidden, title bar hidden
[2018.12.18-10.54.57:530][  0]LogSlate: Updating window title bar state: overlay mode, drag disabled, window buttons hidden, title bar hidden
[2018.12.18-10.54.57:536][  0]LogSlate: Updating window title bar state: overlay mode, drag disabled, window buttons hidden, title bar hidden
[2018.12.18-10.54.57:541][  0]LogSlate: Updating window title bar state: overlay mode, drag disabled, window buttons hidden, title bar hidden
[2018.12.18-10.54.57:551][  0]LogCollectionManager: Loaded 0 collections in 0.001156 seconds
[2018.12.18-10.54.57:602][  0]LogFileCache: Scanning file cache for directory 'D:/Git/FGFPSAssignment/Saved/Collections/' took 0.01s
[2018.12.18-10.54.57:603][  0]LogFileCache: Scanning file cache for directory 'D:/Git/FGFPSAssignment/Content/Developers/sebastiantryscien/Collections/' took 0.02s
[2018.12.18-10.54.57:603][  0]LogFileCache: Scanning file cache for directory 'D:/Git/FGFPSAssignment/Content/Collections/' took 0.01s
[2018.12.18-10.54.57:603][  0]LogCollectionManager: Rebuilt the GUID cache for 0 collections in 0.000000 seconds
[2018.12.18-10.54.57:611][  0]LogContentBrowser: Native class hierarchy populated in 0.0081 seconds. Added 2667 classes and 630 folders.
[2018.12.18-10.54.57:617][  0]LogContentBrowser: Native class hierarchy updated for 'WidgetCarousel' in 0.0005 seconds. Added 0 classes and 0 folders.
[2018.12.18-10.54.57:618][  0]LogPakFile: Registered encryption key '00000000000000000000000000000000': 0 pak files mounted, 0 remain pending
[2018.12.18-10.54.57:619][  0]LogPakFile: Registered encryption key '00000000000000000000000000000000': 0 pak files mounted, 0 remain pending
[2018.12.18-10.54.57:620][  0]LogPakFile: Registered encryption key '00000000000000000000000000000000': 0 pak files mounted, 0 remain pending
[2018.12.18-10.54.57:621][  0]LogPakFile: Registered encryption key '00000000000000000000000000000000': 0 pak files mounted, 0 remain pending
[2018.12.18-10.54.57:622][  0]LogPakFile: Registered encryption key '00000000000000000000000000000000': 0 pak files mounted, 0 remain pending
[2018.12.18-10.54.57:622][  0]LogPakFile: Registered encryption key '00000000000000000000000000000000': 0 pak files mounted, 0 remain pending
[2018.12.18-10.54.57:623][  0]LogPakFile: Registered encryption key '00000000000000000000000000000000': 0 pak files mounted, 0 remain pending
[2018.12.18-10.54.57:624][  0]LogPakFile: Registered encryption key '00000000000000000000000000000000': 0 pak files mounted, 0 remain pending
[2018.12.18-10.54.57:624][  0]LogPakFile: Registered encryption key '00000000000000000000000000000000': 0 pak files mounted, 0 remain pending
[2018.12.18-10.54.57:625][  0]LogPakFile: Registered encryption key '00000000000000000000000000000000': 0 pak files mounted, 0 remain pending
[2018.12.18-10.54.57:626][  0]LogPakFile: Registered encryption key '00000000000000000000000000000000': 0 pak files mounted, 0 remain pending
[2018.12.18-10.54.57:626][  0]LogPakFile: Registered encryption key '00000000000000000000000000000000': 0 pak files mounted, 0 remain pending
[2018.12.18-10.54.57:627][  0]LogPakFile: Registered encryption key '00000000000000000000000000000000': 0 pak files mounted, 0 remain pending
[2018.12.18-10.54.57:628][  0]LogPakFile: Registered encryption key '00000000000000000000000000000000': 0 pak files mounted, 0 remain pending
[2018.12.18-10.54.57:628][  0]LogPakFile: Registered encryption key '00000000000000000000000000000000': 0 pak files mounted, 0 remain pending
[2018.12.18-10.54.57:629][  0]LogPakFile: Registered encryption key '00000000000000000000000000000000': 0 pak files mounted, 0 remain pending
[2018.12.18-10.54.57:629][  0]LogPakFile: Registered encryption key '00000000000000000000000000000000': 0 pak files mounted, 0 remain pending
[2018.12.18-10.54.57:630][  0]LogPakFile: Registered encryption key '00000000000000000000000000000000': 0 pak files mounted, 0 remain pending
[2018.12.18-10.54.57:631][  0]LogPakFile: Registered encryption key '00000000000000000000000000000000': 0 pak files mounted, 0 remain pending
[2018.12.18-10.54.57:631][  0]LogPakFile: Registered encryption key '00000000000000000000000000000000': 0 pak files mounted, 0 remain pending
[2018.12.18-10.54.57:632][  0]LogPakFile: Registered encryption key '00000000000000000000000000000000': 0 pak files mounted, 0 remain pending
[2018.12.18-10.54.57:633][  0]LogPakFile: Registered encryption key '00000000000000000000000000000000': 0 pak files mounted, 0 remain pending
[2018.12.18-10.54.57:634][  0]LogPakFile: Registered encryption key '00000000000000000000000000000000': 0 pak files mounted, 0 remain pending
[2018.12.18-10.54.57:636][  0]LogPakFile: Registered encryption key '00000000000000000000000000000000': 0 pak files mounted, 0 remain pending
[2018.12.18-10.54.57:636][  0]LogPakFile: Registered encryption key '00000000000000000000000000000000': 0 pak files mounted, 0 remain pending
[2018.12.18-10.54.57:637][  0]LogPakFile: Registered encryption key '00000000000000000000000000000000': 0 pak files mounted, 0 remain pending
[2018.12.18-10.54.57:681][  0]LogContentBrowser: Native class hierarchy updated for 'AddContentDialog' in 0.0005 seconds. Added 0 classes and 0 folders.
[2018.12.18-10.54.57:694][  0]LogContentBrowser: Native class hierarchy updated for 'SceneOutliner' in 0.0005 seconds. Added 1 classes and 2 folders.
[2018.12.18-10.54.57:770][  0]LogSlate: Took 0.000176 seconds to synchronously load lazily loaded font '../../../Engine/Content/Slate/Fonts/Roboto-Regular.ttf' (155K)
[2018.12.18-10.54.57:772][  0]LogSlate: Took 0.000189 seconds to synchronously load lazily loaded font '../../../Engine/Content/Slate/Fonts/Roboto-Bold.ttf' (160K)
[2018.12.18-10.54.57:781][  0]LogSlate: Took 0.000178 seconds to synchronously load lazily loaded font '../../../Engine/Content/Editor/Slate/Fonts/FontAwesome.ttf' (139K)
[2018.12.18-10.54.57:855][  0]LogRenderer: Reallocating scene render targets to support 1208x576 Format 10 NumSamples 1 (Frame:1).
[2018.12.18-10.54.58:035][  0]LogContentBrowser: Native class hierarchy updated for 'HierarchicalLODOutliner' in 0.0007 seconds. Added 0 classes and 0 folders.
[2018.12.18-10.54.58:036][  0]LogLoad: (Engine Initialization) Total time: 11.71 seconds
[2018.12.18-10.54.58:036][  0]LogLoad: (Engine Initialization) Total Blueprint compile time: 0.00 seconds
[2018.12.18-10.54.58:046][  0]LogWindowsTextInputMethodSystem: Display: IME system now deactivated.
[2018.12.18-10.54.58:089][  0]LogContentStreaming: Texture pool size now 1000 MB
[2018.12.18-10.54.58:098][  0]LogSlate: Took 0.000216 seconds to synchronously load lazily loaded font '../../../Engine/Content/Slate/Fonts/Roboto-Light.ttf' (167K)
[2018.12.18-10.55.09:010][206]LogSlate: FSceneViewport::OnFocusLost() reason 0
[2018.12.18-10.55.09:229][231]LogAssetRegistry: Asset discovery search completed in 18.2767 seconds
[2018.12.18-10.55.09:231][231]LogCollectionManager: Rebuilt the object cache for 0 collections in 0.000000 seconds (found 0 objects)
[2018.12.18-10.55.09:231][231]LogCollectionManager: Fixed up redirectors for 0 collections in 0.000144 seconds (updated 0 objects)
